<?xml version="1.0" encoding="UTF-8"?>
<!-- Generated by org.testng.reporters.JUnitXMLReporter -->
<testsuite hostname="baclark77-mac1.home" name="All Web Tests(failed)(failed)(failed)" tests="4" failures="3" timestamp="31 Jan 2014 02:40:05 GMT" time="314.178" errors="0">
  <testcase name="CreateConfigureAndValidatePermissionsEditor_Test" time="69.511" classname="com.nbcuni.test.publisher.tests.UserCreationAndManagement.Permissions.CreateConfigureAndValidatePermissionsEditor">
    <failure type="java.lang.AssertionError" message="unknown error: Element is not clickable at point (330, 869). Other element would receive the click: &amp;lt;div class=&amp;quot;my-sticky-element form-actions form-wrapper&amp;quot; id=&amp;quot;edit-actions&amp;quot; style=&amp;quot;width: 874px;&amp;quot;&amp;gt;...&amp;lt;/div&amp;gt;
  (Session info: chrome=32.0.1700.102)
  (Driver info: chromedriver=2.8.241036,platform=Mac OS X 10.8.5 x86_64) (WARNING: The server did not provide any stacktrace information)
Command duration or timeout: 30 milliseconds
Build info: version: &amp;apos;2.35.0&amp;apos;, revision: &amp;apos;8df0c6bedf70ff9f22c647788f9fe9c8d22210e2&amp;apos;, time: &amp;apos;2013-08-17 12:46:41&amp;apos;
System info: os.name: &amp;apos;Mac OS X&amp;apos;, os.arch: &amp;apos;x86_64&amp;apos;, os.version: &amp;apos;10.8.5&amp;apos;, java.version: &amp;apos;1.6.0_65&amp;apos;
Session ID: 5c972fc44f9c9cd3f4d3d2515dea550f
Driver info: org.openqa.selenium.chrome.ChromeDriver
Capabilities [{platform=MAC, acceptSslCerts=true, javascriptEnabled=true, browserName=chrome, chrome={userDataDir=/var/folders/33/xf0ch4pd75qbhlq2gf2s58l40000gn/T/.org.chromium.Chromium.jAkm3O}, rotatable=false, locationContextEnabled=true, version=32.0.1700.102, takesHeapSnapshot=true, cssSelectorsEnabled=true, databaseEnabled=false, handlesAlerts=true, browserConnectionEnabled=false, webStorageEnabled=true, nativeEvents=true, applicationCacheEnabled=false, takesScreenshot=true}]
Command duration or timeout: 897 milliseconds
Build info: version: &amp;apos;2.35.0&amp;apos;, revision: &amp;apos;8df0c6bedf70ff9f22c647788f9fe9c8d22210e2&amp;apos;, time: &amp;apos;2013-08-17 12:46:41&amp;apos;
System info: os.name: &amp;apos;Mac OS X&amp;apos;, os.arch: &amp;apos;x86_64&amp;apos;, os.version: &amp;apos;10.8.5&amp;apos;, java.version: &amp;apos;1.6.0_65&amp;apos;
Session ID: 3eac2eb0-7ac0-4ce1-9190-46b35672168f
Driver info: com.nbcuni.test.webdriver.CustomWebDriver
Capabilities [{platform=MAC, acceptSslCerts=true, javascriptEnabled=true, browserName=chrome, chrome={userDataDir=/var/folders/33/xf0ch4pd75qbhlq2gf2s58l40000gn/T/.org.chromium.Chromium.jAkm3O}, rotatable=false, locationContextEnabled=true, webdriver.remote.sessionid=3eac2eb0-7ac0-4ce1-9190-46b35672168f, version=32.0.1700.102, takesHeapSnapshot=true, cssSelectorsEnabled=true, databaseEnabled=false, handlesAlerts=true, browserConnectionEnabled=false, webStorageEnabled=true, nativeEvents=true, applicationCacheEnabled=false, takesScreenshot=true}]">
      <![CDATA[java.lang.AssertionError: unknown error: Element is not clickable at point (330, 869). Other element would receive the click: <div class="my-sticky-element form-actions form-wrapper" id="edit-actions" style="width: 874px;">...</div>
  (Session info: chrome=32.0.1700.102)
  (Driver info: chromedriver=2.8.241036,platform=Mac OS X 10.8.5 x86_64) (WARNING: The server did not provide any stacktrace information)
Command duration or timeout: 30 milliseconds
Build info: version: '2.35.0', revision: '8df0c6bedf70ff9f22c647788f9fe9c8d22210e2', time: '2013-08-17 12:46:41'
System info: os.name: 'Mac OS X', os.arch: 'x86_64', os.version: '10.8.5', java.version: '1.6.0_65'
Session ID: 5c972fc44f9c9cd3f4d3d2515dea550f
Driver info: org.openqa.selenium.chrome.ChromeDriver
Capabilities [{platform=MAC, acceptSslCerts=true, javascriptEnabled=true, browserName=chrome, chrome={userDataDir=/var/folders/33/xf0ch4pd75qbhlq2gf2s58l40000gn/T/.org.chromium.Chromium.jAkm3O}, rotatable=false, locationContextEnabled=true, version=32.0.1700.102, takesHeapSnapshot=true, cssSelectorsEnabled=true, databaseEnabled=false, handlesAlerts=true, browserConnectionEnabled=false, webStorageEnabled=true, nativeEvents=true, applicationCacheEnabled=false, takesScreenshot=true}]
Command duration or timeout: 897 milliseconds
Build info: version: '2.35.0', revision: '8df0c6bedf70ff9f22c647788f9fe9c8d22210e2', time: '2013-08-17 12:46:41'
System info: os.name: 'Mac OS X', os.arch: 'x86_64', os.version: '10.8.5', java.version: '1.6.0_65'
Session ID: 3eac2eb0-7ac0-4ce1-9190-46b35672168f
Driver info: com.nbcuni.test.webdriver.CustomWebDriver
Capabilities [{platform=MAC, acceptSslCerts=true, javascriptEnabled=true, browserName=chrome, chrome={userDataDir=/var/folders/33/xf0ch4pd75qbhlq2gf2s58l40000gn/T/.org.chromium.Chromium.jAkm3O}, rotatable=false, locationContextEnabled=true, webdriver.remote.sessionid=3eac2eb0-7ac0-4ce1-9190-46b35672168f, version=32.0.1700.102, takesHeapSnapshot=true, cssSelectorsEnabled=true, databaseEnabled=false, handlesAlerts=true, browserConnectionEnabled=false, webStorageEnabled=true, nativeEvents=true, applicationCacheEnabled=false, takesScreenshot=true}]
	at com.nbcuni.test.webdriver.CustomWebDriver.click(CustomWebDriver.java:199)
	at com.nbcuni.test.publisher.pageobjects.content.BasicInformation.ClickCoverSelectBtn(BasicInformation.java:85)
	at com.nbcuni.test.publisher.pageobjects.content.CreateDefaultContent.Post(CreateDefaultContent.java:62)
	at com.nbcuni.test.publisher.tests.UserCreationAndManagement.Permissions.CreateConfigureAndValidatePermissionsEditor.CreateConfigureAndValidatePermissionsEditor_Test(CreateConfigureAndValidatePermissionsEditor.java:125)
	at java.util.concurrent.ThreadPoolExecutor$Worker.runTask(ThreadPoolExecutor.java:895)
	at java.util.concurrent.ThreadPoolExecutor$Worker.run(ThreadPoolExecutor.java:918)
	at java.lang.Thread.run(Thread.java:695)
... Removed 11 stack frames]]>
    </failure>
  </testcase> <!-- CreateConfigureAndValidatePermissionsEditor_Test -->
  <testcase name="CastCrewFieldCollectionsVerificationTVEpisode_Test" time="109.729" classname="com.nbcuni.test.publisher.tests.ContentEntityCreationManagement.ContentandEntityRelationships.CastCrewFieldCollectionsVerification_TVEpisode"/>
  <testcase name="CastCrewFieldCollectionsVerificationMovie_Test" time="103.405" classname="com.nbcuni.test.publisher.tests.ContentEntityCreationManagement.ContentandEntityRelationships.CastCrewFieldCollectionsVerification_Movie">
    <failure type="java.lang.AssertionError" message="expected [Character] but found []">
      <![CDATA[java.lang.AssertionError: expected [Character] but found []
	at com.nbcuni.test.publisher.pageobjects.content.CastCrew.VerifyRoleValue(CastCrew.java:131)
	at com.nbcuni.test.publisher.tests.ContentEntityCreationManagement.ContentandEntityRelationships.CastCrewFieldCollectionsVerification_Movie.CastCrewFieldCollectionsVerificationMovie_Test(CastCrewFieldCollectionsVerification_Movie.java:207)
	at java.util.concurrent.ThreadPoolExecutor$Worker.runTask(ThreadPoolExecutor.java:895)
	at java.util.concurrent.ThreadPoolExecutor$Worker.run(ThreadPoolExecutor.java:918)
	at java.lang.Thread.run(Thread.java:695)
... Removed 15 stack frames]]>
    </failure>
  </testcase> <!-- CastCrewFieldCollectionsVerificationMovie_Test -->
  <testcase name="EXIFKeywordsIngestedPhraseInsteadSetsWords_Test" time="9.605" classname="com.nbcuni.test.publisher.tests.ContentEntityCreationManagement.Images.EXIFKeywordsIngestedAsPhraseInsteadSetsWords.EXIFKeywordsIngestedPhraseInsteadSetsWords">
    <failure type="org.openqa.selenium.WebDriverException" message="chrome not reachable
  (Session info: chrome=32.0.1700.102)
  (Driver info: chromedriver=2.8.241036,platform=Mac OS X 10.8.5 x86_64) (WARNING: The server did not provide any stacktrace information)
Command duration or timeout: 2 milliseconds
Build info: version: &amp;apos;2.35.0&amp;apos;, revision: &amp;apos;8df0c6bedf70ff9f22c647788f9fe9c8d22210e2&amp;apos;, time: &amp;apos;2013-08-17 12:46:41&amp;apos;
System info: os.name: &amp;apos;Mac OS X&amp;apos;, os.arch: &amp;apos;x86_64&amp;apos;, os.version: &amp;apos;10.8.5&amp;apos;, java.version: &amp;apos;1.6.0_65&amp;apos;
Session ID: d452e938802515f8d0994b7a6d153c5f
Driver info: org.openqa.selenium.chrome.ChromeDriver
Capabilities [{platform=MAC, acceptSslCerts=true, javascriptEnabled=true, browserName=chrome, chrome={userDataDir=/var/folders/33/xf0ch4pd75qbhlq2gf2s58l40000gn/T/.org.chromium.Chromium.1BWL5w}, rotatable=false, locationContextEnabled=true, version=32.0.1700.102, takesHeapSnapshot=true, cssSelectorsEnabled=true, databaseEnabled=false, handlesAlerts=true, browserConnectionEnabled=false, webStorageEnabled=true, nativeEvents=true, applicationCacheEnabled=false, takesScreenshot=true}]
Command duration or timeout: 791 milliseconds
Build info: version: &amp;apos;2.35.0&amp;apos;, revision: &amp;apos;8df0c6bedf70ff9f22c647788f9fe9c8d22210e2&amp;apos;, time: &amp;apos;2013-08-17 12:46:41&amp;apos;
System info: os.name: &amp;apos;Mac OS X&amp;apos;, os.arch: &amp;apos;x86_64&amp;apos;, os.version: &amp;apos;10.8.5&amp;apos;, java.version: &amp;apos;1.6.0_65&amp;apos;
Session ID: 9053725b-e727-4323-9544-b0cac337b4dd
Driver info: com.nbcuni.test.webdriver.CustomWebDriver
Capabilities [{platform=MAC, acceptSslCerts=true, javascriptEnabled=true, browserName=chrome, chrome={userDataDir=/var/folders/33/xf0ch4pd75qbhlq2gf2s58l40000gn/T/.org.chromium.Chromium.1BWL5w}, rotatable=false, locationContextEnabled=true, webdriver.remote.sessionid=9053725b-e727-4323-9544-b0cac337b4dd, version=32.0.1700.102, takesHeapSnapshot=true, cssSelectorsEnabled=true, databaseEnabled=false, handlesAlerts=true, browserConnectionEnabled=false, webStorageEnabled=true, nativeEvents=true, applicationCacheEnabled=false, takesScreenshot=true}]">
      <![CDATA[org.openqa.selenium.WebDriverException: chrome not reachable
  (Session info: chrome=32.0.1700.102)
  (Driver info: chromedriver=2.8.241036,platform=Mac OS X 10.8.5 x86_64) (WARNING: The server did not provide any stacktrace information)
Command duration or timeout: 2 milliseconds
Build info: version: '2.35.0', revision: '8df0c6bedf70ff9f22c647788f9fe9c8d22210e2', time: '2013-08-17 12:46:41'
System info: os.name: 'Mac OS X', os.arch: 'x86_64', os.version: '10.8.5', java.version: '1.6.0_65'
Session ID: d452e938802515f8d0994b7a6d153c5f
Driver info: org.openqa.selenium.chrome.ChromeDriver
Capabilities [{platform=MAC, acceptSslCerts=true, javascriptEnabled=true, browserName=chrome, chrome={userDataDir=/var/folders/33/xf0ch4pd75qbhlq2gf2s58l40000gn/T/.org.chromium.Chromium.1BWL5w}, rotatable=false, locationContextEnabled=true, version=32.0.1700.102, takesHeapSnapshot=true, cssSelectorsEnabled=true, databaseEnabled=false, handlesAlerts=true, browserConnectionEnabled=false, webStorageEnabled=true, nativeEvents=true, applicationCacheEnabled=false, takesScreenshot=true}]
Command duration or timeout: 791 milliseconds
Build info: version: '2.35.0', revision: '8df0c6bedf70ff9f22c647788f9fe9c8d22210e2', time: '2013-08-17 12:46:41'
System info: os.name: 'Mac OS X', os.arch: 'x86_64', os.version: '10.8.5', java.version: '1.6.0_65'
Session ID: 9053725b-e727-4323-9544-b0cac337b4dd
Driver info: com.nbcuni.test.webdriver.CustomWebDriver
Capabilities [{platform=MAC, acceptSslCerts=true, javascriptEnabled=true, browserName=chrome, chrome={userDataDir=/var/folders/33/xf0ch4pd75qbhlq2gf2s58l40000gn/T/.org.chromium.Chromium.1BWL5w}, rotatable=false, locationContextEnabled=true, webdriver.remote.sessionid=9053725b-e727-4323-9544-b0cac337b4dd, version=32.0.1700.102, takesHeapSnapshot=true, cssSelectorsEnabled=true, databaseEnabled=false, handlesAlerts=true, browserConnectionEnabled=false, webStorageEnabled=true, nativeEvents=true, applicationCacheEnabled=false, takesScreenshot=true}]
	at org.openqa.selenium.remote.ErrorHandler.createThrowable(ErrorHandler.java:191)
	at org.openqa.selenium.remote.ErrorHandler.throwIfResponseFailed(ErrorHandler.java:145)
	at org.openqa.selenium.remote.RemoteWebDriver.execute(RemoteWebDriver.java:554)
	at org.openqa.selenium.remote.RemoteWebDriver.findElement(RemoteWebDriver.java:307)
	at org.openqa.selenium.remote.RemoteWebDriver.findElementByXPath(RemoteWebDriver.java:404)
	at org.openqa.selenium.By$ByXPath.findElement(By.java:344)
	at org.openqa.selenium.remote.RemoteWebDriver.findElement(RemoteWebDriver.java:299)
	at com.nbcuni.test.publisher.pageobjects.Overlay.SwitchToActiveFrame(Overlay.java:66)
	at com.nbcuni.test.publisher.tests.ContentEntityCreationManagement.Images.EXIFKeywordsIngestedAsPhraseInsteadSetsWords.EXIFKeywordsIngestedPhraseInsteadSetsWords.EXIFKeywordsIngestedPhraseInsteadSetsWords_Test(EXIFKeywordsIngestedPhraseInsteadSetsWords.java:38)
	at java.util.concurrent.ThreadPoolExecutor$Worker.runTask(ThreadPoolExecutor.java:895)
	at java.util.concurrent.ThreadPoolExecutor$Worker.run(ThreadPoolExecutor.java:918)
	at java.lang.Thread.run(Thread.java:695)
Caused by: org.openqa.selenium.remote.ScreenshotException: Screen shot has been taken
Build info: version: '2.35.0', revision: '8df0c6bedf70ff9f22c647788f9fe9c8d22210e2', time: '2013-08-17 12:46:41'
System info: os.name: 'Mac OS X', os.arch: 'x86_64', os.version: '10.8.5', java.version: '1.6.0_65'
Driver info: driver.version: RemoteWebDriver
	at org.openqa.selenium.remote.ErrorHandler.throwIfResponseFailed(ErrorHandler.java:125)
	... 20 more
Caused by: org.openqa.selenium.WebDriverException: chrome not reachable
  (Session info: chrome=32.0.1700.102)
  (Driver info: chromedriver=2.8.241036,platform=Mac OS X 10.8.5 x86_64) (WARNING: The server did not provide any stacktrace information)
Command duration or timeout: 2 milliseconds
Build info: version: '2.35.0', revision: '8df0c6bedf70ff9f22c647788f9fe9c8d22210e2', time: '2013-08-17 12:46:41'
System info: os.name: 'Mac OS X', os.arch: 'x86_64', os.version: '10.8.5', java.version: '1.6.0_65'
Session ID: d452e938802515f8d0994b7a6d153c5f
Driver info: org.openqa.selenium.chrome.ChromeDriver
Capabilities [{platform=MAC, acceptSslCerts=true, javascriptEnabled=true, browserName=chrome, chrome={userDataDir=/var/folders/33/xf0ch4pd75qbhlq2gf2s58l40000gn/T/.org.chromium.Chromium.1BWL5w}, rotatable=false, locationContextEnabled=true, version=32.0.1700.102, takesHeapSnapshot=true, cssSelectorsEnabled=true, databaseEnabled=false, handlesAlerts=true, browserConnectionEnabled=false, webStorageEnabled=true, nativeEvents=true, applicationCacheEnabled=false, takesScreenshot=true}]
Build info: version: '2.35.0', revision: '8df0c6bedf70ff9f22c647788f9fe9c8d22210e2', time: '2013-08-17 12:46:41'
System info: os.name: 'Mac OS X', os.arch: 'x86_64', os.version: '10.8.5', java.version: '1.6.0_65'
Driver info: driver.version: EventFiringWebDriver
	at org.openqa.selenium.remote.ErrorHandler.createThrowable(ErrorHandler.java:191)
	at org.openqa.selenium.remote.ErrorHandler.throwIfResponseFailed(ErrorHandler.java:145)
	at org.openqa.selenium.remote.RemoteWebDriver.execute(RemoteWebDriver.java:554)
	at org.openqa.selenium.remote.RemoteWebDriver.findElement(RemoteWebDriver.java:307)
	at org.openqa.selenium.remote.RemoteWebDriver.findElementByXPath(RemoteWebDriver.java:404)
	at org.openqa.selenium.By$ByXPath.findElement(By.java:344)
	at org.openqa.selenium.remote.RemoteWebDriver.findElement(RemoteWebDriver.java:299)
	at org.openqa.selenium.support.events.EventFiringWebDriver$2.invoke(EventFiringWebDriver.java:101)
	at com.sun.proxy.$Proxy10.findElement(Unknown Source)
	at org.openqa.selenium.support.events.EventFiringWebDriver.findElement(EventFiringWebDriver.java:180)
	at org.openqa.selenium.remote.server.handler.FindElement.call(FindElement.java:47)
	at org.openqa.selenium.remote.server.handler.FindElement.call(FindElement.java:33)
	at java.util.concurrent.FutureTask$Sync.innerRun(FutureTask.java:303)
	at java.util.concurrent.FutureTask.run(FutureTask.java:138)
	at org.openqa.selenium.remote.server.DefaultSession$1.run(DefaultSession.java:169)
	... 3 more
... Removed 21 stack frames]]>
    </failure>
  </testcase> <!-- EXIFKeywordsIngestedPhraseInsteadSetsWords_Test -->
</testsuite> <!-- All Web Tests(failed)(failed)(failed) -->
