<html>
<head>
<title>TestNG:  All Web Tests(failed)(failed)(failed)</title>
<link href="../testng.css" rel="stylesheet" type="text/css" />
<link href="../my-testng.css" rel="stylesheet" type="text/css" />

<style type="text/css">
.log { display: none;} 
.stack-trace { display: none;} 
</style>
<script type="text/javascript">
<!--
function flip(e) {
  current = e.style.display;
  if (current == 'block') {
    e.style.display = 'none';
    return 0;
  }
  else {
    e.style.display = 'block';
    return 1;
  }
}

function toggleBox(szDivId, elem, msg1, msg2)
{
  var res = -1;  if (document.getElementById) {
    res = flip(document.getElementById(szDivId));
  }
  else if (document.all) {
    // this is the way old msie versions work
    res = flip(document.all[szDivId]);
  }
  if(elem) {
    if(res == 0) elem.innerHTML = msg1; else elem.innerHTML = msg2;
  }

}

function toggleAllBoxes() {
  if (document.getElementsByTagName) {
    d = document.getElementsByTagName('div');
    for (i = 0; i < d.length; i++) {
      if (d[i].className == 'log') {
        flip(d[i]);
      }
    }
  }
}

// -->
</script>

</head>
<body>
<h2 align='center'>All Web Tests(failed)(failed)(failed)</h2><table border='1' align="center">
<tr>
<td>Tests passed/Failed/Skipped:</td><td>1/3/0</td>
</tr><tr>
<td>Started on:</td><td>Thu Jan 30 21:34:51 EST 2014</td>
</tr>
<tr><td>Total time:</td><td>314 seconds (314178 ms)</td>
</tr><tr>
<td>Included groups:</td><td>full </td>
</tr><tr>
<td>Excluded groups:</td><td></td>
</tr>
</table><p/>
<small><i>(Hover the method name to see the test class name)</i></small><p/>
<table width='100%' border='1' class='invocation-failed'>
<tr><td colspan='4' align='center'><b>FAILED TESTS</b></td></tr>
<tr><td><b>Test method</b></td>
<td width="30%"><b>Exception</b></td>
<td width="10%"><b>Time (seconds)</b></td>
<td><b>Instance</b></td>
</tr>
<tr>
<td title='com.nbcuni.test.publisher.tests.ContentEntityCreationManagement.ContentandEntityRelationships.CastCrewFieldCollectionsVerification_Movie.CastCrewFieldCollectionsVerificationMovie_Test()'><b>CastCrewFieldCollectionsVerificationMovie_Test</b><br>Test class: com.nbcuni.test.publisher.tests.ContentEntityCreationManagement.ContentandEntityRelationships.CastCrewFieldCollectionsVerification_Movie<br/>
<a href="#Output-654801575" onClick='toggleBox("Output-654801575", this, "Show output", "Hide output");'>Show output</a>

<a href="#Output-654801575" onClick="toggleAllBoxes();">Show all outputs</a>
<div class='log' id="Output-654801575">
Open url 'http://qa5dev.publisher.nbcuni.com'.<br/>
Enter the user's email address in the 'Email Address' text box.<br/>
Enter the user's password in the 'Password' text box.<br/>
Click the 'Login' button.<br/>
Switch to the select file frame.<br/>
Enter the file path for file upload.<br/>
Click the 'Upload' button.<br/>
Wait for the file link to be visible after upload.<br/>
Click the 'Next' button.<br/>
Click the 'Public Local Files' radio button.<br/>
Click the 'Next' button.<br/>
Assert the file image 'HanSolo' is present.<br/>
Assert the the img is loaded and visible.<br/>
Click the 'Save' button.<br/>
Switch to the select file frame.<br/>
Enter the file path for file upload.<br/>
Click the 'Upload' button.<br/>
Wait for the file link to be visible after upload.<br/>
Click the 'Next' button.<br/>
Click the 'Public Local Files' radio button.<br/>
Click the 'Next' button.<br/>
Assert the file image 'HanSolo' is present.<br/>
Assert the the img is loaded and visible.<br/>
Click the 'Save' button.<br/>
Switch to the select file frame.<br/>
Enter the file path for file upload.<br/>
Click the 'Upload' button.<br/>
Wait for the file link to be visible after upload.<br/>
Click the 'Next' button.<br/>
Click the 'Public Local Files' radio button.<br/>
Click the 'Next' button.<br/>
Assert the file image 'HanSolo' is present.<br/>
Assert the the img is loaded and visible.<br/>
Click the 'Save' button.<br/>
Switch to the select file frame.<br/>
Enter the file path for file upload.<br/>
Click the 'Upload' button.<br/>
Wait for the file link to be visible after upload.<br/>
Click the 'Next' button.<br/>
Click the 'Public Local Files' radio button.<br/>
Click the 'Next' button.<br/>
Assert the file image 'HanSolo' is present.<br/>
Assert the the img is loaded and visible.<br/>
Click the 'Save' button.<br/>
Switch to the select file frame.<br/>
Enter the file path for file upload.<br/>
Click the 'Upload' button.<br/>
Wait for the file link to be visible after upload.<br/>
Click the 'Next' button.<br/>
Click the 'Public Local Files' radio button.<br/>
Click the 'Next' button.<br/>
Assert the file image 'HanSolo' is present.<br/>
Assert the the img is loaded and visible.<br/>
Click the 'Save' button.<br/>
Switch to the select file frame.<br/>
Enter the file path for file upload.<br/>
Click the 'Upload' button.<br/>
Wait for the file link to be visible after upload.<br/>
Click the 'Next' button.<br/>
Click the 'Public Local Files' radio button.<br/>
Click the 'Next' button.<br/>
Assert the file image 'HanSolo' is present.<br/>
Assert the the img is loaded and visible.<br/>
Click the 'Save' button.<br/>
Switch to the select file frame.<br/>
Enter the file path for file upload.<br/>
Click the 'Upload' button.<br/>
Wait for the file link to be visible after upload.<br/>
Click the 'Next' button.<br/>
Click the 'Public Local Files' radio button.<br/>
Click the 'Next' button.<br/>
Assert the file image 'HanSolo' is present.<br/>
Assert the the img is loaded and visible.<br/>
Click the 'Save' button.<br/>
Click the 'Cast/Crew' link.<br/>
Enter 'PersonFirstName144897e9d3' in the Person text box.<br/>
Click the 'PersonFirstName144897e9d3' from the auto complete option list.<br/>
Select the 'Character' from the 'Role' drop down list.<br/>
Assert that the 'Character' text box is displayed.<br/>
Enter 'CharacterFirstName81222f31a5' in the 'Character' text box.<br/>
Click the 'CharacterFirstName81222f31a5' from the auto complete option list.<br/>
Click the 'Cast/Crew' link.<br/>
Assert the value of the 'Person' text box equals 'PersonFirstName144897e9d3'.<br/>
Assert the value of the 'Character' text box equals 'CharacterFirstName81222f31a5'.<br/>
Assert the value of the 'Role' drop down list equals 'Character'.<br/>
Click the 'Add Another Item' button.<br/>
Enter 'PersonFirstName1cbaa132aa' in the Person text box.<br/>
Click the 'PersonFirstName1cbaa132aa' from the auto complete option list.<br/>
Select the 'Character' from the 'Role' drop down list.<br/>
Assert that the 'Character' text box is displayed.<br/>
Enter 'CharacterFirstNamec6a8cdf09b' in the 'Character' text box.<br/>
Click the 'CharacterFirstNamec6a8cdf09b' from the auto complete option list.<br/>
Click the 'Cast/Crew' link.<br/>
Assert the value of the 'Person' text box equals 'PersonFirstName144897e9d3'.<br/>
Assert the value of the 'Character' text box equals 'CharacterFirstName81222f31a5'.<br/>
Assert the value of the 'Role' drop down list equals 'Character'.<br/>
Assert the value of the 'Person' text box equals 'PersonFirstName1cbaa132aa'.<br/>
Assert the value of the 'Role' drop down list equals 'Character'.<br/>
Assert the value of the 'Character' text box equals 'CharacterFirstNamec6a8cdf09b'.<br/>
Click the 'Add Another Item' button.<br/>
Enter 'PersonFirstName714a879bd0' in the Person text box.<br/>
Click the 'PersonFirstName714a879bd0' from the auto complete option list.<br/>
Select the 'Character' from the 'Role' drop down list.<br/>
Assert that the 'Character' text box is displayed.<br/>
Enter 'CharacterFirstName133220f62c' in the 'Character' text box.<br/>
Click the 'CharacterFirstName133220f62c' from the auto complete option list.<br/>
Assert the value of the 'Person' text box equals 'PersonFirstName144897e9d3'.<br/>
Assert the value of the 'Character' text box equals 'CharacterFirstName81222f31a5'.<br/>
Assert the value of the 'Role' drop down list equals 'Character'.<br/>
Screenshot saved to /Users/brandonclark/SQE-TEST-Pub7/main/test-output/screenshots/20140130213952.png <br/>
<br><br><a href='/Users/brandonclark/SQE-TEST-Pub7/main/test-output/screenshots/20140130213952.png'> <img src='/Users/brandonclark/SQE-TEST-Pub7/main/test-output/screenshots/20140130213952.png' height='500' width='500'/> </a><br/>
</div>
</td>
<td><div><pre>java.lang.AssertionError: expected [Character] but found []
	at com.nbcuni.test.publisher.pageobjects.content.CastCrew.VerifyRoleValue(CastCrew.java:131)
	at com.nbcuni.test.publisher.tests.ContentEntityCreationManagement.ContentandEntityRelationships.CastCrewFieldCollectionsVerification_Movie.CastCrewFieldCollectionsVerificationMovie_Test(CastCrewFieldCollectionsVerification_Movie.java:207)
	at java.util.concurrent.ThreadPoolExecutor$Worker.runTask(ThreadPoolExecutor.java:895)
	at java.util.concurrent.ThreadPoolExecutor$Worker.run(ThreadPoolExecutor.java:918)
	at java.lang.Thread.run(Thread.java:695)
... Removed 15 stack frames</pre></div><a href='#' onClick='toggleBox("stack-trace654801575", this, "Click to show all stack frames", "Click to hide stack frames")'>Click to show all stack frames</a>
<div class='stack-trace' id='stack-trace654801575'><pre>java.lang.AssertionError: expected [Character] but found []
	at org.testng.Assert.fail(Assert.java:94)
	at org.testng.Assert.failNotEquals(Assert.java:494)
	at org.testng.Assert.assertEquals(Assert.java:123)
	at org.testng.Assert.assertEquals(Assert.java:176)
	at org.testng.Assert.assertEquals(Assert.java:186)
	at com.nbcuni.test.publisher.pageobjects.content.CastCrew.VerifyRoleValue(CastCrew.java:131)
	at com.nbcuni.test.publisher.tests.ContentEntityCreationManagement.ContentandEntityRelationships.CastCrewFieldCollectionsVerification_Movie.CastCrewFieldCollectionsVerificationMovie_Test(CastCrewFieldCollectionsVerification_Movie.java:207)
	at sun.reflect.NativeMethodAccessorImpl.invoke0(Native Method)
	at sun.reflect.NativeMethodAccessorImpl.invoke(NativeMethodAccessorImpl.java:39)
	at sun.reflect.DelegatingMethodAccessorImpl.invoke(DelegatingMethodAccessorImpl.java:25)
	at java.lang.reflect.Method.invoke(Method.java:597)
	at org.testng.internal.MethodInvocationHelper.invokeMethod(MethodInvocationHelper.java:84)
	at org.testng.internal.Invoker.invokeMethod(Invoker.java:714)
	at org.testng.internal.Invoker.invokeTestMethod(Invoker.java:901)
	at org.testng.internal.Invoker.invokeTestMethods(Invoker.java:1231)
	at org.testng.internal.TestMethodWorker.invokeTestMethods(TestMethodWorker.java:127)
	at org.testng.internal.TestMethodWorker.run(TestMethodWorker.java:111)
	at java.util.concurrent.ThreadPoolExecutor$Worker.runTask(ThreadPoolExecutor.java:895)
	at java.util.concurrent.ThreadPoolExecutor$Worker.run(ThreadPoolExecutor.java:918)
	at java.lang.Thread.run(Thread.java:695)
</pre></div></td>
<td>103</td>
<td>com.nbcuni.test.publisher.tests.ContentEntityCreationManagement.ContentandEntityRelationships.CastCrewFieldCollectionsVerification_Movie@254e8cee</td></tr>
<tr>
<td title='com.nbcuni.test.publisher.tests.UserCreationAndManagement.Permissions.CreateConfigureAndValidatePermissionsEditor.CreateConfigureAndValidatePermissionsEditor_Test()'><b>CreateConfigureAndValidatePermissionsEditor_Test</b><br>Test class: com.nbcuni.test.publisher.tests.UserCreationAndManagement.Permissions.CreateConfigureAndValidatePermissionsEditor<br/>
<a href="#Output-1704647724" onClick='toggleBox("Output-1704647724", this, "Show output", "Hide output");'>Show output</a>

<a href="#Output-1704647724" onClick="toggleAllBoxes();">Show all outputs</a>
<div class='log' id="Output-1704647724">
Open url 'http://qa5dev.publisher.nbcuni.com'.<br/>
Enter the user's email address in the 'Email Address' text box.<br/>
Enter the user's password in the 'Password' text box.<br/>
Click the 'Login' button.<br/>
verifyObjectContainsText:  Object //div[@class='messages status'] contains the text The configuration options have been saved.<br/>
Enter the user's email address in the 'Email Address' text box.<br/>
Enter the user's password in the 'Password' text box.<br/>
Click the 'Login' button.<br/>
Screenshot saved to /Users/brandonclark/SQE-TEST-Pub7/main/test-output/screenshots/20140130213614.png <br/>
<br><br><a href='/Users/brandonclark/SQE-TEST-Pub7/main/test-output/screenshots/20140130213614.png'> <img src='/Users/brandonclark/SQE-TEST-Pub7/main/test-output/screenshots/20140130213614.png' height='500' width='500'/> </a><br/>
</div>
</td>
<td><div><pre>java.lang.AssertionError: unknown error: Element is not clickable at point (330, 869). Other element would receive the click: &lt;div class=&quot;my-sticky-element form-actions form-wrapper&quot; id=&quot;edit-actions&quot; style=&quot;width: 874px;&quot;&gt;...&lt;/div&gt;
  (Session info: chrome=32.0.1700.102)
  (Driver info: chromedriver=2.8.241036,platform=Mac OS X 10.8.5 x86_64) (WARNING: The server did not provide any stacktrace information)
Command duration or timeout: 30 milliseconds
Build info: version: &apos;2.35.0&apos;, revision: &apos;8df0c6bedf70ff9f22c647788f9fe9c8d22210e2&apos;, time: &apos;2013-08-17 12:46:41&apos;
System info: os.name: &apos;Mac OS X&apos;, os.arch: &apos;x86_64&apos;, os.version: &apos;10.8.5&apos;, java.version: &apos;1.6.0_65&apos;
Session ID: 5c972fc44f9c9cd3f4d3d2515dea550f
Driver info: org.openqa.selenium.chrome.ChromeDriver
Capabilities [{platform=MAC, acceptSslCerts=true, javascriptEnabled=true, browserName=chrome, chrome={userDataDir=/var/folders/33/xf0ch4pd75qbhlq2gf2s58l40000gn/T/.org.chromium.Chromium.jAkm3O}, rotatable=false, locationContextEnabled=true, version=32.0.1700.102, takesHeapSnapshot=true, cssSelectorsEnabled=true, databaseEnabled=false, handlesAlerts=true, browserConnectionEnabled=false, webStorageEnabled=true, nativeEvents=true, applicationCacheEnabled=false, takesScreenshot=true}]
Command duration or timeout: 897 milliseconds
Build info: version: &apos;2.35.0&apos;, revision: &apos;8df0c6bedf70ff9f22c647788f9fe9c8d22210e2&apos;, time: &apos;2013-08-17 12:46:41&apos;
System info: os.name: &apos;Mac OS X&apos;, os.arch: &apos;x86_64&apos;, os.version: &apos;10.8.5&apos;, java.version: &apos;1.6.0_65&apos;
Session ID: 3eac2eb0-7ac0-4ce1-9190-46b35672168f
Driver info: com.nbcuni.test.webdriver.CustomWebDriver
Capabilities [{platform=MAC, acceptSslCerts=true, javascriptEnabled=true, browserName=chrome, chrome={userDataDir=/var/folders/33/xf0ch4pd75qbhlq2gf2s58l40000gn/T/.org.chromium.Chromium.jAkm3O}, rotatable=false, locationContextEnabled=true, webdriver.remote.sessionid=3eac2eb0-7ac0-4ce1-9190-46b35672168f, version=32.0.1700.102, takesHeapSnapshot=true, cssSelectorsEnabled=true, databaseEnabled=false, handlesAlerts=true, browserConnectionEnabled=false, webStorageEnabled=true, nativeEvents=true, applicationCacheEnabled=false, takesScreenshot=true}]
	at com.nbcuni.test.webdriver.CustomWebDriver.click(CustomWebDriver.java:199)
	at com.nbcuni.test.publisher.pageobjects.content.BasicInformation.ClickCoverSelectBtn(BasicInformation.java:85)
	at com.nbcuni.test.publisher.pageobjects.content.CreateDefaultContent.Post(CreateDefaultContent.java:62)
	at com.nbcuni.test.publisher.tests.UserCreationAndManagement.Permissions.CreateConfigureAndValidatePermissionsEditor.CreateConfigureAndValidatePermissionsEditor_Test(CreateConfigureAndValidatePermissionsEditor.java:125)
	at java.util.concurrent.ThreadPoolExecutor$Worker.runTask(ThreadPoolExecutor.java:895)
	at java.util.concurrent.ThreadPoolExecutor$Worker.run(ThreadPoolExecutor.java:918)
	at java.lang.Thread.run(Thread.java:695)
... Removed 11 stack frames</pre></div><a href='#' onClick='toggleBox("stack-trace1704647724", this, "Click to show all stack frames", "Click to hide stack frames")'>Click to show all stack frames</a>
<div class='stack-trace' id='stack-trace1704647724'><pre>java.lang.AssertionError: unknown error: Element is not clickable at point (330, 869). Other element would receive the click: &lt;div class=&quot;my-sticky-element form-actions form-wrapper&quot; id=&quot;edit-actions&quot; style=&quot;width: 874px;&quot;&gt;...&lt;/div&gt;
  (Session info: chrome=32.0.1700.102)
  (Driver info: chromedriver=2.8.241036,platform=Mac OS X 10.8.5 x86_64) (WARNING: The server did not provide any stacktrace information)
Command duration or timeout: 30 milliseconds
Build info: version: &apos;2.35.0&apos;, revision: &apos;8df0c6bedf70ff9f22c647788f9fe9c8d22210e2&apos;, time: &apos;2013-08-17 12:46:41&apos;
System info: os.name: &apos;Mac OS X&apos;, os.arch: &apos;x86_64&apos;, os.version: &apos;10.8.5&apos;, java.version: &apos;1.6.0_65&apos;
Session ID: 5c972fc44f9c9cd3f4d3d2515dea550f
Driver info: org.openqa.selenium.chrome.ChromeDriver
Capabilities [{platform=MAC, acceptSslCerts=true, javascriptEnabled=true, browserName=chrome, chrome={userDataDir=/var/folders/33/xf0ch4pd75qbhlq2gf2s58l40000gn/T/.org.chromium.Chromium.jAkm3O}, rotatable=false, locationContextEnabled=true, version=32.0.1700.102, takesHeapSnapshot=true, cssSelectorsEnabled=true, databaseEnabled=false, handlesAlerts=true, browserConnectionEnabled=false, webStorageEnabled=true, nativeEvents=true, applicationCacheEnabled=false, takesScreenshot=true}]
Command duration or timeout: 897 milliseconds
Build info: version: &apos;2.35.0&apos;, revision: &apos;8df0c6bedf70ff9f22c647788f9fe9c8d22210e2&apos;, time: &apos;2013-08-17 12:46:41&apos;
System info: os.name: &apos;Mac OS X&apos;, os.arch: &apos;x86_64&apos;, os.version: &apos;10.8.5&apos;, java.version: &apos;1.6.0_65&apos;
Session ID: 3eac2eb0-7ac0-4ce1-9190-46b35672168f
Driver info: com.nbcuni.test.webdriver.CustomWebDriver
Capabilities [{platform=MAC, acceptSslCerts=true, javascriptEnabled=true, browserName=chrome, chrome={userDataDir=/var/folders/33/xf0ch4pd75qbhlq2gf2s58l40000gn/T/.org.chromium.Chromium.jAkm3O}, rotatable=false, locationContextEnabled=true, webdriver.remote.sessionid=3eac2eb0-7ac0-4ce1-9190-46b35672168f, version=32.0.1700.102, takesHeapSnapshot=true, cssSelectorsEnabled=true, databaseEnabled=false, handlesAlerts=true, browserConnectionEnabled=false, webStorageEnabled=true, nativeEvents=true, applicationCacheEnabled=false, takesScreenshot=true}]
	at org.testng.AssertJUnit.fail(AssertJUnit.java:59)
	at com.nbcuni.test.webdriver.CustomWebDriver.click(CustomWebDriver.java:199)
	at com.nbcuni.test.publisher.pageobjects.content.BasicInformation.ClickCoverSelectBtn(BasicInformation.java:85)
	at com.nbcuni.test.publisher.pageobjects.content.CreateDefaultContent.Post(CreateDefaultContent.java:62)
	at com.nbcuni.test.publisher.tests.UserCreationAndManagement.Permissions.CreateConfigureAndValidatePermissionsEditor.CreateConfigureAndValidatePermissionsEditor_Test(CreateConfigureAndValidatePermissionsEditor.java:125)
	at sun.reflect.NativeMethodAccessorImpl.invoke0(Native Method)
	at sun.reflect.NativeMethodAccessorImpl.invoke(NativeMethodAccessorImpl.java:39)
	at sun.reflect.DelegatingMethodAccessorImpl.invoke(DelegatingMethodAccessorImpl.java:25)
	at java.lang.reflect.Method.invoke(Method.java:597)
	at org.testng.internal.MethodInvocationHelper.invokeMethod(MethodInvocationHelper.java:84)
	at org.testng.internal.Invoker.invokeMethod(Invoker.java:714)
	at org.testng.internal.Invoker.invokeTestMethod(Invoker.java:901)
	at org.testng.internal.Invoker.invokeTestMethods(Invoker.java:1231)
	at org.testng.internal.TestMethodWorker.invokeTestMethods(TestMethodWorker.java:127)
	at org.testng.internal.TestMethodWorker.run(TestMethodWorker.java:111)
	at java.util.concurrent.ThreadPoolExecutor$Worker.runTask(ThreadPoolExecutor.java:895)
	at java.util.concurrent.ThreadPoolExecutor$Worker.run(ThreadPoolExecutor.java:918)
	at java.lang.Thread.run(Thread.java:695)
</pre></div></td>
<td>69</td>
<td>com.nbcuni.test.publisher.tests.UserCreationAndManagement.Permissions.CreateConfigureAndValidatePermissionsEditor@148238f4</td></tr>
<tr>
<td title='com.nbcuni.test.publisher.tests.ContentEntityCreationManagement.Images.EXIFKeywordsIngestedAsPhraseInsteadSetsWords.EXIFKeywordsIngestedPhraseInsteadSetsWords.EXIFKeywordsIngestedPhraseInsteadSetsWords_Test()'><b>EXIFKeywordsIngestedPhraseInsteadSetsWords_Test</b><br>Test class: com.nbcuni.test.publisher.tests.ContentEntityCreationManagement.Images.EXIFKeywordsIngestedAsPhraseInsteadSetsWords.EXIFKeywordsIngestedPhraseInsteadSetsWords<br/>
<a href="#Output-1395422028" onClick='toggleBox("Output-1395422028", this, "Show output", "Hide output");'>Show output</a>

<a href="#Output-1395422028" onClick="toggleAllBoxes();">Show all outputs</a>
<div class='log' id="Output-1395422028">
Open url 'http://qa5dev.publisher.nbcuni.com'.<br/>
Enter the user's email address in the 'Email Address' text box.<br/>
Enter the user's password in the 'Password' text box.<br/>
Click the 'Login' button.<br/>
Screenshot saved to /Users/brandonclark/SQE-TEST-Pub7/main/test-output/screenshots/20140130214004.png <br/>
Failed to capture screenshot<br/>
</div>
</td>
<td><div><pre>org.openqa.selenium.WebDriverException: chrome not reachable
  (Session info: chrome=32.0.1700.102)
  (Driver info: chromedriver=2.8.241036,platform=Mac OS X 10.8.5 x86_64) (WARNING: The server did not provide any stacktrace information)
Command duration or timeout: 2 milliseconds
Build info: version: &apos;2.35.0&apos;, revision: &apos;8df0c6bedf70ff9f22c647788f9fe9c8d22210e2&apos;, time: &apos;2013-08-17 12:46:41&apos;
System info: os.name: &apos;Mac OS X&apos;, os.arch: &apos;x86_64&apos;, os.version: &apos;10.8.5&apos;, java.version: &apos;1.6.0_65&apos;
Session ID: d452e938802515f8d0994b7a6d153c5f
Driver info: org.openqa.selenium.chrome.ChromeDriver
Capabilities [{platform=MAC, acceptSslCerts=true, javascriptEnabled=true, browserName=chrome, chrome={userDataDir=/var/folders/33/xf0ch4pd75qbhlq2gf2s58l40000gn/T/.org.chromium.Chromium.1BWL5w}, rotatable=false, locationContextEnabled=true, version=32.0.1700.102, takesHeapSnapshot=true, cssSelectorsEnabled=true, databaseEnabled=false, handlesAlerts=true, browserConnectionEnabled=false, webStorageEnabled=true, nativeEvents=true, applicationCacheEnabled=false, takesScreenshot=true}]
Command duration or timeout: 791 milliseconds
Build info: version: &apos;2.35.0&apos;, revision: &apos;8df0c6bedf70ff9f22c647788f9fe9c8d22210e2&apos;, time: &apos;2013-08-17 12:46:41&apos;
System info: os.name: &apos;Mac OS X&apos;, os.arch: &apos;x86_64&apos;, os.version: &apos;10.8.5&apos;, java.version: &apos;1.6.0_65&apos;
Session ID: 9053725b-e727-4323-9544-b0cac337b4dd
Driver info: com.nbcuni.test.webdriver.CustomWebDriver
Capabilities [{platform=MAC, acceptSslCerts=true, javascriptEnabled=true, browserName=chrome, chrome={userDataDir=/var/folders/33/xf0ch4pd75qbhlq2gf2s58l40000gn/T/.org.chromium.Chromium.1BWL5w}, rotatable=false, locationContextEnabled=true, webdriver.remote.sessionid=9053725b-e727-4323-9544-b0cac337b4dd, version=32.0.1700.102, takesHeapSnapshot=true, cssSelectorsEnabled=true, databaseEnabled=false, handlesAlerts=true, browserConnectionEnabled=false, webStorageEnabled=true, nativeEvents=true, applicationCacheEnabled=false, takesScreenshot=true}]
	at org.openqa.selenium.remote.ErrorHandler.createThrowable(ErrorHandler.java:191)
	at org.openqa.selenium.remote.ErrorHandler.throwIfResponseFailed(ErrorHandler.java:145)
	at org.openqa.selenium.remote.RemoteWebDriver.execute(RemoteWebDriver.java:554)
	at org.openqa.selenium.remote.RemoteWebDriver.findElement(RemoteWebDriver.java:307)
	at org.openqa.selenium.remote.RemoteWebDriver.findElementByXPath(RemoteWebDriver.java:404)
	at org.openqa.selenium.By$ByXPath.findElement(By.java:344)
	at org.openqa.selenium.remote.RemoteWebDriver.findElement(RemoteWebDriver.java:299)
	at com.nbcuni.test.publisher.pageobjects.Overlay.SwitchToActiveFrame(Overlay.java:66)
	at com.nbcuni.test.publisher.tests.ContentEntityCreationManagement.Images.EXIFKeywordsIngestedAsPhraseInsteadSetsWords.EXIFKeywordsIngestedPhraseInsteadSetsWords.EXIFKeywordsIngestedPhraseInsteadSetsWords_Test(EXIFKeywordsIngestedPhraseInsteadSetsWords.java:38)
	at java.util.concurrent.ThreadPoolExecutor$Worker.runTask(ThreadPoolExecutor.java:895)
	at java.util.concurrent.ThreadPoolExecutor$Worker.run(ThreadPoolExecutor.java:918)
	at java.lang.Thread.run(Thread.java:695)
Caused by: org.openqa.selenium.remote.ScreenshotException: Screen shot has been taken
Build info: version: &apos;2.35.0&apos;, revision: &apos;8df0c6bedf70ff9f22c647788f9fe9c8d22210e2&apos;, time: &apos;2013-08-17 12:46:41&apos;
System info: os.name: &apos;Mac OS X&apos;, os.arch: &apos;x86_64&apos;, os.version: &apos;10.8.5&apos;, java.version: &apos;1.6.0_65&apos;
Driver info: driver.version: RemoteWebDriver
	at org.openqa.selenium.remote.ErrorHandler.throwIfResponseFailed(ErrorHandler.java:125)
	... 20 more
Caused by: org.openqa.selenium.WebDriverException: chrome not reachable
  (Session info: chrome=32.0.1700.102)
  (Driver info: chromedriver=2.8.241036,platform=Mac OS X 10.8.5 x86_64) (WARNING: The server did not provide any stacktrace information)
Command duration or timeout: 2 milliseconds
Build info: version: &apos;2.35.0&apos;, revision: &apos;8df0c6bedf70ff9f22c647788f9fe9c8d22210e2&apos;, time: &apos;2013-08-17 12:46:41&apos;
System info: os.name: &apos;Mac OS X&apos;, os.arch: &apos;x86_64&apos;, os.version: &apos;10.8.5&apos;, java.version: &apos;1.6.0_65&apos;
Session ID: d452e938802515f8d0994b7a6d153c5f
Driver info: org.openqa.selenium.chrome.ChromeDriver
Capabilities [{platform=MAC, acceptSslCerts=true, javascriptEnabled=true, browserName=chrome, chrome={userDataDir=/var/folders/33/xf0ch4pd75qbhlq2gf2s58l40000gn/T/.org.chromium.Chromium.1BWL5w}, rotatable=false, locationContextEnabled=true, version=32.0.1700.102, takesHeapSnapshot=true, cssSelectorsEnabled=true, databaseEnabled=false, handlesAlerts=true, browserConnectionEnabled=false, webStorageEnabled=true, nativeEvents=true, applicationCacheEnabled=false, takesScreenshot=true}]
Build info: version: &apos;2.35.0&apos;, revision: &apos;8df0c6bedf70ff9f22c647788f9fe9c8d22210e2&apos;, time: &apos;2013-08-17 12:46:41&apos;
System info: os.name: &apos;Mac OS X&apos;, os.arch: &apos;x86_64&apos;, os.version: &apos;10.8.5&apos;, java.version: &apos;1.6.0_65&apos;
Driver info: driver.version: EventFiringWebDriver
	at org.openqa.selenium.remote.ErrorHandler.createThrowable(ErrorHandler.java:191)
	at org.openqa.selenium.remote.ErrorHandler.throwIfResponseFailed(ErrorHandler.java:145)
	at org.openqa.selenium.remote.RemoteWebDriver.execute(RemoteWebDriver.java:554)
	at org.openqa.selenium.remote.RemoteWebDriver.findElement(RemoteWebDriver.java:307)
	at org.openqa.selenium.remote.RemoteWebDriver.findElementByXPath(RemoteWebDriver.java:404)
	at org.openqa.selenium.By$ByXPath.findElement(By.java:344)
	at org.openqa.selenium.remote.RemoteWebDriver.findElement(RemoteWebDriver.java:299)
	at org.openqa.selenium.support.events.EventFiringWebDriver$2.invoke(EventFiringWebDriver.java:101)
	at com.sun.proxy.$Proxy10.findElement(Unknown Source)
	at org.openqa.selenium.support.events.EventFiringWebDriver.findElement(EventFiringWebDriver.java:180)
	at org.openqa.selenium.remote.server.handler.FindElement.call(FindElement.java:47)
	at org.openqa.selenium.remote.server.handler.FindElement.call(FindElement.java:33)
	at java.util.concurrent.FutureTask$Sync.innerRun(FutureTask.java:303)
	at java.util.concurrent.FutureTask.run(FutureTask.java:138)
	at org.openqa.selenium.remote.server.DefaultSession$1.run(DefaultSession.java:169)
	... 3 more
... Removed 21 stack frames</pre></div><a href='#' onClick='toggleBox("stack-trace1395422028", this, "Click to show all stack frames", "Click to hide stack frames")'>Click to show all stack frames</a>
<div class='stack-trace' id='stack-trace1395422028'><pre>org.openqa.selenium.WebDriverException: chrome not reachable
  (Session info: chrome=32.0.1700.102)
  (Driver info: chromedriver=2.8.241036,platform=Mac OS X 10.8.5 x86_64) (WARNING: The server did not provide any stacktrace information)
Command duration or timeout: 2 milliseconds
Build info: version: &apos;2.35.0&apos;, revision: &apos;8df0c6bedf70ff9f22c647788f9fe9c8d22210e2&apos;, time: &apos;2013-08-17 12:46:41&apos;
System info: os.name: &apos;Mac OS X&apos;, os.arch: &apos;x86_64&apos;, os.version: &apos;10.8.5&apos;, java.version: &apos;1.6.0_65&apos;
Session ID: d452e938802515f8d0994b7a6d153c5f
Driver info: org.openqa.selenium.chrome.ChromeDriver
Capabilities [{platform=MAC, acceptSslCerts=true, javascriptEnabled=true, browserName=chrome, chrome={userDataDir=/var/folders/33/xf0ch4pd75qbhlq2gf2s58l40000gn/T/.org.chromium.Chromium.1BWL5w}, rotatable=false, locationContextEnabled=true, version=32.0.1700.102, takesHeapSnapshot=true, cssSelectorsEnabled=true, databaseEnabled=false, handlesAlerts=true, browserConnectionEnabled=false, webStorageEnabled=true, nativeEvents=true, applicationCacheEnabled=false, takesScreenshot=true}]
Command duration or timeout: 791 milliseconds
Build info: version: &apos;2.35.0&apos;, revision: &apos;8df0c6bedf70ff9f22c647788f9fe9c8d22210e2&apos;, time: &apos;2013-08-17 12:46:41&apos;
System info: os.name: &apos;Mac OS X&apos;, os.arch: &apos;x86_64&apos;, os.version: &apos;10.8.5&apos;, java.version: &apos;1.6.0_65&apos;
Session ID: 9053725b-e727-4323-9544-b0cac337b4dd
Driver info: com.nbcuni.test.webdriver.CustomWebDriver
Capabilities [{platform=MAC, acceptSslCerts=true, javascriptEnabled=true, browserName=chrome, chrome={userDataDir=/var/folders/33/xf0ch4pd75qbhlq2gf2s58l40000gn/T/.org.chromium.Chromium.1BWL5w}, rotatable=false, locationContextEnabled=true, webdriver.remote.sessionid=9053725b-e727-4323-9544-b0cac337b4dd, version=32.0.1700.102, takesHeapSnapshot=true, cssSelectorsEnabled=true, databaseEnabled=false, handlesAlerts=true, browserConnectionEnabled=false, webStorageEnabled=true, nativeEvents=true, applicationCacheEnabled=false, takesScreenshot=true}]
	at sun.reflect.NativeConstructorAccessorImpl.newInstance0(Native Method)
	at sun.reflect.NativeConstructorAccessorImpl.newInstance(NativeConstructorAccessorImpl.java:39)
	at sun.reflect.DelegatingConstructorAccessorImpl.newInstance(DelegatingConstructorAccessorImpl.java:27)
	at java.lang.reflect.Constructor.newInstance(Constructor.java:513)
	at org.openqa.selenium.remote.ErrorHandler.createThrowable(ErrorHandler.java:191)
	at org.openqa.selenium.remote.ErrorHandler.throwIfResponseFailed(ErrorHandler.java:145)
	at org.openqa.selenium.remote.RemoteWebDriver.execute(RemoteWebDriver.java:554)
	at org.openqa.selenium.remote.RemoteWebDriver.findElement(RemoteWebDriver.java:307)
	at org.openqa.selenium.remote.RemoteWebDriver.findElementByXPath(RemoteWebDriver.java:404)
	at org.openqa.selenium.By$ByXPath.findElement(By.java:344)
	at org.openqa.selenium.remote.RemoteWebDriver.findElement(RemoteWebDriver.java:299)
	at com.nbcuni.test.publisher.pageobjects.Overlay.SwitchToActiveFrame(Overlay.java:66)
	at com.nbcuni.test.publisher.tests.ContentEntityCreationManagement.Images.EXIFKeywordsIngestedAsPhraseInsteadSetsWords.EXIFKeywordsIngestedPhraseInsteadSetsWords.EXIFKeywordsIngestedPhraseInsteadSetsWords_Test(EXIFKeywordsIngestedPhraseInsteadSetsWords.java:38)
	at sun.reflect.NativeMethodAccessorImpl.invoke0(Native Method)
	at sun.reflect.NativeMethodAccessorImpl.invoke(NativeMethodAccessorImpl.java:39)
	at sun.reflect.DelegatingMethodAccessorImpl.invoke(DelegatingMethodAccessorImpl.java:25)
	at java.lang.reflect.Method.invoke(Method.java:597)
	at org.testng.internal.MethodInvocationHelper.invokeMethod(MethodInvocationHelper.java:84)
	at org.testng.internal.Invoker.invokeMethod(Invoker.java:714)
	at org.testng.internal.Invoker.invokeTestMethod(Invoker.java:901)
	at org.testng.internal.Invoker.invokeTestMethods(Invoker.java:1231)
	at org.testng.internal.TestMethodWorker.invokeTestMethods(TestMethodWorker.java:127)
	at org.testng.internal.TestMethodWorker.run(TestMethodWorker.java:111)
	at java.util.concurrent.ThreadPoolExecutor$Worker.runTask(ThreadPoolExecutor.java:895)
	at java.util.concurrent.ThreadPoolExecutor$Worker.run(ThreadPoolExecutor.java:918)
	at java.lang.Thread.run(Thread.java:695)
Caused by: org.openqa.selenium.remote.ScreenshotException: Screen shot has been taken
Build info: version: &apos;2.35.0&apos;, revision: &apos;8df0c6bedf70ff9f22c647788f9fe9c8d22210e2&apos;, time: &apos;2013-08-17 12:46:41&apos;
System info: os.name: &apos;Mac OS X&apos;, os.arch: &apos;x86_64&apos;, os.version: &apos;10.8.5&apos;, java.version: &apos;1.6.0_65&apos;
Driver info: driver.version: RemoteWebDriver
	at org.openqa.selenium.remote.ErrorHandler.throwIfResponseFailed(ErrorHandler.java:125)
	... 20 more
Caused by: org.openqa.selenium.WebDriverException: chrome not reachable
  (Session info: chrome=32.0.1700.102)
  (Driver info: chromedriver=2.8.241036,platform=Mac OS X 10.8.5 x86_64) (WARNING: The server did not provide any stacktrace information)
Command duration or timeout: 2 milliseconds
Build info: version: &apos;2.35.0&apos;, revision: &apos;8df0c6bedf70ff9f22c647788f9fe9c8d22210e2&apos;, time: &apos;2013-08-17 12:46:41&apos;
System info: os.name: &apos;Mac OS X&apos;, os.arch: &apos;x86_64&apos;, os.version: &apos;10.8.5&apos;, java.version: &apos;1.6.0_65&apos;
Session ID: d452e938802515f8d0994b7a6d153c5f
Driver info: org.openqa.selenium.chrome.ChromeDriver
Capabilities [{platform=MAC, acceptSslCerts=true, javascriptEnabled=true, browserName=chrome, chrome={userDataDir=/var/folders/33/xf0ch4pd75qbhlq2gf2s58l40000gn/T/.org.chromium.Chromium.1BWL5w}, rotatable=false, locationContextEnabled=true, version=32.0.1700.102, takesHeapSnapshot=true, cssSelectorsEnabled=true, databaseEnabled=false, handlesAlerts=true, browserConnectionEnabled=false, webStorageEnabled=true, nativeEvents=true, applicationCacheEnabled=false, takesScreenshot=true}]
Build info: version: &apos;2.35.0&apos;, revision: &apos;8df0c6bedf70ff9f22c647788f9fe9c8d22210e2&apos;, time: &apos;2013-08-17 12:46:41&apos;
System info: os.name: &apos;Mac OS X&apos;, os.arch: &apos;x86_64&apos;, os.version: &apos;10.8.5&apos;, java.version: &apos;1.6.0_65&apos;
Driver info: driver.version: EventFiringWebDriver
	at sun.reflect.NativeConstructorAccessorImpl.newInstance0(Native Method)
	at sun.reflect.NativeConstructorAccessorImpl.newInstance(NativeConstructorAccessorImpl.java:39)
	at sun.reflect.DelegatingConstructorAccessorImpl.newInstance(DelegatingConstructorAccessorImpl.java:27)
	at java.lang.reflect.Constructor.newInstance(Constructor.java:513)
	at org.openqa.selenium.remote.ErrorHandler.createThrowable(ErrorHandler.java:191)
	at org.openqa.selenium.remote.ErrorHandler.throwIfResponseFailed(ErrorHandler.java:145)
	at org.openqa.selenium.remote.RemoteWebDriver.execute(RemoteWebDriver.java:554)
	at org.openqa.selenium.remote.RemoteWebDriver.findElement(RemoteWebDriver.java:307)
	at org.openqa.selenium.remote.RemoteWebDriver.findElementByXPath(RemoteWebDriver.java:404)
	at org.openqa.selenium.By$ByXPath.findElement(By.java:344)
	at org.openqa.selenium.remote.RemoteWebDriver.findElement(RemoteWebDriver.java:299)
	at sun.reflect.GeneratedMethodAccessor19.invoke(Unknown Source)
	at sun.reflect.DelegatingMethodAccessorImpl.invoke(DelegatingMethodAccessorImpl.java:25)
	at java.lang.reflect.Method.invoke(Method.java:597)
	at org.openqa.selenium.support.events.EventFiringWebDriver$2.invoke(EventFiringWebDriver.java:101)
	at com.sun.proxy.$Proxy10.findElement(Unknown Source)
	at org.openqa.selenium.support.events.EventFiringWebDriver.findElement(EventFiringWebDriver.java:180)
	at org.openqa.selenium.remote.server.handler.FindElement.call(FindElement.java:47)
	at org.openqa.selenium.remote.server.handler.FindElement.call(FindElement.java:33)
	at java.util.concurrent.FutureTask$Sync.innerRun(FutureTask.java:303)
	at java.util.concurrent.FutureTask.run(FutureTask.java:138)
	at org.openqa.selenium.remote.server.DefaultSession$1.run(DefaultSession.java:169)
	... 3 more
</pre></div></td>
<td>9</td>
<td>com.nbcuni.test.publisher.tests.ContentEntityCreationManagement.Images.EXIFKeywordsIngestedAsPhraseInsteadSetsWords.EXIFKeywordsIngestedPhraseInsteadSetsWords@2e297ffb</td></tr>
</table><p>
<table width='100%' border='1' class='invocation-passed'>
<tr><td colspan='4' align='center'><b>PASSED TESTS</b></td></tr>
<tr><td><b>Test method</b></td>
<td width="30%"><b>Exception</b></td>
<td width="10%"><b>Time (seconds)</b></td>
<td><b>Instance</b></td>
</tr>
<tr>
<td title='com.nbcuni.test.publisher.tests.ContentEntityCreationManagement.ContentandEntityRelationships.CastCrewFieldCollectionsVerification_TVEpisode.CastCrewFieldCollectionsVerificationTVEpisode_Test()'><b>CastCrewFieldCollectionsVerificationTVEpisode_Test</b><br>Test class: com.nbcuni.test.publisher.tests.ContentEntityCreationManagement.ContentandEntityRelationships.CastCrewFieldCollectionsVerification_TVEpisode<br/>
<a href="#Output-807421502" onClick='toggleBox("Output-807421502", this, "Show output", "Hide output");'>Show output</a>

<a href="#Output-807421502" onClick="toggleAllBoxes();">Show all outputs</a>
<div class='log' id="Output-807421502">
Open url 'http://qa5dev.publisher.nbcuni.com'.<br/>
Enter the user's email address in the 'Email Address' text box.<br/>
Enter the user's password in the 'Password' text box.<br/>
Click the 'Login' button.<br/>
Switch to the select file frame.<br/>
Enter the file path for file upload.<br/>
Click the 'Upload' button.<br/>
Wait for the file link to be visible after upload.<br/>
Click the 'Next' button.<br/>
Click the 'Public Local Files' radio button.<br/>
Click the 'Next' button.<br/>
Assert the file image 'HanSolo' is present.<br/>
Assert the the img is loaded and visible.<br/>
Click the 'Save' button.<br/>
Switch to the select file frame.<br/>
Enter the file path for file upload.<br/>
Click the 'Upload' button.<br/>
Wait for the file link to be visible after upload.<br/>
Click the 'Next' button.<br/>
Click the 'Public Local Files' radio button.<br/>
Click the 'Next' button.<br/>
Assert the file image 'HanSolo' is present.<br/>
Assert the the img is loaded and visible.<br/>
Click the 'Save' button.<br/>
Switch to the select file frame.<br/>
Enter the file path for file upload.<br/>
Click the 'Upload' button.<br/>
Wait for the file link to be visible after upload.<br/>
Click the 'Next' button.<br/>
Click the 'Public Local Files' radio button.<br/>
Click the 'Next' button.<br/>
Assert the file image 'HanSolo' is present.<br/>
Assert the the img is loaded and visible.<br/>
Click the 'Save' button.<br/>
Switch to the select file frame.<br/>
Enter the file path for file upload.<br/>
Click the 'Upload' button.<br/>
Wait for the file link to be visible after upload.<br/>
Click the 'Next' button.<br/>
Click the 'Public Local Files' radio button.<br/>
Click the 'Next' button.<br/>
Assert the file image 'HanSolo' is present.<br/>
Assert the the img is loaded and visible.<br/>
Click the 'Save' button.<br/>
Switch to the select file frame.<br/>
Enter the file path for file upload.<br/>
Click the 'Upload' button.<br/>
Wait for the file link to be visible after upload.<br/>
Click the 'Next' button.<br/>
Click the 'Public Local Files' radio button.<br/>
Click the 'Next' button.<br/>
Assert the file image 'HanSolo' is present.<br/>
Assert the the img is loaded and visible.<br/>
Click the 'Save' button.<br/>
Switch to the select file frame.<br/>
Enter the file path for file upload.<br/>
Click the 'Upload' button.<br/>
Wait for the file link to be visible after upload.<br/>
Click the 'Next' button.<br/>
Click the 'Public Local Files' radio button.<br/>
Click the 'Next' button.<br/>
Assert the file image 'HanSolo' is present.<br/>
Assert the the img is loaded and visible.<br/>
Click the 'Save' button.<br/>
Click the 'Cast/Crew' link.<br/>
Enter 'PersonName6b98259440' in the Person text box.<br/>
Click the 'PersonName6b98259440' from the auto complete option list.<br/>
Select the 'Character' from the 'Role' drop down list.<br/>
Assert that the 'Character' text box is displayed.<br/>
Enter 'CharacterNamece428fd88d' in the 'Character' text box.<br/>
Click the 'CharacterNamece428fd88d' from the auto complete option list.<br/>
Click the 'Cast/Crew' link.<br/>
Assert the value of the 'Person' text box equals 'PersonName6b98259440'.<br/>
Assert the value of the 'Character' text box equals 'CharacterNamece428fd88d'.<br/>
Assert the value of the 'Role' drop down list equals 'Character'.<br/>
Click the 'Add Another Item' button.<br/>
Enter 'PersonName46a4f8bbd5' in the Person text box.<br/>
Click the 'PersonName46a4f8bbd5' from the auto complete option list.<br/>
Select the 'Character' from the 'Role' drop down list.<br/>
Assert that the 'Character' text box is displayed.<br/>
Enter 'CharacterName726953a674' in the 'Character' text box.<br/>
Click the 'CharacterName726953a674' from the auto complete option list.<br/>
Click the 'Cast/Crew' link.<br/>
Assert the value of the 'Person' text box equals 'PersonName6b98259440'.<br/>
Assert the value of the 'Character' text box equals 'CharacterNamece428fd88d'.<br/>
Assert the value of the 'Role' drop down list equals 'Character'.<br/>
Assert the value of the 'Person' text box equals 'PersonName46a4f8bbd5'.<br/>
Assert the value of the 'Role' drop down list equals 'Character'.<br/>
Assert the value of the 'Character' text box equals 'CharacterName726953a674'.<br/>
Click the 'Add Another Item' button.<br/>
Enter 'PersonNamef062f97ca3' in the Person text box.<br/>
Click the 'PersonNamef062f97ca3' from the auto complete option list.<br/>
Select the 'Character' from the 'Role' drop down list.<br/>
Assert that the 'Character' text box is displayed.<br/>
Enter 'CharacterNameaad4a303e2' in the 'Character' text box.<br/>
Click the 'CharacterNameaad4a303e2' from the auto complete option list.<br/>
Click the 'Cast/Crew' link.<br/>
Assert the value of the 'Person' text box equals 'PersonName6b98259440'.<br/>
Assert the value of the 'Character' text box equals 'CharacterNamece428fd88d'.<br/>
Assert the value of the 'Role' drop down list equals 'Character'.<br/>
Assert the value of the 'Person' text box equals 'PersonName46a4f8bbd5'.<br/>
Assert the value of the 'Role' drop down list equals 'Character'.<br/>
Assert the value of the 'Character' text box equals 'CharacterName726953a674'.<br/>
Assert the value of the 'Person' text box equals 'PersonNamef062f97ca3'.<br/>
Assert the value of the 'Role' drop down list equals 'Character'.<br/>
Assert the value of the 'Character' text box equals 'CharacterNameaad4a303e2'.<br/>
</div>
</td>
<td></td>
<td>109</td>
<td>com.nbcuni.test.publisher.tests.ContentEntityCreationManagement.ContentandEntityRelationships.CastCrewFieldCollectionsVerification_TVEpisode@716925b0</td></tr>
</table><p>
</body>
</html>