<!DOCTYPE html PUBLIC "-//W3C//DTD XHTML 1.1//EN" "http://www.w3.org/TR/xhtml11/DTD/xhtml11.dtd">
<html xmlns="http://www.w3.org/1999/xhtml">
<head>
<title>TestNG Report</title>
<style type="text/css">
table {margin-bottom:10px;border-collapse:collapse;empty-cells:show}
td,th {border:1px solid #009;padding:.25em .5em}
.result th {vertical-align:bottom}
.param th {padding-left:1em;padding-right:1em}
.param td {padding-left:.5em;padding-right:2em}
.stripe td,.stripe th {background-color: #E6EBF9}
.numi,.numi_attn {text-align:right}
.total td {font-weight:bold}
.passedodd td {background-color: #0A0}
.passedeven td {background-color: #3F3}
.skippedodd td {background-color: #CCC}
.skippedodd td {background-color: #DDD}
.failedodd td,.numi_attn {background-color: #F33}
.failedeven td,.stripe .numi_attn {background-color: #D00}
.stacktrace {white-space:pre;font-family:monospace}
.totop {font-size:85%;text-align:center;border-bottom:2px solid #000}
</style>
</head>
<body>
<table cellspacing="0" cellpadding="0" class="testOverview">
<tr><th>Test</th><th>Methods<br/>Passed</th><th>Scenarios<br/>Passed</th><th># skipped</th><th># failed</th><th>Total<br/>Time</th><th>Included<br/>Groups</th><th>Excluded<br/>Groups</th></tr>
<tr><th colspan="8">Pub 7 Concurrent Suite</th></tr>
<tr><td style="text-align:left;padding-right:2em"><a href="#t1">All Concurrent Web Tests</a></td><td class="numi">0</td><td class="numi">0</td><td class="numi">0</td><td class="numi_attn">2</td><td class="numi">92.9 seconds</td><td class="numi">full </td><td class="numi"></td></tr>
<tr><th colspan="8">Pub 7 Consecutive Suite</th></tr>
<tr><td style="text-align:left;padding-right:2em"><a href="#t2">All Consecutive Web Tests</a></td><td class="numi">0</td><td class="numi">0</td><td class="numi">0</td><td class="numi_attn">2</td><td class="numi">14.7 seconds</td><td class="numi">full </td><td class="numi"></td></tr>
<tr><th colspan="8">Publisher 7 Test Suites</th></tr>
<tr class="total"><td>Total</td>
<td class="numi">0</td><td class="numi">0</td><td class="numi">0</td><td class="numi_attn">4</td><td class="numi">113.4 seconds</td><td colspan="2">&nbsp;</td></tr>
</table>
<table cellspacing="0" cellpadding="0" class="methodOverview" id="summary">
<tr><th>Class</th><th>Method</th><th># of<br/>Scenarios</th><th>Start</th><th>Time<br/>(ms)</th></tr>
<tr><th colspan="5">Pub 7 Concurrent Suite</th></tr>
<tr id="t1"><th colspan="5">All Concurrent Web Tests &#8212; failed</th></tr>
<tr class="failedodd"><td rowspan="2">com.nbcuni.test.publisher.tests.ContentEntityCreationManagement.ContentTypesEntities.CharacterProfile.CreateCharacterProfile</td><td><a href="#m1"><b>CreateCharacterProfile_Test</b> (full) </a></td><td class="numi">2</td><td>1396622788368</td><td class="numi">89976</td></tr><tr class="failedodd"><td><a href="#m2"><b>CreateCharacterProfile_Test</b> (full) </a></td><td class="numi">2</td><td>1396622788368</td><td class="numi">89976</td></tr>
<tr><th colspan="5">Pub 7 Consecutive Suite</th></tr>
<tr id="t2"><th colspan="5">All Consecutive Web Tests &#8212; failed</th></tr>
<tr class="failedodd"><td rowspan="2">com.nbcuni.test.publisher.tests.Setup.TestSetup</td><td><a href="#m3"><b>TestSetup_Test</b> (mpx, full, smoke) </a></td><td class="numi">2</td><td>1396622768236</td><td class="numi">11516</td></tr><tr class="failedodd"><td><a href="#m4"><b>TestSetup_Test</b> (mpx, full, smoke) </a></td><td class="numi">2</td><td>1396622768236</td><td class="numi">11516</td></tr>
<tr><th colspan="5">Publisher 7 Test Suites</th></tr>
</table>
<h1>All Concurrent Web Tests</h1>
<h2 id="m1">com.nbcuni.test.publisher.tests.ContentEntityCreationManagement.ContentTypesEntities.CharacterProfile.CreateCharacterProfile:CreateCharacterProfile_Test</h2>
<div>
<h3>Test Messages</h3>
Open url 'http://qa4.qa.nbcupublisher7.publisher7.com'.<br/>
Enter the user's email address in the 'Email Address' text box.<br/>
Enter the user's password in the 'Password' text box.<br/>
Click the 'Login' button.<br/>
Mouse over the 'Content' menu link.<br/>
Mouse over the 'Add content' menu link.<br/>
Click the 'Character Profile' menu link.<br/>
Switch to the active frame titled 'Create Character Profile dialog'.<br/>
Enter 'a2ebd7e18d76402' in the 'Character First Name' text box.<br/>
Click the Cover Photo 'Select' button.<br/>
Switch to the select file frame.<br/>
Enter the file path for file upload.<br/>
Click the 'Upload' button.<br/>
Wait for the file link to be visible after upload.<br/>
Click the 'Next' button.<br/>
Click the 'Public Local Files' radio button.<br/>
Click the 'Next' button.<br/>
Verify the file image 'HanSolo' is present.<br/>
Verify the img is loaded and visible.<br/>
Click the 'Save' button.<br/>
Switch to frame titled 'Create Character Profile'.<br/>
Assert that img source of the Cover Photo contains 'HanSolo'.<br/>
Assert the the img is loaded and visible.<br/>
Click the 'Save' button.<br/>
Verify success message of 'Character Profile a2ebd7e18d76402 has been created.' is present.<br/>
Screenshot saved to /Users/brandonclark/SQE-TEST-Pub7/main/test-output/screenshots/CreateCharacterProfile_Test.png <br/>
<br><br><a href='/Users/brandonclark/SQE-TEST-Pub7/main/test-output/screenshots/CreateCharacterProfile_Test.png'> <img src='/Users/brandonclark/SQE-TEST-Pub7/main/test-output/screenshots/CreateCharacterProfile_Test.png' height='500' width='500'/> </a><br/>
<h3>Failure</h3>
<div class="stacktrace">org.openqa.selenium.NoSuchElementException: no such element
  (Session info: chrome=33.0.1750.152)
  (Driver info: chromedriver=2.8.241036,platform=Mac OS X 10.9.2 x86_64) (WARNING: The server did not provide any stacktrace information)
Command duration or timeout: 30.05 seconds
For documentation on this error, please visit: http://seleniumhq.org/exceptions/no_such_element.html
Build info: version: &apos;2.35.0&apos;, revision: &apos;8df0c6bedf70ff9f22c647788f9fe9c8d22210e2&apos;, time: &apos;2013-08-17 12:46:41&apos;
System info: os.name: &apos;Mac OS X&apos;, os.arch: &apos;x86_64&apos;, os.version: &apos;10.9.2&apos;, java.version: &apos;1.7.0_25&apos;
Session ID: 6e1821f887a62767a3c7649629898da8
Driver info: org.openqa.selenium.chrome.ChromeDriver
Capabilities [{platform=MAC, acceptSslCerts=true, javascriptEnabled=true, browserName=chrome, chrome={userDataDir=/var/folders/33/xf0ch4pd75qbhlq2gf2s58l40000gn/T/.org.chromium.Chromium.4hEJyL}, rotatable=false, locationContextEnabled=true, version=33.0.1750.152, takesHeapSnapshot=true, cssSelectorsEnabled=true, databaseEnabled=false, handlesAlerts=true, browserConnectionEnabled=false, webStorageEnabled=true, nativeEvents=true, applicationCacheEnabled=false, takesScreenshot=true}]
Command duration or timeout: 30.69 seconds
For documentation on this error, please visit: http://seleniumhq.org/exceptions/no_such_element.html
Build info: version: &apos;2.35.0&apos;, revision: &apos;8df0c6bedf70ff9f22c647788f9fe9c8d22210e2&apos;, time: &apos;2013-08-17 12:46:41&apos;
System info: os.name: &apos;Mac OS X&apos;, os.arch: &apos;x86_64&apos;, os.version: &apos;10.9.2&apos;, java.version: &apos;1.7.0_25&apos;
Session ID: 51babc83-6072-4de6-b932-e5761d11550d
Driver info: com.nbcuni.test.publisher.common.Driver.Driver
Capabilities [{platform=MAC, acceptSslCerts=true, javascriptEnabled=true, browserName=chrome, chrome={userDataDir=/var/folders/33/xf0ch4pd75qbhlq2gf2s58l40000gn/T/.org.chromium.Chromium.4hEJyL}, rotatable=false, locationContextEnabled=true, webdriver.remote.sessionid=51babc83-6072-4de6-b932-e5761d11550d, version=33.0.1750.152, takesHeapSnapshot=true, cssSelectorsEnabled=true, databaseEnabled=false, handlesAlerts=true, browserConnectionEnabled=false, webStorageEnabled=true, nativeEvents=true, applicationCacheEnabled=false, takesScreenshot=true}]
	at org.openqa.selenium.remote.ErrorHandler.createThrowable(ErrorHandler.java:191)
	at org.openqa.selenium.remote.ErrorHandler.throwIfResponseFailed(ErrorHandler.java:145)
	at org.openqa.selenium.remote.RemoteWebDriver.execute(RemoteWebDriver.java:554)
	at org.openqa.selenium.remote.RemoteWebDriver.findElement(RemoteWebDriver.java:307)
	at org.openqa.selenium.remote.RemoteWebDriver.findElementByXPath(RemoteWebDriver.java:404)
	at org.openqa.selenium.By$ByXPath.findElement(By.java:344)
	at org.openqa.selenium.remote.RemoteWebDriver.findElement(RemoteWebDriver.java:299)
	at org.openqa.selenium.support.pagefactory.DefaultElementLocator.findElement(DefaultElementLocator.java:59)
	at org.openqa.selenium.support.pagefactory.internal.LocatingElementHandler.invoke(LocatingElementHandler.java:34)
	at com.sun.proxy.$Proxy12.getText(Unknown Source)
	at com.nbcuni.test.publisher.pageobjects.Content.ContentParent.VerifyMessageStatus(ContentParent.java:88)
	at com.nbcuni.test.publisher.tests.ContentEntityCreationManagement.ContentTypesEntities.CharacterProfile.CreateCharacterProfile.CreateCharacterProfile_Test(CreateCharacterProfile.java:51)
	at java.util.concurrent.ThreadPoolExecutor.runWorker(ThreadPoolExecutor.java:1145)
	at java.util.concurrent.ThreadPoolExecutor$Worker.run(ThreadPoolExecutor.java:615)
	at java.lang.Thread.run(Thread.java:724)
Caused by: org.openqa.selenium.remote.ScreenshotException: Screen shot has been taken
Build info: version: &apos;2.35.0&apos;, revision: &apos;8df0c6bedf70ff9f22c647788f9fe9c8d22210e2&apos;, time: &apos;2013-08-17 12:46:41&apos;
System info: os.name: &apos;Mac OS X&apos;, os.arch: &apos;x86_64&apos;, os.version: &apos;10.9.2&apos;, java.version: &apos;1.7.0_25&apos;
Driver info: driver.version: RemoteWebDriver
	at org.openqa.selenium.remote.ErrorHandler.throwIfResponseFailed(ErrorHandler.java:125)
	... 23 more
Caused by: org.openqa.selenium.NoSuchElementException: no such element
  (Session info: chrome=33.0.1750.152)
  (Driver info: chromedriver=2.8.241036,platform=Mac OS X 10.9.2 x86_64) (WARNING: The server did not provide any stacktrace information)
Command duration or timeout: 30.05 seconds
For documentation on this error, please visit: http://seleniumhq.org/exceptions/no_such_element.html
Build info: version: &apos;2.35.0&apos;, revision: &apos;8df0c6bedf70ff9f22c647788f9fe9c8d22210e2&apos;, time: &apos;2013-08-17 12:46:41&apos;
System info: os.name: &apos;Mac OS X&apos;, os.arch: &apos;x86_64&apos;, os.version: &apos;10.9.2&apos;, java.version: &apos;1.7.0_25&apos;
Session ID: 6e1821f887a62767a3c7649629898da8
Driver info: org.openqa.selenium.chrome.ChromeDriver
Capabilities [{platform=MAC, acceptSslCerts=true, javascriptEnabled=true, browserName=chrome, chrome={userDataDir=/var/folders/33/xf0ch4pd75qbhlq2gf2s58l40000gn/T/.org.chromium.Chromium.4hEJyL}, rotatable=false, locationContextEnabled=true, version=33.0.1750.152, takesHeapSnapshot=true, cssSelectorsEnabled=true, databaseEnabled=false, handlesAlerts=true, browserConnectionEnabled=false, webStorageEnabled=true, nativeEvents=true, applicationCacheEnabled=false, takesScreenshot=true}]
For documentation on this error, please visit: http://seleniumhq.org/exceptions/no_such_element.html
Build info: version: &apos;2.35.0&apos;, revision: &apos;8df0c6bedf70ff9f22c647788f9fe9c8d22210e2&apos;, time: &apos;2013-08-17 12:46:41&apos;
System info: os.name: &apos;Mac OS X&apos;, os.arch: &apos;x86_64&apos;, os.version: &apos;10.9.2&apos;, java.version: &apos;1.7.0_25&apos;
Driver info: driver.version: EventFiringWebDriver
	at org.openqa.selenium.remote.ErrorHandler.createThrowable(ErrorHandler.java:191)
	at org.openqa.selenium.remote.ErrorHandler.throwIfResponseFailed(ErrorHandler.java:145)
	at org.openqa.selenium.remote.RemoteWebDriver.execute(RemoteWebDriver.java:554)
	at org.openqa.selenium.remote.RemoteWebDriver.findElement(RemoteWebDriver.java:307)
	at org.openqa.selenium.remote.RemoteWebDriver.findElementByXPath(RemoteWebDriver.java:404)
	at org.openqa.selenium.By$ByXPath.findElement(By.java:344)
	at org.openqa.selenium.remote.RemoteWebDriver.findElement(RemoteWebDriver.java:299)
	at org.openqa.selenium.support.events.EventFiringWebDriver$2.invoke(EventFiringWebDriver.java:101)
	at com.sun.proxy.$Proxy10.findElement(Unknown Source)
	at org.openqa.selenium.support.events.EventFiringWebDriver.findElement(EventFiringWebDriver.java:180)
	at org.openqa.selenium.remote.server.handler.FindElement.call(FindElement.java:47)
	at org.openqa.selenium.remote.server.handler.FindElement.call(FindElement.java:33)
	at java.util.concurrent.FutureTask$Sync.innerRun(FutureTask.java:334)
	at java.util.concurrent.FutureTask.run(FutureTask.java:166)
	at org.openqa.selenium.remote.server.DefaultSession$1.run(DefaultSession.java:169)
	... 3 more
... Removed 21 stack frames</div>
</div>
<p class="totop"><a href="#summary">back to summary</a></p>
<h2 id="m2">com.nbcuni.test.publisher.tests.ContentEntityCreationManagement.ContentTypesEntities.CharacterProfile.CreateCharacterProfile:CreateCharacterProfile_Test</h2>
<div>
<h3>Test Messages</h3>
Open url 'http://qa4.qa.nbcupublisher7.publisher7.com'.<br/>
Enter the user's email address in the 'Email Address' text box.<br/>
Enter the user's password in the 'Password' text box.<br/>
Click the 'Login' button.<br/>
Mouse over the 'Content' menu link.<br/>
Mouse over the 'Add content' menu link.<br/>
Click the 'Character Profile' menu link.<br/>
Switch to the active frame titled 'Create Character Profile dialog'.<br/>
Enter '88e8e41a274a404' in the 'Character First Name' text box.<br/>
Click the Cover Photo 'Select' button.<br/>
Switch to the select file frame.<br/>
Enter the file path for file upload.<br/>
Click the 'Upload' button.<br/>
Wait for the file link to be visible after upload.<br/>
Click the 'Next' button.<br/>
Click the 'Public Local Files' radio button.<br/>
Click the 'Next' button.<br/>
Verify the file image 'HanSolo' is present.<br/>
Verify the img is loaded and visible.<br/>
Click the 'Save' button.<br/>
Switch to frame titled 'Create Character Profile'.<br/>
Assert that img source of the Cover Photo contains 'HanSolo'.<br/>
Assert the the img is loaded and visible.<br/>
Click the 'Save' button.<br/>
Verify success message of 'Character Profile 88e8e41a274a404 has been created.' is present.<br/>
Screenshot saved to /Users/brandonclark/SQE-TEST-Pub7/main/test-output/screenshots/CreateCharacterProfile_Test.png <br/>
<br><br><a href='/Users/brandonclark/SQE-TEST-Pub7/main/test-output/screenshots/CreateCharacterProfile_Test.png'> <img src='/Users/brandonclark/SQE-TEST-Pub7/main/test-output/screenshots/CreateCharacterProfile_Test.png' height='500' width='500'/> </a><br/>
<h3>Failure</h3>
<div class="stacktrace">org.openqa.selenium.NoSuchElementException: no such element
  (Session info: chrome=33.0.1750.152)
  (Driver info: chromedriver=2.8.241036,platform=Mac OS X 10.9.2 x86_64) (WARNING: The server did not provide any stacktrace information)
Command duration or timeout: 30.00 seconds
For documentation on this error, please visit: http://seleniumhq.org/exceptions/no_such_element.html
Build info: version: &apos;2.35.0&apos;, revision: &apos;8df0c6bedf70ff9f22c647788f9fe9c8d22210e2&apos;, time: &apos;2013-08-17 12:46:41&apos;
System info: os.name: &apos;Mac OS X&apos;, os.arch: &apos;x86_64&apos;, os.version: &apos;10.9.2&apos;, java.version: &apos;1.7.0_25&apos;
Session ID: 8ede33969e14e97e86dec7ca056c5045
Driver info: org.openqa.selenium.chrome.ChromeDriver
Capabilities [{platform=MAC, acceptSslCerts=true, javascriptEnabled=true, browserName=chrome, chrome={userDataDir=/var/folders/33/xf0ch4pd75qbhlq2gf2s58l40000gn/T/.org.chromium.Chromium.wXIhfo}, rotatable=false, locationContextEnabled=true, version=33.0.1750.152, takesHeapSnapshot=true, cssSelectorsEnabled=true, databaseEnabled=false, handlesAlerts=true, browserConnectionEnabled=false, webStorageEnabled=true, nativeEvents=true, applicationCacheEnabled=false, takesScreenshot=true}]
Command duration or timeout: 30.54 seconds
For documentation on this error, please visit: http://seleniumhq.org/exceptions/no_such_element.html
Build info: version: &apos;2.35.0&apos;, revision: &apos;8df0c6bedf70ff9f22c647788f9fe9c8d22210e2&apos;, time: &apos;2013-08-17 12:46:41&apos;
System info: os.name: &apos;Mac OS X&apos;, os.arch: &apos;x86_64&apos;, os.version: &apos;10.9.2&apos;, java.version: &apos;1.7.0_25&apos;
Session ID: c38c3ca2-1121-44e0-be81-f3a9340ceb9a
Driver info: com.nbcuni.test.publisher.common.Driver.Driver
Capabilities [{platform=MAC, acceptSslCerts=true, javascriptEnabled=true, browserName=chrome, chrome={userDataDir=/var/folders/33/xf0ch4pd75qbhlq2gf2s58l40000gn/T/.org.chromium.Chromium.wXIhfo}, rotatable=false, locationContextEnabled=true, webdriver.remote.sessionid=c38c3ca2-1121-44e0-be81-f3a9340ceb9a, version=33.0.1750.152, takesHeapSnapshot=true, cssSelectorsEnabled=true, databaseEnabled=false, handlesAlerts=true, browserConnectionEnabled=false, webStorageEnabled=true, nativeEvents=true, applicationCacheEnabled=false, takesScreenshot=true}]
	at org.openqa.selenium.remote.ErrorHandler.createThrowable(ErrorHandler.java:191)
	at org.openqa.selenium.remote.ErrorHandler.throwIfResponseFailed(ErrorHandler.java:145)
	at org.openqa.selenium.remote.RemoteWebDriver.execute(RemoteWebDriver.java:554)
	at org.openqa.selenium.remote.RemoteWebDriver.findElement(RemoteWebDriver.java:307)
	at org.openqa.selenium.remote.RemoteWebDriver.findElementByXPath(RemoteWebDriver.java:404)
	at org.openqa.selenium.By$ByXPath.findElement(By.java:344)
	at org.openqa.selenium.remote.RemoteWebDriver.findElement(RemoteWebDriver.java:299)
	at org.openqa.selenium.support.pagefactory.DefaultElementLocator.findElement(DefaultElementLocator.java:59)
	at org.openqa.selenium.support.pagefactory.internal.LocatingElementHandler.invoke(LocatingElementHandler.java:34)
	at com.sun.proxy.$Proxy12.getText(Unknown Source)
	at com.nbcuni.test.publisher.pageobjects.Content.ContentParent.VerifyMessageStatus(ContentParent.java:88)
	at com.nbcuni.test.publisher.tests.ContentEntityCreationManagement.ContentTypesEntities.CharacterProfile.CreateCharacterProfile.CreateCharacterProfile_Test(CreateCharacterProfile.java:51)
	at java.util.concurrent.ThreadPoolExecutor.runWorker(ThreadPoolExecutor.java:1145)
	at java.util.concurrent.ThreadPoolExecutor$Worker.run(ThreadPoolExecutor.java:615)
	at java.lang.Thread.run(Thread.java:724)
Caused by: org.openqa.selenium.remote.ScreenshotException: Screen shot has been taken
Build info: version: &apos;2.35.0&apos;, revision: &apos;8df0c6bedf70ff9f22c647788f9fe9c8d22210e2&apos;, time: &apos;2013-08-17 12:46:41&apos;
System info: os.name: &apos;Mac OS X&apos;, os.arch: &apos;x86_64&apos;, os.version: &apos;10.9.2&apos;, java.version: &apos;1.7.0_25&apos;
Driver info: driver.version: RemoteWebDriver
	at org.openqa.selenium.remote.ErrorHandler.throwIfResponseFailed(ErrorHandler.java:125)
	... 23 more
Caused by: org.openqa.selenium.NoSuchElementException: no such element
  (Session info: chrome=33.0.1750.152)
  (Driver info: chromedriver=2.8.241036,platform=Mac OS X 10.9.2 x86_64) (WARNING: The server did not provide any stacktrace information)
Command duration or timeout: 30.00 seconds
For documentation on this error, please visit: http://seleniumhq.org/exceptions/no_such_element.html
Build info: version: &apos;2.35.0&apos;, revision: &apos;8df0c6bedf70ff9f22c647788f9fe9c8d22210e2&apos;, time: &apos;2013-08-17 12:46:41&apos;
System info: os.name: &apos;Mac OS X&apos;, os.arch: &apos;x86_64&apos;, os.version: &apos;10.9.2&apos;, java.version: &apos;1.7.0_25&apos;
Session ID: 8ede33969e14e97e86dec7ca056c5045
Driver info: org.openqa.selenium.chrome.ChromeDriver
Capabilities [{platform=MAC, acceptSslCerts=true, javascriptEnabled=true, browserName=chrome, chrome={userDataDir=/var/folders/33/xf0ch4pd75qbhlq2gf2s58l40000gn/T/.org.chromium.Chromium.wXIhfo}, rotatable=false, locationContextEnabled=true, version=33.0.1750.152, takesHeapSnapshot=true, cssSelectorsEnabled=true, databaseEnabled=false, handlesAlerts=true, browserConnectionEnabled=false, webStorageEnabled=true, nativeEvents=true, applicationCacheEnabled=false, takesScreenshot=true}]
For documentation on this error, please visit: http://seleniumhq.org/exceptions/no_such_element.html
Build info: version: &apos;2.35.0&apos;, revision: &apos;8df0c6bedf70ff9f22c647788f9fe9c8d22210e2&apos;, time: &apos;2013-08-17 12:46:41&apos;
System info: os.name: &apos;Mac OS X&apos;, os.arch: &apos;x86_64&apos;, os.version: &apos;10.9.2&apos;, java.version: &apos;1.7.0_25&apos;
Driver info: driver.version: EventFiringWebDriver
	at org.openqa.selenium.remote.ErrorHandler.createThrowable(ErrorHandler.java:191)
	at org.openqa.selenium.remote.ErrorHandler.throwIfResponseFailed(ErrorHandler.java:145)
	at org.openqa.selenium.remote.RemoteWebDriver.execute(RemoteWebDriver.java:554)
	at org.openqa.selenium.remote.RemoteWebDriver.findElement(RemoteWebDriver.java:307)
	at org.openqa.selenium.remote.RemoteWebDriver.findElementByXPath(RemoteWebDriver.java:404)
	at org.openqa.selenium.By$ByXPath.findElement(By.java:344)
	at org.openqa.selenium.remote.RemoteWebDriver.findElement(RemoteWebDriver.java:299)
	at org.openqa.selenium.support.events.EventFiringWebDriver$2.invoke(EventFiringWebDriver.java:101)
	at com.sun.proxy.$Proxy10.findElement(Unknown Source)
	at org.openqa.selenium.support.events.EventFiringWebDriver.findElement(EventFiringWebDriver.java:180)
	at org.openqa.selenium.remote.server.handler.FindElement.call(FindElement.java:47)
	at org.openqa.selenium.remote.server.handler.FindElement.call(FindElement.java:33)
	at java.util.concurrent.FutureTask$Sync.innerRun(FutureTask.java:334)
	at java.util.concurrent.FutureTask.run(FutureTask.java:166)
	at org.openqa.selenium.remote.server.DefaultSession$1.run(DefaultSession.java:169)
	... 3 more
... Removed 21 stack frames</div>
</div>
<p class="totop"><a href="#summary">back to summary</a></p>
<h1>All Consecutive Web Tests</h1>
<h2 id="m3">com.nbcuni.test.publisher.tests.Setup.TestSetup:TestSetup_Test</h2>
<div>
<h3>Test Messages</h3>
Open url 'http://qa4.qa.nbcupublisher7.publisher7.com'.<br/>
Enter the user's email address in the 'Email Address' text box.<br/>
Enter the user's password in the 'Password' text box.<br/>
Click the 'Login' button.<br/>
Screenshot saved to /Users/brandonclark/SQE-TEST-Pub7/main/test-output/screenshots/TestSetup_Test.png <br/>
<br><br><a href='/Users/brandonclark/SQE-TEST-Pub7/main/test-output/screenshots/TestSetup_Test.png'> <img src='/Users/brandonclark/SQE-TEST-Pub7/main/test-output/screenshots/TestSetup_Test.png' height='500' width='500'/> </a><br/>
<h3>Failure</h3>
<div class="stacktrace">java.lang.AssertionError: Some craziness here
	at com.nbcuni.test.publisher.tests.Setup.TestSetup.TestSetup_Test(TestSetup.java:31)
... Removed 26 stack frames</div>
</div>
<p class="totop"><a href="#summary">back to summary</a></p>
<h2 id="m4">com.nbcuni.test.publisher.tests.Setup.TestSetup:TestSetup_Test</h2>
<div>
<h3>Test Messages</h3>
Open url 'http://qa4.qa.nbcupublisher7.publisher7.com'.<br/>
Enter the user's email address in the 'Email Address' text box.<br/>
Enter the user's password in the 'Password' text box.<br/>
Click the 'Login' button.<br/>
Screenshot saved to /Users/brandonclark/SQE-TEST-Pub7/main/test-output/screenshots/TestSetup_Test.png <br/>
<br><br><a href='/Users/brandonclark/SQE-TEST-Pub7/main/test-output/screenshots/TestSetup_Test.png'> <img src='/Users/brandonclark/SQE-TEST-Pub7/main/test-output/screenshots/TestSetup_Test.png' height='500' width='500'/> </a><br/>
<h3>Failure</h3>
<div class="stacktrace">java.lang.AssertionError: Some craziness here
	at com.nbcuni.test.publisher.tests.Setup.TestSetup.TestSetup_Test(TestSetup.java:31)
... Removed 26 stack frames</div>
</div>
<p class="totop"><a href="#summary">back to summary</a></p>
</body></html>
