<!DOCTYPE html PUBLIC "-//W3C//DTD XHTML 1.1//EN" "http://www.w3.org/TR/xhtml11/DTD/xhtml11.dtd">
<html xmlns="http://www.w3.org/1999/xhtml">
<head>
<title>TestNG Report</title>
<style type="text/css">
table {margin-bottom:10px;border-collapse:collapse;empty-cells:show}
td,th {border:1px solid #009;padding:.25em .5em}
.result th {vertical-align:bottom}
.param th {padding-left:1em;padding-right:1em}
.param td {padding-left:.5em;padding-right:2em}
.stripe td,.stripe th {background-color: #E6EBF9}
.numi,.numi_attn {text-align:right}
.total td {font-weight:bold}
.passedodd td {background-color: #0A0}
.passedeven td {background-color: #3F3}
.skippedodd td {background-color: #CCC}
.skippedodd td {background-color: #DDD}
.failedodd td,.numi_attn {background-color: #F33}
.failedeven td,.stripe .numi_attn {background-color: #D00}
.stacktrace {white-space:pre;font-family:monospace}
.totop {font-size:85%;text-align:center;border-bottom:2px solid #000}
</style>
</head>
<body>
<table cellspacing="0" cellpadding="0" class="testOverview">
<tr><th>Test</th><th>Methods<br/>Passed</th><th>Scenarios<br/>Passed</th><th># skipped</th><th># failed</th><th>Total<br/>Time</th><th>Included<br/>Groups</th><th>Excluded<br/>Groups</th></tr>
<tr><th colspan="8">Pub 7 Concurrent Suite</th></tr>
<tr><td style="text-align:left;padding-right:2em"><a href="#t1">All Concurrent Web Tests</a></td><td class="numi">0</td><td class="numi">0</td><td class="numi">0</td><td class="numi_attn">2</td><td class="numi">47.9 seconds</td><td class="numi">full </td><td class="numi"></td></tr>
<tr><th colspan="8">Pub 7 Consecutive Suite</th></tr>
<tr><td style="text-align:left;padding-right:2em"><a href="#t2">All Consecutive Web Tests</a></td><td class="numi">0</td><td class="numi">0</td><td class="numi">0</td><td class="numi_attn">2</td><td class="numi">68.9 seconds</td><td class="numi">full </td><td class="numi"></td></tr>
<tr><th colspan="8">Publisher 7 Test Suites</th></tr>
<tr class="total"><td>Total</td>
<td class="numi">0</td><td class="numi">0</td><td class="numi">0</td><td class="numi_attn">4</td><td class="numi">122.6 seconds</td><td colspan="2">&nbsp;</td></tr>
</table>
<table cellspacing="0" cellpadding="0" class="methodOverview" id="summary">
<tr><th>Class</th><th>Method</th><th># of<br/>Scenarios</th><th>Start</th><th>Time<br/>(ms)</th></tr>
<tr><th colspan="5">Pub 7 Concurrent Suite</th></tr>
<tr id="t1"><th colspan="5">All Concurrent Web Tests &#8212; failed</th></tr>
<tr class="failedodd"><td rowspan="2">com.nbcuni.test.publisher.tests.ContentEntityCreationManagement.ContentTypesEntities.CharacterProfile.CreateCharacterProfile</td><td><a href="#m1"><b>CreateCharacterProfile_TC1041</b> (full) </a></td><td class="numi">2</td><td>1402613397228</td><td class="numi">37154</td></tr><tr class="failedodd"><td><a href="#m2"><b>CreateCharacterProfile_TC1041</b> (full) </a></td><td class="numi">2</td><td>1402613397228</td><td class="numi">37154</td></tr>
<tr><th colspan="5">Pub 7 Consecutive Suite</th></tr>
<tr id="t2"><th colspan="5">All Consecutive Web Tests &#8212; failed</th></tr>
<tr class="failedodd"><td rowspan="2">com.nbcuni.test.publisher.tests.Setup.TestSetup</td><td><a href="#m3"><b>TestSetup_Test</b> (mpx, full, smoke) </a></td><td class="numi">2</td><td>1402613322930</td><td class="numi">65772</td></tr><tr class="failedodd"><td><a href="#m4"><b>TestSetup_Test</b> (mpx, full, smoke) </a></td><td class="numi">2</td><td>1402613322930</td><td class="numi">65772</td></tr>
<tr><th colspan="5">Publisher 7 Test Suites</th></tr>
</table>
<h1>All Concurrent Web Tests</h1>
<h2 id="m1">com.nbcuni.test.publisher.tests.ContentEntityCreationManagement.ContentTypesEntities.CharacterProfile.CreateCharacterProfile:CreateCharacterProfile_TC1041</h2>
<div>
<h3>Test Messages</h3>
Open url 'http://update.qa5.nbcupublisher7.publisher7.com'.<br/>
Enter 'admin@publisher.nbcuni.com' in the 'Email Address' text box.<br/>
Enter 'pa55word' in the 'Password' text box.<br/>
Click the 'Login' button.<br/>
Screenshot saved to /Users/brandonclark/SQE-TEST-Pub7/main/test-output/screenshots/CreateCharacterProfile_TC1041_061214065034PM.png <br/>
<br><br><a href='/Users/brandonclark/SQE-TEST-Pub7/main/test-output/screenshots/CreateCharacterProfile_TC1041_061214065034PM.png'> <img src='/Users/brandonclark/SQE-TEST-Pub7/main/test-output/screenshots/CreateCharacterProfile_TC1041_061214065034PM.png' height='500' width='500'/> </a><br/>
Cache was cleared on test failure<br/>
<h3>Failure</h3>
<div class="stacktrace">java.lang.AssertionError: FAILING TEST HERE.
	at com.nbcuni.test.publisher.tests.ContentEntityCreationManagement.ContentTypesEntities.CharacterProfile.CreateCharacterProfile.CreateCharacterProfile_TC1041(CreateCharacterProfile.java:26)
	at java.util.concurrent.ThreadPoolExecutor.runWorker(ThreadPoolExecutor.java:1145)
	at java.util.concurrent.ThreadPoolExecutor$Worker.run(ThreadPoolExecutor.java:615)
	at java.lang.Thread.run(Thread.java:724)
... Removed 11 stack frames</div>
</div>
<p class="totop"><a href="#summary">back to summary</a></p>
<h2 id="m2">com.nbcuni.test.publisher.tests.ContentEntityCreationManagement.ContentTypesEntities.CharacterProfile.CreateCharacterProfile:CreateCharacterProfile_TC1041</h2>
<div>
<h3>Test Messages</h3>
Open url 'http://update.qa5.nbcupublisher7.publisher7.com'.<br/>
Enter 'admin@publisher.nbcuni.com' in the 'Email Address' text box.<br/>
Enter 'pa55word' in the 'Password' text box.<br/>
Click the 'Login' button.<br/>
Screenshot saved to /Users/brandonclark/SQE-TEST-Pub7/main/test-output/screenshots/CreateCharacterProfile_TC1041_061214065008PM.png <br/>
<br><br><a href='/Users/brandonclark/SQE-TEST-Pub7/main/test-output/screenshots/CreateCharacterProfile_TC1041_061214065008PM.png'> <img src='/Users/brandonclark/SQE-TEST-Pub7/main/test-output/screenshots/CreateCharacterProfile_TC1041_061214065008PM.png' height='500' width='500'/> </a><br/>
Cache was cleared on test failure<br/>
<h3>Failure</h3>
<div class="stacktrace">java.lang.AssertionError: FAILING TEST HERE.
	at com.nbcuni.test.publisher.tests.ContentEntityCreationManagement.ContentTypesEntities.CharacterProfile.CreateCharacterProfile.CreateCharacterProfile_TC1041(CreateCharacterProfile.java:26)
	at java.util.concurrent.ThreadPoolExecutor.runWorker(ThreadPoolExecutor.java:1145)
	at java.util.concurrent.ThreadPoolExecutor$Worker.run(ThreadPoolExecutor.java:615)
	at java.lang.Thread.run(Thread.java:724)
... Removed 11 stack frames</div>
</div>
<p class="totop"><a href="#summary">back to summary</a></p>
<h1>All Consecutive Web Tests</h1>
<h2 id="m3">com.nbcuni.test.publisher.tests.Setup.TestSetup:TestSetup_Test</h2>
<div>
<h3>Test Messages</h3>
Open url 'http://update.qa5.nbcupublisher7.publisher7.com'.<br/>
Enter 'admin@publisher.nbcuni.com' in the 'Email Address' text box.<br/>
Screenshot saved to /Users/brandonclark/SQE-TEST-Pub7/main/test-output/screenshots/TestSetup_Test_061214064948PM.png <br/>
<h3>Failure</h3>
<div class="stacktrace">org.openqa.selenium.WebDriverException: Build info: version: &apos;2.35.0&apos;, revision: &apos;8df0c6bedf70ff9f22c647788f9fe9c8d22210e2&apos;, time: &apos;2013-08-17 12:46:41&apos;
System info: os.name: &apos;Mac OS X&apos;, os.arch: &apos;x86_64&apos;, os.version: &apos;10.9.3&apos;, java.version: &apos;1.7.0_25&apos;
Session ID: ad0c0b72-b8e7-4a53-9793-a9e8c9cea186
Driver info: com.nbcuni.test.publisher.common.Driver.Driver
Capabilities [{platform=MAC, acceptSslCerts=true, javascriptEnabled=true, browserName=chrome, chrome={userDataDir=/var/folders/33/xf0ch4pd75qbhlq2gf2s58l40000gn/T/.org.chromium.Chromium.5W1xKI}, rotatable=false, locationContextEnabled=true, webdriver.remote.sessionid=ad0c0b72-b8e7-4a53-9793-a9e8c9cea186, version=35.0.1916.153, takesHeapSnapshot=true, cssSelectorsEnabled=true, databaseEnabled=false, handlesAlerts=true, browserConnectionEnabled=false, webStorageEnabled=true, nativeEvents=true, applicationCacheEnabled=false, takesScreenshot=true}]
	at org.openqa.selenium.remote.ErrorHandler.createThrowable(ErrorHandler.java:191)
	at org.openqa.selenium.remote.ErrorHandler.throwIfResponseFailed(ErrorHandler.java:145)
	at org.openqa.selenium.remote.RemoteWebDriver.execute(RemoteWebDriver.java:554)
	at org.openqa.selenium.remote.RemoteWebDriver.findElement(RemoteWebDriver.java:307)
	at org.openqa.selenium.remote.RemoteWebDriver.findElementByXPath(RemoteWebDriver.java:404)
	at org.openqa.selenium.By$ByXPath.findElement(By.java:344)
	at org.openqa.selenium.remote.RemoteWebDriver.findElement(RemoteWebDriver.java:299)
	at org.openqa.selenium.support.pagefactory.DefaultElementLocator.findElement(DefaultElementLocator.java:59)
	at org.openqa.selenium.support.pagefactory.internal.LocatingElementHandler.invoke(LocatingElementHandler.java:34)
	at com.sun.proxy.$Proxy12.sendKeys(Unknown Source)
	at com.nbcuni.test.publisher.pageobjects.UserLogin.EnterEmailAddress(UserLogin.java:44)
	at com.nbcuni.test.publisher.pageobjects.UserLogin.Login(UserLogin.java:69)
	at com.nbcuni.test.publisher.tests.Setup.TestSetup.TestSetup_Test(TestSetup.java:26)
Caused by: java.lang.NullPointerException
	at org.openqa.selenium.support.events.EventFiringWebDriver.extractInterfaces(EventFiringWebDriver.java:117)
	at org.openqa.selenium.support.events.EventFiringWebDriver.access$500(EventFiringWebDriver.java:63)
	at org.openqa.selenium.support.events.EventFiringWebDriver$EventFiringWebElement.&lt;init&gt;(EventFiringWebDriver.java:318)
	at org.openqa.selenium.support.events.EventFiringWebDriver$EventFiringWebElement.&lt;init&gt;(EventFiringWebDriver.java:312)
	at org.openqa.selenium.support.events.EventFiringWebDriver.createWebElement(EventFiringWebDriver.java:282)
	at org.openqa.selenium.support.events.EventFiringWebDriver.findElement(EventFiringWebDriver.java:182)
	at org.openqa.selenium.remote.server.handler.FindElement.call(FindElement.java:47)
	at org.openqa.selenium.remote.server.handler.FindElement.call(FindElement.java:33)
	at java.util.concurrent.FutureTask$Sync.innerRun(FutureTask.java:334)
	at java.util.concurrent.FutureTask.run(FutureTask.java:166)
	at org.openqa.selenium.remote.server.DefaultSession$1.run(DefaultSession.java:169)
	at java.util.concurrent.ThreadPoolExecutor.runWorker(ThreadPoolExecutor.java:1145)
	at java.util.concurrent.ThreadPoolExecutor$Worker.run(ThreadPoolExecutor.java:615)
	at java.lang.Thread.run(Thread.java:724)
... Removed 29 stack frames</div>
</div>
<p class="totop"><a href="#summary">back to summary</a></p>
<h2 id="m4">com.nbcuni.test.publisher.tests.Setup.TestSetup:TestSetup_Test</h2>
<div>
<h3>Test Messages</h3>
Open url 'http://update.qa5.nbcupublisher7.publisher7.com'.<br/>
Enter 'admin@publisher.nbcuni.com' in the 'Email Address' text box.<br/>
Enter 'pa55word' in the 'Password' text box.<br/>
Click the 'Login' button.<br/>
Click the 'Modules' menu link.<br/>
Switch to frame titled 'Modules'.<br/>
Screenshot saved to /Users/brandonclark/SQE-TEST-Pub7/main/test-output/screenshots/TestSetup_Test_061214064939PM.png <br/>
<h3>Failure</h3>
<div class="stacktrace">org.openqa.selenium.WebDriverException: Build info: version: &apos;2.35.0&apos;, revision: &apos;8df0c6bedf70ff9f22c647788f9fe9c8d22210e2&apos;, time: &apos;2013-08-17 12:46:41&apos;
System info: os.name: &apos;Mac OS X&apos;, os.arch: &apos;x86_64&apos;, os.version: &apos;10.9.3&apos;, java.version: &apos;1.7.0_25&apos;
Session ID: f137085f-e075-46f0-b427-885c2285d23d
Driver info: com.nbcuni.test.publisher.common.Driver.Driver
Capabilities [{platform=MAC, acceptSslCerts=true, javascriptEnabled=true, browserName=chrome, chrome={userDataDir=/var/folders/33/xf0ch4pd75qbhlq2gf2s58l40000gn/T/.org.chromium.Chromium.6NqXNq}, rotatable=false, locationContextEnabled=true, webdriver.remote.sessionid=f137085f-e075-46f0-b427-885c2285d23d, version=35.0.1916.153, takesHeapSnapshot=true, cssSelectorsEnabled=true, databaseEnabled=false, handlesAlerts=true, browserConnectionEnabled=false, webStorageEnabled=true, nativeEvents=true, applicationCacheEnabled=false, takesScreenshot=true}]
	at org.openqa.selenium.remote.ErrorHandler.createThrowable(ErrorHandler.java:191)
	at org.openqa.selenium.remote.ErrorHandler.throwIfResponseFailed(ErrorHandler.java:145)
	at org.openqa.selenium.remote.RemoteWebDriver.execute(RemoteWebDriver.java:554)
	at org.openqa.selenium.remote.RemoteWebDriver.findElement(RemoteWebDriver.java:307)
	at org.openqa.selenium.remote.RemoteWebDriver.findElementByXPath(RemoteWebDriver.java:404)
	at org.openqa.selenium.By$ByXPath.findElement(By.java:344)
	at org.openqa.selenium.remote.RemoteWebDriver.findElement(RemoteWebDriver.java:299)
	at com.nbcuni.test.publisher.pageobjects.Overlay.Dialog_Frm(Overlay.java:49)
	at com.nbcuni.test.publisher.pageobjects.Overlay.SwitchToFrame(Overlay.java:71)
	at com.nbcuni.test.publisher.tests.Setup.TestSetup.TestSetup_Test(TestSetup.java:30)
Caused by: java.lang.NullPointerException
	at org.openqa.selenium.support.events.EventFiringWebDriver.extractInterfaces(EventFiringWebDriver.java:117)
	at org.openqa.selenium.support.events.EventFiringWebDriver.access$500(EventFiringWebDriver.java:63)
	at org.openqa.selenium.support.events.EventFiringWebDriver$EventFiringWebElement.&lt;init&gt;(EventFiringWebDriver.java:318)
	at org.openqa.selenium.support.events.EventFiringWebDriver$EventFiringWebElement.&lt;init&gt;(EventFiringWebDriver.java:312)
	at org.openqa.selenium.support.events.EventFiringWebDriver.createWebElement(EventFiringWebDriver.java:282)
	at org.openqa.selenium.support.events.EventFiringWebDriver.findElement(EventFiringWebDriver.java:182)
	at org.openqa.selenium.remote.server.handler.FindElement.call(FindElement.java:47)
	at org.openqa.selenium.remote.server.handler.FindElement.call(FindElement.java:33)
	at java.util.concurrent.FutureTask$Sync.innerRun(FutureTask.java:334)
	at java.util.concurrent.FutureTask.run(FutureTask.java:166)
	at org.openqa.selenium.remote.server.DefaultSession$1.run(DefaultSession.java:169)
	at java.util.concurrent.ThreadPoolExecutor.runWorker(ThreadPoolExecutor.java:1145)
	at java.util.concurrent.ThreadPoolExecutor$Worker.run(ThreadPoolExecutor.java:615)
	at java.lang.Thread.run(Thread.java:724)
... Removed 29 stack frames</div>
</div>
<p class="totop"><a href="#summary">back to summary</a></p>
</body></html>
