<!DOCTYPE html PUBLIC "-//W3C//DTD XHTML 1.1//EN" "http://www.w3.org/TR/xhtml11/DTD/xhtml11.dtd">
<html xmlns="http://www.w3.org/1999/xhtml">
<head>
<title>TestNG Report</title>
<style type="text/css">
table {margin-bottom:10px;border-collapse:collapse;empty-cells:show}
td,th {border:1px solid #009;padding:.25em .5em}
.result th {vertical-align:bottom}
.param th {padding-left:1em;padding-right:1em}
.param td {padding-left:.5em;padding-right:2em}
.stripe td,.stripe th {background-color: #E6EBF9}
.numi,.numi_attn {text-align:right}
.total td {font-weight:bold}
.passedodd td {background-color: #0A0}
.passedeven td {background-color: #3F3}
.skippedodd td {background-color: #CCC}
.skippedodd td {background-color: #DDD}
.failedodd td,.numi_attn {background-color: #F33}
.failedeven td,.stripe .numi_attn {background-color: #D00}
.stacktrace {white-space:pre;font-family:monospace}
.totop {font-size:85%;text-align:center;border-bottom:2px solid #000}
</style>
</head>
<body>
<table cellspacing="0" cellpadding="0" class="testOverview">
<tr><th>Test</th><th>Methods<br/>Passed</th><th>Scenarios<br/>Passed</th><th># skipped</th><th># failed</th><th>Total<br/>Time</th><th>Included<br/>Groups</th><th>Excluded<br/>Groups</th></tr>
<tr><th colspan="8">Pub 7 Concurrent Suite</th></tr>
<tr><td style="text-align:left;padding-right:2em"><a href="#t1">All Concurrent Web Tests</a></td><td class="numi">0</td><td class="numi">0</td><td class="numi_attn">1</td><td class="numi">0</td><td class="numi">5.8 seconds</td><td class="numi">full </td><td class="numi"></td></tr>
<tr><th colspan="8">Pub 7 Consecutive Suite</th></tr>
<tr><td style="text-align:left;padding-right:2em"><a href="#t2">All Consecutive Web Tests</a></td><td class="numi">0</td><td class="numi">0</td><td class="numi">0</td><td class="numi_attn">1</td><td class="numi">61.5 seconds</td><td class="numi">full </td><td class="numi"></td></tr>
<tr><th colspan="8">Publisher 7 Test Suites</th></tr>
<tr class="total"><td>Total</td>
<td class="numi">0</td><td class="numi">0</td><td class="numi_attn">1</td><td class="numi_attn">1</td><td class="numi">68.0 seconds</td><td colspan="2">&nbsp;</td></tr>
</table>
<table cellspacing="0" cellpadding="0" class="methodOverview" id="summary">
<tr><th>Class</th><th>Method</th><th># of<br/>Scenarios</th><th>Start</th><th>Time<br/>(ms)</th></tr>
<tr><th colspan="5">Pub 7 Concurrent Suite</th></tr>
<tr id="t1"><th colspan="5">All Concurrent Web Tests &#8212; skipped</th></tr>
<tr class="skippedodd"><td>com.nbcuni.test.publisher.tests.Advertising.Comscore.Pixelman</td><td><a href="#m1"><b>Pixelman_TC1155</b> (full, smoke) </a></td><td class="numi">1</td><td>1407327631503</td><td class="numi">1</td></tr>
<tr><th colspan="5">Pub 7 Consecutive Suite</th></tr>
<tr id="t2"><th colspan="5">All Consecutive Web Tests &#8212; failed</th></tr>
<tr class="failedodd"><td>com.nbcuni.test.publisher.tests.Setup.A1_TestSetup</td><td><a href="#m2"><b>TestSetup_Test</b> (mpx, full, smoke) </a></td><td class="numi">1</td><td>1407327569648</td><td class="numi">55846</td></tr>
<tr><th colspan="5">Publisher 7 Test Suites</th></tr>
</table>
<h1>All Concurrent Web Tests</h1>
<h2 id="m1">com.nbcuni.test.publisher.tests.Advertising.Comscore.Pixelman:Pixelman_TC1155</h2>
<div>
<h3>Test Messages</h3>
Screenshot saved to /Users/brandonclark/SQE-TEST-Pub7/main/test-output/screenshots/Pixelman_TC1155_080614082031AM.png <br/>
<br><br><a href='/Users/brandonclark/SQE-TEST-Pub7/main/test-output/screenshots/Pixelman_TC1155_080614082031AM.png'> <img src='/Users/brandonclark/SQE-TEST-Pub7/main/test-output/screenshots/Pixelman_TC1155_080614082031AM.png' height='500' width='500'/> </a><br/>
<h3>Failure</h3>
<div class="stacktrace">org.testng.SkipException: TestSetup Failed - Skipping test Pixelman_TC1155
	at com.nbcuni.test.publisher.common.TestListeners.onTestStart(TestListeners.java:50)
	at java.util.concurrent.ThreadPoolExecutor.runWorker(ThreadPoolExecutor.java:1145)
	at java.util.concurrent.ThreadPoolExecutor$Worker.run(ThreadPoolExecutor.java:615)
	at java.lang.Thread.run(Thread.java:724)
... Removed 7 stack frames</div>
</div>
<p class="totop"><a href="#summary">back to summary</a></p>
<h1>All Consecutive Web Tests</h1>
<h2 id="m2">com.nbcuni.test.publisher.tests.Setup.A1_TestSetup:TestSetup_Test</h2>
<div>
<h3>Test Messages</h3>
Open url 'http://update.qa5.nbcupublisher7.publisher7.com'.<br/>
Enter 'admin@publisher.nbcuni.com' in the 'Email Address' text box.<br/>
Enter 'pa55word' in the 'Password' text box.<br/>
Click the 'Login' button.<br/>
Open url 'http://update.qa5.nbcupublisher7.publisher7.com'.<br/>
Enter 'admin@publisher.nbcuni.com' in the 'Email Address' text box.<br/>
Enter 'pa55word' in the 'Password' text box.<br/>
Click the 'Login' button.<br/>
Open url 'http://update.qa5.nbcupublisher7.publisher7.com'.<br/>
Enter 'admin@publisher.nbcuni.com' in the 'Email Address' text box.<br/>
Enter 'pa55word' in the 'Password' text box.<br/>
Click the 'Login' button.<br/>
Open url 'http://update.qa5.nbcupublisher7.publisher7.com'.<br/>
Enter 'admin@publisher.nbcuni.com' in the 'Email Address' text box.<br/>
Enter 'pa55word' in the 'Password' text box.<br/>
Click the 'Login' button.<br/>
Screenshot saved to /Users/brandonclark/SQE-TEST-Pub7/main/test-output/screenshots/TestSetup_Test_080614082025AM.png <br/>
<br><br><a href='/Users/brandonclark/SQE-TEST-Pub7/main/test-output/screenshots/TestSetup_Test_080614082025AM.png'> <img src='/Users/brandonclark/SQE-TEST-Pub7/main/test-output/screenshots/TestSetup_Test_080614082025AM.png' height='500' width='500'/> </a><br/>
<h3>Failure</h3>
<div class="stacktrace">java.lang.AssertionError: null
	at com.nbcuni.test.publisher.tests.Setup.A1_TestSetup.TestSetup_Test(A1_TestSetup.java:273)
... Removed 27 stack frames</div>
</div>
<p class="totop"><a href="#summary">back to summary</a></p>
</body></html>
