<html>
<head>
<title>TestNG:  All Web Tests(failed)(failed)</title>
<link href="../testng.css" rel="stylesheet" type="text/css" />
<link href="../my-testng.css" rel="stylesheet" type="text/css" />

<style type="text/css">
.log { display: none;} 
.stack-trace { display: none;} 
</style>
<script type="text/javascript">
<!--
function flip(e) {
  current = e.style.display;
  if (current == 'block') {
    e.style.display = 'none';
    return 0;
  }
  else {
    e.style.display = 'block';
    return 1;
  }
}

function toggleBox(szDivId, elem, msg1, msg2)
{
  var res = -1;  if (document.getElementById) {
    res = flip(document.getElementById(szDivId));
  }
  else if (document.all) {
    // this is the way old msie versions work
    res = flip(document.all[szDivId]);
  }
  if(elem) {
    if(res == 0) elem.innerHTML = msg1; else elem.innerHTML = msg2;
  }

}

function toggleAllBoxes() {
  if (document.getElementsByTagName) {
    d = document.getElementsByTagName('div');
    for (i = 0; i < d.length; i++) {
      if (d[i].className == 'log') {
        flip(d[i]);
      }
    }
  }
}

// -->
</script>

</head>
<body>
<h2 align='center'>All Web Tests(failed)(failed)</h2><table border='1' align="center">
<tr>
<td>Tests passed/Failed/Skipped:</td><td>0/0/4</td>
</tr><tr>
<td>Started on:</td><td>Thu Jan 30 21:34:28 EST 2014</td>
</tr>
<tr><td>Total time:</td><td>0 seconds (615 ms)</td>
</tr><tr>
<td>Included groups:</td><td>full </td>
</tr><tr>
<td>Excluded groups:</td><td></td>
</tr>
</table><p/>
<small><i>(Hover the method name to see the test class name)</i></small><p/>
<table width='100%' border='1' class='invocation-failed'>
<tr><td colspan='4' align='center'><b>FAILED CONFIGURATIONS</b></td></tr>
<tr><td><b>Test method</b></td>
<td width="30%"><b>Exception</b></td>
<td width="10%"><b>Time (seconds)</b></td>
<td><b>Instance</b></td>
</tr>
<tr>
<td title='com.nbcuni.test.publisher.tests.ContentEntityCreationManagement.ContentandEntityRelationships.CastCrewFieldCollectionsVerification_Movie.startSelenium()'><b>startSelenium</b><br>Test class: com.nbcuni.test.publisher.tests.ContentEntityCreationManagement.ContentandEntityRelationships.CastCrewFieldCollectionsVerification_Movie<br>Parameters: PROD</td>
<td><div><pre>java.lang.AssertionError: Error initializing the hubnull
	at com.nbcuni.test.webdriver.WebDriverClientExecution.getDriver(WebDriverClientExecution.java:296)
	at com.nbcuni.test.publisher.common.ParentTest.startSelenium(ParentTest.java:37)
	at java.util.concurrent.ThreadPoolExecutor$Worker.runTask(ThreadPoolExecutor.java:895)
	at java.util.concurrent.ThreadPoolExecutor$Worker.run(ThreadPoolExecutor.java:918)
	at java.lang.Thread.run(Thread.java:695)
... Removed 13 stack frames</pre></div><a href='#' onClick='toggleBox("stack-trace1480218516", this, "Click to show all stack frames", "Click to hide stack frames")'>Click to show all stack frames</a>
<div class='stack-trace' id='stack-trace1480218516'><pre>java.lang.AssertionError: Error initializing the hubnull
	at org.testng.AssertJUnit.fail(AssertJUnit.java:59)
	at com.nbcuni.test.webdriver.WebDriverClientExecution.getDriver(WebDriverClientExecution.java:296)
	at com.nbcuni.test.publisher.common.ParentTest.startSelenium(ParentTest.java:37)
	at sun.reflect.NativeMethodAccessorImpl.invoke0(Native Method)
	at sun.reflect.NativeMethodAccessorImpl.invoke(NativeMethodAccessorImpl.java:39)
	at sun.reflect.DelegatingMethodAccessorImpl.invoke(DelegatingMethodAccessorImpl.java:25)
	at java.lang.reflect.Method.invoke(Method.java:597)
	at org.testng.internal.MethodInvocationHelper.invokeMethod(MethodInvocationHelper.java:84)
	at org.testng.internal.Invoker.invokeConfigurationMethod(Invoker.java:564)
	at org.testng.internal.Invoker.invokeConfigurations(Invoker.java:213)
	at org.testng.internal.Invoker.invokeMethod(Invoker.java:653)
	at org.testng.internal.Invoker.invokeTestMethod(Invoker.java:901)
	at org.testng.internal.Invoker.invokeTestMethods(Invoker.java:1231)
	at org.testng.internal.TestMethodWorker.invokeTestMethods(TestMethodWorker.java:127)
	at org.testng.internal.TestMethodWorker.run(TestMethodWorker.java:111)
	at java.util.concurrent.ThreadPoolExecutor$Worker.runTask(ThreadPoolExecutor.java:895)
	at java.util.concurrent.ThreadPoolExecutor$Worker.run(ThreadPoolExecutor.java:918)
	at java.lang.Thread.run(Thread.java:695)
</pre></div></td>
<td>0</td>
<td>com.nbcuni.test.publisher.tests.ContentEntityCreationManagement.ContentandEntityRelationships.CastCrewFieldCollectionsVerification_Movie@df4cbee</td></tr>
<tr>
<td title='com.nbcuni.test.publisher.tests.ContentEntityCreationManagement.ContentandEntityRelationships.CastCrewFieldCollectionsVerification_Movie.stopSelenium()'><b>stopSelenium</b><br>Test class: com.nbcuni.test.publisher.tests.ContentEntityCreationManagement.ContentandEntityRelationships.CastCrewFieldCollectionsVerification_Movie<br>Parameters: [TestResult name=CastCrewFieldCollectionsVerificationMovie_Test status=SKIP method=CastCrewFieldCollectionsVerification_Movie.CastCrewFieldCollectionsVerificationMovie_Test()[pri:0, instance:com.nbcuni.test.publisher.tests.ContentEntityCreationManagement.ContentandEntityRelationships.CastCrewFieldCollectionsVerification_Movie@df4cbee] output={null}]</td>
<td><div><pre>java.lang.NullPointerException
	at com.nbcuni.test.publisher.common.ParentTest.stopSelenium(ParentTest.java:75)
	at java.util.concurrent.ThreadPoolExecutor$Worker.runTask(ThreadPoolExecutor.java:895)
	at java.util.concurrent.ThreadPoolExecutor$Worker.run(ThreadPoolExecutor.java:918)
	at java.lang.Thread.run(Thread.java:695)
... Removed 12 stack frames</pre></div><a href='#' onClick='toggleBox("stack-trace1227469025", this, "Click to show all stack frames", "Click to hide stack frames")'>Click to show all stack frames</a>
<div class='stack-trace' id='stack-trace1227469025'><pre>java.lang.NullPointerException
	at com.nbcuni.test.publisher.common.ParentTest.stopSelenium(ParentTest.java:75)
	at sun.reflect.NativeMethodAccessorImpl.invoke0(Native Method)
	at sun.reflect.NativeMethodAccessorImpl.invoke(NativeMethodAccessorImpl.java:39)
	at sun.reflect.DelegatingMethodAccessorImpl.invoke(DelegatingMethodAccessorImpl.java:25)
	at java.lang.reflect.Method.invoke(Method.java:597)
	at org.testng.internal.MethodInvocationHelper.invokeMethod(MethodInvocationHelper.java:84)
	at org.testng.internal.Invoker.invokeConfigurationMethod(Invoker.java:564)
	at org.testng.internal.Invoker.invokeConfigurations(Invoker.java:213)
	at org.testng.internal.Invoker.invokeMethod(Invoker.java:786)
	at org.testng.internal.Invoker.invokeTestMethod(Invoker.java:901)
	at org.testng.internal.Invoker.invokeTestMethods(Invoker.java:1231)
	at org.testng.internal.TestMethodWorker.invokeTestMethods(TestMethodWorker.java:127)
	at org.testng.internal.TestMethodWorker.run(TestMethodWorker.java:111)
	at java.util.concurrent.ThreadPoolExecutor$Worker.runTask(ThreadPoolExecutor.java:895)
	at java.util.concurrent.ThreadPoolExecutor$Worker.run(ThreadPoolExecutor.java:918)
	at java.lang.Thread.run(Thread.java:695)
</pre></div></td>
<td>0</td>
<td>com.nbcuni.test.publisher.tests.ContentEntityCreationManagement.ContentandEntityRelationships.CastCrewFieldCollectionsVerification_Movie@df4cbee</td></tr>
<tr>
<td title='com.nbcuni.test.publisher.tests.UserCreationAndManagement.Permissions.CreateConfigureAndValidatePermissionsEditor.stopSelenium()'><b>stopSelenium</b><br>Test class: com.nbcuni.test.publisher.tests.UserCreationAndManagement.Permissions.CreateConfigureAndValidatePermissionsEditor<br>Parameters: [TestResult name=CreateConfigureAndValidatePermissionsEditor_Test status=SKIP method=CreateConfigureAndValidatePermissionsEditor.CreateConfigureAndValidatePermissionsEditor_Test()[pri:0, instance:com.nbcuni.test.publisher.tests.UserCreationAndManagement.Permissions.CreateConfigureAndValidatePermissionsEditor@6ee0a386] output={null}]</td>
<td><div><pre>java.lang.NullPointerException
	at com.nbcuni.test.publisher.common.ParentTest.stopSelenium(ParentTest.java:75)
	at java.util.concurrent.ThreadPoolExecutor$Worker.runTask(ThreadPoolExecutor.java:895)
	at java.util.concurrent.ThreadPoolExecutor$Worker.run(ThreadPoolExecutor.java:918)
	at java.lang.Thread.run(Thread.java:695)
... Removed 12 stack frames</pre></div><a href='#' onClick='toggleBox("stack-trace3975755", this, "Click to show all stack frames", "Click to hide stack frames")'>Click to show all stack frames</a>
<div class='stack-trace' id='stack-trace3975755'><pre>java.lang.NullPointerException
	at com.nbcuni.test.publisher.common.ParentTest.stopSelenium(ParentTest.java:75)
	at sun.reflect.NativeMethodAccessorImpl.invoke0(Native Method)
	at sun.reflect.NativeMethodAccessorImpl.invoke(NativeMethodAccessorImpl.java:39)
	at sun.reflect.DelegatingMethodAccessorImpl.invoke(DelegatingMethodAccessorImpl.java:25)
	at java.lang.reflect.Method.invoke(Method.java:597)
	at org.testng.internal.MethodInvocationHelper.invokeMethod(MethodInvocationHelper.java:84)
	at org.testng.internal.Invoker.invokeConfigurationMethod(Invoker.java:564)
	at org.testng.internal.Invoker.invokeConfigurations(Invoker.java:213)
	at org.testng.internal.Invoker.invokeMethod(Invoker.java:786)
	at org.testng.internal.Invoker.invokeTestMethod(Invoker.java:901)
	at org.testng.internal.Invoker.invokeTestMethods(Invoker.java:1231)
	at org.testng.internal.TestMethodWorker.invokeTestMethods(TestMethodWorker.java:127)
	at org.testng.internal.TestMethodWorker.run(TestMethodWorker.java:111)
	at java.util.concurrent.ThreadPoolExecutor$Worker.runTask(ThreadPoolExecutor.java:895)
	at java.util.concurrent.ThreadPoolExecutor$Worker.run(ThreadPoolExecutor.java:918)
	at java.lang.Thread.run(Thread.java:695)
</pre></div></td>
<td>0</td>
<td>com.nbcuni.test.publisher.tests.UserCreationAndManagement.Permissions.CreateConfigureAndValidatePermissionsEditor@6ee0a386</td></tr>
<tr>
<td title='com.nbcuni.test.publisher.tests.ContentEntityCreationManagement.Images.EXIFKeywordsIngestedAsPhraseInsteadSetsWords.EXIFKeywordsIngestedPhraseInsteadSetsWords.stopSelenium()'><b>stopSelenium</b><br>Test class: com.nbcuni.test.publisher.tests.ContentEntityCreationManagement.Images.EXIFKeywordsIngestedAsPhraseInsteadSetsWords.EXIFKeywordsIngestedPhraseInsteadSetsWords<br>Parameters: [TestResult name=EXIFKeywordsIngestedPhraseInsteadSetsWords_Test status=SKIP method=EXIFKeywordsIngestedPhraseInsteadSetsWords.EXIFKeywordsIngestedPhraseInsteadSetsWords_Test()[pri:0, instance:com.nbcuni.test.publisher.tests.ContentEntityCreationManagement.Images.EXIFKeywordsIngestedAsPhraseInsteadSetsWords.EXIFKeywordsIngestedPhraseInsteadSetsWords@7471dc3d] output={null}]</td>
<td><div><pre>java.lang.NullPointerException
	at com.nbcuni.test.publisher.common.ParentTest.stopSelenium(ParentTest.java:75)
	at java.util.concurrent.ThreadPoolExecutor$Worker.runTask(ThreadPoolExecutor.java:895)
	at java.util.concurrent.ThreadPoolExecutor$Worker.run(ThreadPoolExecutor.java:918)
	at java.lang.Thread.run(Thread.java:695)
... Removed 12 stack frames</pre></div><a href='#' onClick='toggleBox("stack-trace1482981398", this, "Click to show all stack frames", "Click to hide stack frames")'>Click to show all stack frames</a>
<div class='stack-trace' id='stack-trace1482981398'><pre>java.lang.NullPointerException
	at com.nbcuni.test.publisher.common.ParentTest.stopSelenium(ParentTest.java:75)
	at sun.reflect.NativeMethodAccessorImpl.invoke0(Native Method)
	at sun.reflect.NativeMethodAccessorImpl.invoke(NativeMethodAccessorImpl.java:39)
	at sun.reflect.DelegatingMethodAccessorImpl.invoke(DelegatingMethodAccessorImpl.java:25)
	at java.lang.reflect.Method.invoke(Method.java:597)
	at org.testng.internal.MethodInvocationHelper.invokeMethod(MethodInvocationHelper.java:84)
	at org.testng.internal.Invoker.invokeConfigurationMethod(Invoker.java:564)
	at org.testng.internal.Invoker.invokeConfigurations(Invoker.java:213)
	at org.testng.internal.Invoker.invokeMethod(Invoker.java:786)
	at org.testng.internal.Invoker.invokeTestMethod(Invoker.java:901)
	at org.testng.internal.Invoker.invokeTestMethods(Invoker.java:1231)
	at org.testng.internal.TestMethodWorker.invokeTestMethods(TestMethodWorker.java:127)
	at org.testng.internal.TestMethodWorker.run(TestMethodWorker.java:111)
	at java.util.concurrent.ThreadPoolExecutor$Worker.runTask(ThreadPoolExecutor.java:895)
	at java.util.concurrent.ThreadPoolExecutor$Worker.run(ThreadPoolExecutor.java:918)
	at java.lang.Thread.run(Thread.java:695)
</pre></div></td>
<td>0</td>
<td>com.nbcuni.test.publisher.tests.ContentEntityCreationManagement.Images.EXIFKeywordsIngestedAsPhraseInsteadSetsWords.EXIFKeywordsIngestedPhraseInsteadSetsWords@7471dc3d</td></tr>
<tr>
<td title='com.nbcuni.test.publisher.tests.ContentEntityCreationManagement.ContentandEntityRelationships.CastCrewFieldCollectionsVerification_TVEpisode.stopSelenium()'><b>stopSelenium</b><br>Test class: com.nbcuni.test.publisher.tests.ContentEntityCreationManagement.ContentandEntityRelationships.CastCrewFieldCollectionsVerification_TVEpisode<br>Parameters: [TestResult name=CastCrewFieldCollectionsVerificationTVEpisode_Test status=SKIP method=CastCrewFieldCollectionsVerification_TVEpisode.CastCrewFieldCollectionsVerificationTVEpisode_Test()[pri:0, instance:com.nbcuni.test.publisher.tests.ContentEntityCreationManagement.ContentandEntityRelationships.CastCrewFieldCollectionsVerification_TVEpisode@26914f6a] output={null}]</td>
<td><div><pre>java.lang.NullPointerException
	at com.nbcuni.test.publisher.common.ParentTest.stopSelenium(ParentTest.java:75)
	at java.util.concurrent.ThreadPoolExecutor$Worker.runTask(ThreadPoolExecutor.java:895)
	at java.util.concurrent.ThreadPoolExecutor$Worker.run(ThreadPoolExecutor.java:918)
	at java.lang.Thread.run(Thread.java:695)
... Removed 12 stack frames</pre></div><a href='#' onClick='toggleBox("stack-trace1656942101", this, "Click to show all stack frames", "Click to hide stack frames")'>Click to show all stack frames</a>
<div class='stack-trace' id='stack-trace1656942101'><pre>java.lang.NullPointerException
	at com.nbcuni.test.publisher.common.ParentTest.stopSelenium(ParentTest.java:75)
	at sun.reflect.NativeMethodAccessorImpl.invoke0(Native Method)
	at sun.reflect.NativeMethodAccessorImpl.invoke(NativeMethodAccessorImpl.java:39)
	at sun.reflect.DelegatingMethodAccessorImpl.invoke(DelegatingMethodAccessorImpl.java:25)
	at java.lang.reflect.Method.invoke(Method.java:597)
	at org.testng.internal.MethodInvocationHelper.invokeMethod(MethodInvocationHelper.java:84)
	at org.testng.internal.Invoker.invokeConfigurationMethod(Invoker.java:564)
	at org.testng.internal.Invoker.invokeConfigurations(Invoker.java:213)
	at org.testng.internal.Invoker.invokeMethod(Invoker.java:786)
	at org.testng.internal.Invoker.invokeTestMethod(Invoker.java:901)
	at org.testng.internal.Invoker.invokeTestMethods(Invoker.java:1231)
	at org.testng.internal.TestMethodWorker.invokeTestMethods(TestMethodWorker.java:127)
	at org.testng.internal.TestMethodWorker.run(TestMethodWorker.java:111)
	at java.util.concurrent.ThreadPoolExecutor$Worker.runTask(ThreadPoolExecutor.java:895)
	at java.util.concurrent.ThreadPoolExecutor$Worker.run(ThreadPoolExecutor.java:918)
	at java.lang.Thread.run(Thread.java:695)
</pre></div></td>
<td>0</td>
<td>com.nbcuni.test.publisher.tests.ContentEntityCreationManagement.ContentandEntityRelationships.CastCrewFieldCollectionsVerification_TVEpisode@26914f6a</td></tr>
</table><p>
<table width='100%' border='1' class='invocation-skipped'>
<tr><td colspan='4' align='center'><b>SKIPPED CONFIGURATIONS</b></td></tr>
<tr><td><b>Test method</b></td>
<td width="30%"><b>Exception</b></td>
<td width="10%"><b>Time (seconds)</b></td>
<td><b>Instance</b></td>
</tr>
<tr>
<td title='com.nbcuni.test.publisher.tests.UserCreationAndManagement.Permissions.CreateConfigureAndValidatePermissionsEditor.startSelenium()'><b>startSelenium</b><br>Test class: com.nbcuni.test.publisher.tests.UserCreationAndManagement.Permissions.CreateConfigureAndValidatePermissionsEditor</td>
<td></td>
<td>0</td>
<td>com.nbcuni.test.publisher.tests.UserCreationAndManagement.Permissions.CreateConfigureAndValidatePermissionsEditor@6ee0a386</td></tr>
<tr>
<td title='com.nbcuni.test.publisher.tests.ContentEntityCreationManagement.Images.EXIFKeywordsIngestedAsPhraseInsteadSetsWords.EXIFKeywordsIngestedPhraseInsteadSetsWords.startSelenium()'><b>startSelenium</b><br>Test class: com.nbcuni.test.publisher.tests.ContentEntityCreationManagement.Images.EXIFKeywordsIngestedAsPhraseInsteadSetsWords.EXIFKeywordsIngestedPhraseInsteadSetsWords</td>
<td></td>
<td>0</td>
<td>com.nbcuni.test.publisher.tests.ContentEntityCreationManagement.Images.EXIFKeywordsIngestedAsPhraseInsteadSetsWords.EXIFKeywordsIngestedPhraseInsteadSetsWords@7471dc3d</td></tr>
<tr>
<td title='com.nbcuni.test.publisher.tests.ContentEntityCreationManagement.ContentandEntityRelationships.CastCrewFieldCollectionsVerification_TVEpisode.startSelenium()'><b>startSelenium</b><br>Test class: com.nbcuni.test.publisher.tests.ContentEntityCreationManagement.ContentandEntityRelationships.CastCrewFieldCollectionsVerification_TVEpisode</td>
<td></td>
<td>0</td>
<td>com.nbcuni.test.publisher.tests.ContentEntityCreationManagement.ContentandEntityRelationships.CastCrewFieldCollectionsVerification_TVEpisode@26914f6a</td></tr>
</table><p>
<table width='100%' border='1' class='invocation-skipped'>
<tr><td colspan='4' align='center'><b>SKIPPED TESTS</b></td></tr>
<tr><td><b>Test method</b></td>
<td width="30%"><b>Exception</b></td>
<td width="10%"><b>Time (seconds)</b></td>
<td><b>Instance</b></td>
</tr>
<tr>
<td title='com.nbcuni.test.publisher.tests.ContentEntityCreationManagement.ContentandEntityRelationships.CastCrewFieldCollectionsVerification_Movie.CastCrewFieldCollectionsVerificationMovie_Test()'><b>CastCrewFieldCollectionsVerificationMovie_Test</b><br>Test class: com.nbcuni.test.publisher.tests.ContentEntityCreationManagement.ContentandEntityRelationships.CastCrewFieldCollectionsVerification_Movie</td>
<td></td>
<td>0</td>
<td>com.nbcuni.test.publisher.tests.ContentEntityCreationManagement.ContentandEntityRelationships.CastCrewFieldCollectionsVerification_Movie@df4cbee</td></tr>
<tr>
<td title='com.nbcuni.test.publisher.tests.ContentEntityCreationManagement.ContentandEntityRelationships.CastCrewFieldCollectionsVerification_TVEpisode.CastCrewFieldCollectionsVerificationTVEpisode_Test()'><b>CastCrewFieldCollectionsVerificationTVEpisode_Test</b><br>Test class: com.nbcuni.test.publisher.tests.ContentEntityCreationManagement.ContentandEntityRelationships.CastCrewFieldCollectionsVerification_TVEpisode</td>
<td></td>
<td>0</td>
<td>com.nbcuni.test.publisher.tests.ContentEntityCreationManagement.ContentandEntityRelationships.CastCrewFieldCollectionsVerification_TVEpisode@26914f6a</td></tr>
<tr>
<td title='com.nbcuni.test.publisher.tests.UserCreationAndManagement.Permissions.CreateConfigureAndValidatePermissionsEditor.CreateConfigureAndValidatePermissionsEditor_Test()'><b>CreateConfigureAndValidatePermissionsEditor_Test</b><br>Test class: com.nbcuni.test.publisher.tests.UserCreationAndManagement.Permissions.CreateConfigureAndValidatePermissionsEditor</td>
<td></td>
<td>0</td>
<td>com.nbcuni.test.publisher.tests.UserCreationAndManagement.Permissions.CreateConfigureAndValidatePermissionsEditor@6ee0a386</td></tr>
<tr>
<td title='com.nbcuni.test.publisher.tests.ContentEntityCreationManagement.Images.EXIFKeywordsIngestedAsPhraseInsteadSetsWords.EXIFKeywordsIngestedPhraseInsteadSetsWords.EXIFKeywordsIngestedPhraseInsteadSetsWords_Test()'><b>EXIFKeywordsIngestedPhraseInsteadSetsWords_Test</b><br>Test class: com.nbcuni.test.publisher.tests.ContentEntityCreationManagement.Images.EXIFKeywordsIngestedAsPhraseInsteadSetsWords.EXIFKeywordsIngestedPhraseInsteadSetsWords</td>
<td></td>
<td>0</td>
<td>com.nbcuni.test.publisher.tests.ContentEntityCreationManagement.Images.EXIFKeywordsIngestedAsPhraseInsteadSetsWords.EXIFKeywordsIngestedPhraseInsteadSetsWords@7471dc3d</td></tr>
</table><p>
</body>
</html>