<?xml version="1.0" encoding="UTF-8"?>
<!-- Generated by org.testng.reporters.JUnitXMLReporter -->
<testsuite hostname="baclark77-mac1.home" name="All Web Tests(failed)(failed)" tests="4" failures="0" timestamp="31 Jan 2014 02:34:28 GMT" time="0.615" errors="0">
  <testcase name="@BeforeMethod startSelenium" time="0.0" classname="com.nbcuni.test.publisher.tests.ContentEntityCreationManagement.ContentandEntityRelationships.CastCrewFieldCollectionsVerification_Movie">
    <failure type="java.lang.AssertionError" message="Error initializing the hubnull">
      <![CDATA[java.lang.AssertionError: Error initializing the hubnull
	at com.nbcuni.test.webdriver.WebDriverClientExecution.getDriver(WebDriverClientExecution.java:296)
	at com.nbcuni.test.publisher.common.ParentTest.startSelenium(ParentTest.java:37)
	at java.util.concurrent.ThreadPoolExecutor$Worker.runTask(ThreadPoolExecutor.java:895)
	at java.util.concurrent.ThreadPoolExecutor$Worker.run(ThreadPoolExecutor.java:918)
	at java.lang.Thread.run(Thread.java:695)
... Removed 13 stack frames]]>
    </failure>
  </testcase> <!-- @BeforeMethod startSelenium -->
  <testcase name="@AfterMethod stopSelenium" time="0.0" classname="com.nbcuni.test.publisher.tests.ContentEntityCreationManagement.ContentandEntityRelationships.CastCrewFieldCollectionsVerification_Movie">
    <failure type="java.lang.NullPointerException">
      <![CDATA[java.lang.NullPointerException
	at com.nbcuni.test.publisher.common.ParentTest.stopSelenium(ParentTest.java:75)
	at java.util.concurrent.ThreadPoolExecutor$Worker.runTask(ThreadPoolExecutor.java:895)
	at java.util.concurrent.ThreadPoolExecutor$Worker.run(ThreadPoolExecutor.java:918)
	at java.lang.Thread.run(Thread.java:695)
... Removed 12 stack frames]]>
    </failure>
  </testcase> <!-- @AfterMethod stopSelenium -->
  <testcase name="@BeforeMethod startSelenium" time="0.0" classname="com.nbcuni.test.publisher.tests.UserCreationAndManagement.Permissions.CreateConfigureAndValidatePermissionsEditor">
    <skipped/>
  </testcase> <!-- @BeforeMethod startSelenium -->
  <testcase name="@AfterMethod stopSelenium" time="0.0" classname="com.nbcuni.test.publisher.tests.UserCreationAndManagement.Permissions.CreateConfigureAndValidatePermissionsEditor">
    <failure type="java.lang.NullPointerException">
      <![CDATA[java.lang.NullPointerException
	at com.nbcuni.test.publisher.common.ParentTest.stopSelenium(ParentTest.java:75)
	at java.util.concurrent.ThreadPoolExecutor$Worker.runTask(ThreadPoolExecutor.java:895)
	at java.util.concurrent.ThreadPoolExecutor$Worker.run(ThreadPoolExecutor.java:918)
	at java.lang.Thread.run(Thread.java:695)
... Removed 12 stack frames]]>
    </failure>
  </testcase> <!-- @AfterMethod stopSelenium -->
  <testcase name="@BeforeMethod startSelenium" time="0.0" classname="com.nbcuni.test.publisher.tests.ContentEntityCreationManagement.Images.EXIFKeywordsIngestedAsPhraseInsteadSetsWords.EXIFKeywordsIngestedPhraseInsteadSetsWords">
    <skipped/>
  </testcase> <!-- @BeforeMethod startSelenium -->
  <testcase name="@AfterMethod stopSelenium" time="0.0" classname="com.nbcuni.test.publisher.tests.ContentEntityCreationManagement.Images.EXIFKeywordsIngestedAsPhraseInsteadSetsWords.EXIFKeywordsIngestedPhraseInsteadSetsWords">
    <failure type="java.lang.NullPointerException">
      <![CDATA[java.lang.NullPointerException
	at com.nbcuni.test.publisher.common.ParentTest.stopSelenium(ParentTest.java:75)
	at java.util.concurrent.ThreadPoolExecutor$Worker.runTask(ThreadPoolExecutor.java:895)
	at java.util.concurrent.ThreadPoolExecutor$Worker.run(ThreadPoolExecutor.java:918)
	at java.lang.Thread.run(Thread.java:695)
... Removed 12 stack frames]]>
    </failure>
  </testcase> <!-- @AfterMethod stopSelenium -->
  <testcase name="@BeforeMethod startSelenium" time="0.0" classname="com.nbcuni.test.publisher.tests.ContentEntityCreationManagement.ContentandEntityRelationships.CastCrewFieldCollectionsVerification_TVEpisode">
    <skipped/>
  </testcase> <!-- @BeforeMethod startSelenium -->
  <testcase name="@AfterMethod stopSelenium" time="0.0" classname="com.nbcuni.test.publisher.tests.ContentEntityCreationManagement.ContentandEntityRelationships.CastCrewFieldCollectionsVerification_TVEpisode">
    <failure type="java.lang.NullPointerException">
      <![CDATA[java.lang.NullPointerException
	at com.nbcuni.test.publisher.common.ParentTest.stopSelenium(ParentTest.java:75)
	at java.util.concurrent.ThreadPoolExecutor$Worker.runTask(ThreadPoolExecutor.java:895)
	at java.util.concurrent.ThreadPoolExecutor$Worker.run(ThreadPoolExecutor.java:918)
	at java.lang.Thread.run(Thread.java:695)
... Removed 12 stack frames]]>
    </failure>
  </testcase> <!-- @AfterMethod stopSelenium -->
  <testcase name="CastCrewFieldCollectionsVerificationMovie_Test" time="0.0010" classname="com.nbcuni.test.publisher.tests.ContentEntityCreationManagement.ContentandEntityRelationships.CastCrewFieldCollectionsVerification_Movie">
    <skipped/>
  </testcase> <!-- CastCrewFieldCollectionsVerificationMovie_Test -->
  <testcase name="CreateConfigureAndValidatePermissionsEditor_Test" time="0.0010" classname="com.nbcuni.test.publisher.tests.UserCreationAndManagement.Permissions.CreateConfigureAndValidatePermissionsEditor">
    <skipped/>
  </testcase> <!-- CreateConfigureAndValidatePermissionsEditor_Test -->
  <testcase name="EXIFKeywordsIngestedPhraseInsteadSetsWords_Test" time="0.0010" classname="com.nbcuni.test.publisher.tests.ContentEntityCreationManagement.Images.EXIFKeywordsIngestedAsPhraseInsteadSetsWords.EXIFKeywordsIngestedPhraseInsteadSetsWords">
    <skipped/>
  </testcase> <!-- EXIFKeywordsIngestedPhraseInsteadSetsWords_Test -->
  <testcase name="CastCrewFieldCollectionsVerificationTVEpisode_Test" time="0.0010" classname="com.nbcuni.test.publisher.tests.ContentEntityCreationManagement.ContentandEntityRelationships.CastCrewFieldCollectionsVerification_TVEpisode">
    <skipped/>
  </testcase> <!-- CastCrewFieldCollectionsVerificationTVEpisode_Test -->
</testsuite> <!-- All Web Tests(failed)(failed) -->
