<?xml version="1.0" encoding="UTF-8"?>
<testng-results skipped="0" failed="1" total="1" passed="0">
  <reporter-output>
    <line>
      <![CDATA[Open url 'http://acc-test.publisher7.com'.]]>
    </line>
    <line>
      <![CDATA[Enter 'admin@publisher.nbcuni.com' in the 'Email Address' text box.]]>
    </line>
    <line>
      <![CDATA[Enter 'pa55word' in the 'Password' text box.]]>
    </line>
    <line>
      <![CDATA[Click the 'Login' button.]]>
    </line>
    <line>
      <![CDATA[Screenshot saved to /Users/brandonclark/SQE-TEST-Pub7/main/test-output/screenshots/EditorPermissionsContentAndContentRevisionsView_TC1393_110614065727PM.png ]]>
    </line>
    <line>
      <![CDATA[<br><br><a href='/Users/brandonclark/SQE-TEST-Pub7/main/test-output/screenshots/EditorPermissionsContentAndContentRevisionsView_TC1393_110614065727PM.png'> <img src='./EditorPermissionsContentAndContentRevisionsView_TC1393_110614065727PM.png' height='700' width='700'/> </a>]]>
    </line>
  </reporter-output>
  <suite name="Default suite" duration-ms="65717" started-at="2014-11-06T23:56:22Z" finished-at="2014-11-06T23:57:28Z">
    <groups>
      <group name="certify">
        <method signature="EditorPermissionsContentAndContentRevisionsView.EditorPermissionsContentAndContentRevisionsView_TC1393()[pri:0, instance:com.nbcuni.test.publisher.tests.UserCreationAndManagement.Permissions.EditorPermissionsContentAndContentRevisionsView@4ec26cab]" name="EditorPermissionsContentAndContentRevisionsView_TC1393" class="com.nbcuni.test.publisher.tests.UserCreationAndManagement.Permissions.EditorPermissionsContentAndContentRevisionsView"/>
      </group> <!-- certify -->
      <group name="full">
        <method signature="EditorPermissionsContentAndContentRevisionsView.EditorPermissionsContentAndContentRevisionsView_TC1393()[pri:0, instance:com.nbcuni.test.publisher.tests.UserCreationAndManagement.Permissions.EditorPermissionsContentAndContentRevisionsView@4ec26cab]" name="EditorPermissionsContentAndContentRevisionsView_TC1393" class="com.nbcuni.test.publisher.tests.UserCreationAndManagement.Permissions.EditorPermissionsContentAndContentRevisionsView"/>
      </group> <!-- full -->
    </groups>
    <test name="Default test" duration-ms="65717" started-at="2014-11-06T23:56:22Z" finished-at="2014-11-06T23:57:28Z">
      <class name="com.nbcuni.test.publisher.tests.UserCreationAndManagement.Permissions.EditorPermissionsContentAndContentRevisionsView">
        <test-method status="PASS" signature="suiteSetup()[pri:0, instance:com.nbcuni.test.publisher.tests.UserCreationAndManagement.Permissions.EditorPermissionsContentAndContentRevisionsView@4ec26cab]" name="suiteSetup" is-config="true" duration-ms="26" started-at="2014-11-06T18:56:22Z" finished-at="2014-11-06T18:56:22Z">
          <reporter-output>
          </reporter-output>
        </test-method> <!-- suiteSetup -->
        <test-method status="PASS" signature="startSelenium(java.lang.reflect.Method)[pri:0, instance:com.nbcuni.test.publisher.tests.UserCreationAndManagement.Permissions.EditorPermissionsContentAndContentRevisionsView@4ec26cab]" name="startSelenium" is-config="true" duration-ms="2884" started-at="2014-11-06T18:56:22Z" finished-at="2014-11-06T18:56:25Z">
          <params>
            <param index="0">
              <value>
                <![CDATA[public void com.nbcuni.test.publisher.tests.UserCreationAndManagement.Permissions.EditorPermissionsContentAndContentRevisionsView.EditorPermissionsContentAndContentRevisionsView_TC1393() throws java.lang.Exception]]>
              </value>
            </param>
          </params>
          <reporter-output>
          </reporter-output>
        </test-method> <!-- startSelenium -->
        <test-method status="FAIL" signature="EditorPermissionsContentAndContentRevisionsView_TC1393()[pri:0, instance:com.nbcuni.test.publisher.tests.UserCreationAndManagement.Permissions.EditorPermissionsContentAndContentRevisionsView@4ec26cab]" name="EditorPermissionsContentAndContentRevisionsView_TC1393" duration-ms="62016" started-at="2014-11-06T18:56:25Z" finished-at="2014-11-06T18:57:27Z">
          <exception class="org.openqa.selenium.TimeoutException">
            <message>
              <![CDATA[Timed out after 10 seconds: Element not present.
Build info: version: '2.42.2', revision: '6a6995d31c7c56c340d6f45a76976d43506cd6cc', time: '2014-06-03 10:52:47'
System info: host: 'BACLARK77-MAC1.local', ip: '10.0.29.75', os.name: 'Mac OS X', os.arch: 'x86_64', os.version: '10.9.4', java.version: '1.7.0_25'
Driver info: driver.version: unknown]]>
            </message>
            <full-stacktrace>
              <![CDATA[org.openqa.selenium.TimeoutException: Timed out after 10 seconds: Element not present.
Build info: version: '2.42.2', revision: '6a6995d31c7c56c340d6f45a76976d43506cd6cc', time: '2014-06-03 10:52:47'
System info: host: 'BACLARK77-MAC1.local', ip: '10.0.29.75', os.name: 'Mac OS X', os.arch: 'x86_64', os.version: '10.9.4', java.version: '1.7.0_25'
Driver info: driver.version: unknown
	at org.openqa.selenium.support.ui.FluentWait.timeoutException(FluentWait.java:259)
	at org.openqa.selenium.support.ui.FluentWait.until(FluentWait.java:228)
	at com.nbcuni.test.publisher.common.Util.WaitFor.ElementPresent(WaitFor.java:74)
	at com.nbcuni.test.publisher.pageobjects.EmberNav.ShowMenu(EmberNav.java:78)
	at com.nbcuni.test.publisher.pageobjects.EmberNav.People(EmberNav.java:256)
	at com.nbcuni.test.publisher.pageobjects.People.AddUser.AddDefaultUser(AddUser.java:264)
	at com.nbcuni.test.publisher.tests.UserCreationAndManagement.Permissions.EditorPermissionsContentAndContentRevisionsView.EditorPermissionsContentAndContentRevisionsView_TC1393(EditorPermissionsContentAndContentRevisionsView.java:33)
	at sun.reflect.NativeMethodAccessorImpl.invoke0(Native Method)
	at sun.reflect.NativeMethodAccessorImpl.invoke(NativeMethodAccessorImpl.java:57)
	at sun.reflect.DelegatingMethodAccessorImpl.invoke(DelegatingMethodAccessorImpl.java:43)
	at java.lang.reflect.Method.invoke(Method.java:606)
	at org.testng.internal.MethodInvocationHelper.invokeMethod(MethodInvocationHelper.java:84)
	at org.testng.internal.Invoker.invokeMethod(Invoker.java:714)
	at org.testng.internal.Invoker.invokeTestMethod(Invoker.java:901)
	at org.testng.internal.Invoker.invokeTestMethods(Invoker.java:1231)
	at org.testng.internal.TestMethodWorker.invokeTestMethods(TestMethodWorker.java:127)
	at org.testng.internal.TestMethodWorker.run(TestMethodWorker.java:111)
	at org.testng.TestRunner.privateRun(TestRunner.java:767)
	at org.testng.TestRunner.run(TestRunner.java:617)
	at org.testng.SuiteRunner.runTest(SuiteRunner.java:334)
	at org.testng.SuiteRunner.runSequentially(SuiteRunner.java:329)
	at org.testng.SuiteRunner.privateRun(SuiteRunner.java:291)
	at org.testng.SuiteRunner.run(SuiteRunner.java:240)
	at org.testng.SuiteRunnerWorker.runSuite(SuiteRunnerWorker.java:52)
	at org.testng.SuiteRunnerWorker.run(SuiteRunnerWorker.java:86)
	at org.testng.TestNG.runSuitesSequentially(TestNG.java:1224)
	at org.testng.TestNG.runSuitesLocally(TestNG.java:1149)
	at org.testng.TestNG.run(TestNG.java:1057)
	at org.testng.remote.RemoteTestNG.run(RemoteTestNG.java:111)
	at org.testng.remote.RemoteTestNG.initAndRun(RemoteTestNG.java:204)
	at org.testng.remote.RemoteTestNG.main(RemoteTestNG.java:175)
Caused by: org.openqa.selenium.NoSuchElementException: no such element
  (Session info: chrome=38.0.2125.111)
  (Driver info: chromedriver=2.8.241036,platform=Mac OS X 10.9.4 x86_64) (WARNING: The server did not provide any stacktrace information)
Command duration or timeout: 15.02 seconds
For documentation on this error, please visit: http://seleniumhq.org/exceptions/no_such_element.html
Build info: version: '2.41.0', revision: '3192d8a', time: '2014-03-27 17:17:32'
System info: host: 'BACLARK77-MAC1.local', ip: '10.0.29.75', os.name: 'Mac OS X', os.arch: 'x86_64', os.version: '10.9.4', java.version: '1.7.0_25'
Session ID: 8da07a7988715de637f5ab90f8793ca2
Driver info: org.openqa.selenium.chrome.ChromeDriver
Capabilities [{platform=MAC, acceptSslCerts=true, javascriptEnabled=true, browserName=chrome, chrome={userDataDir=/var/folders/33/xf0ch4pd75qbhlq2gf2s58l40000gn/T/.org.chromium.Chromium.Cr4yhF}, rotatable=false, locationContextEnabled=true, version=38.0.2125.111, takesHeapSnapshot=true, cssSelectorsEnabled=true, databaseEnabled=false, handlesAlerts=true, browserConnectionEnabled=false, nativeEvents=true, webStorageEnabled=true, applicationCacheEnabled=false, takesScreenshot=true}]
Command duration or timeout: 15.58 seconds
For documentation on this error, please visit: http://seleniumhq.org/exceptions/no_such_element.html
Build info: version: '2.42.2', revision: '6a6995d31c7c56c340d6f45a76976d43506cd6cc', time: '2014-06-03 10:52:47'
System info: host: 'BACLARK77-MAC1.local', ip: '10.0.29.75', os.name: 'Mac OS X', os.arch: 'x86_64', os.version: '10.9.4', java.version: '1.7.0_25'
Session ID: d9eae89d-9f6b-4ef5-933e-6fa5b42d2498
Driver info: com.nbcuni.test.publisher.common.Driver.Driver
Capabilities [{platform=MAC, acceptSslCerts=true, javascriptEnabled=true, browserName=chrome, chrome={userDataDir=/var/folders/33/xf0ch4pd75qbhlq2gf2s58l40000gn/T/.org.chromium.Chromium.Cr4yhF}, rotatable=false, locationContextEnabled=true, webdriver.remote.sessionid=d9eae89d-9f6b-4ef5-933e-6fa5b42d2498, version=38.0.2125.111, takesHeapSnapshot=true, cssSelectorsEnabled=true, databaseEnabled=false, handlesAlerts=true, browserConnectionEnabled=false, nativeEvents=true, webStorageEnabled=true, applicationCacheEnabled=false, takesScreenshot=true}]
	at sun.reflect.NativeConstructorAccessorImpl.newInstance0(Native Method)
	at sun.reflect.NativeConstructorAccessorImpl.newInstance(NativeConstructorAccessorImpl.java:57)
	at sun.reflect.DelegatingConstructorAccessorImpl.newInstance(DelegatingConstructorAccessorImpl.java:45)
	at java.lang.reflect.Constructor.newInstance(Constructor.java:526)
	at org.openqa.selenium.remote.ErrorHandler.createThrowable(ErrorHandler.java:204)
	at org.openqa.selenium.remote.ErrorHandler.throwIfResponseFailed(ErrorHandler.java:156)
	at org.openqa.selenium.remote.RemoteWebDriver.execute(RemoteWebDriver.java:599)
	at org.openqa.selenium.remote.RemoteWebDriver.findElement(RemoteWebDriver.java:352)
	at org.openqa.selenium.remote.RemoteWebDriver.findElementByXPath(RemoteWebDriver.java:449)
	at org.openqa.selenium.By$ByXPath.findElement(By.java:357)
	at org.openqa.selenium.remote.RemoteWebDriver.findElement(RemoteWebDriver.java:344)
	at com.nbcuni.test.publisher.common.Util.WaitFor$2.apply(WaitFor.java:77)
	at com.nbcuni.test.publisher.common.Util.WaitFor$2.apply(WaitFor.java:1)
	at org.openqa.selenium.support.ui.FluentWait.until(FluentWait.java:208)
	... 29 more
Caused by: org.openqa.selenium.remote.ScreenshotException: Screen shot has been taken
Build info: version: '2.42.2', revision: '6a6995d31c7c56c340d6f45a76976d43506cd6cc', time: '2014-06-03 10:52:47'
System info: host: 'BACLARK77-MAC1.local', ip: '10.0.29.75', os.name: 'Mac OS X', os.arch: 'x86_64', os.version: '10.9.4', java.version: '1.7.0_25'
Driver info: driver.version: RemoteWebDriver
	at org.openqa.selenium.remote.ErrorHandler.throwIfResponseFailed(ErrorHandler.java:136)
	... 37 more
Caused by: org.openqa.selenium.NoSuchElementException: no such element
  (Session info: chrome=38.0.2125.111)
  (Driver info: chromedriver=2.8.241036,platform=Mac OS X 10.9.4 x86_64) (WARNING: The server did not provide any stacktrace information)
Command duration or timeout: 15.02 seconds
For documentation on this error, please visit: http://seleniumhq.org/exceptions/no_such_element.html
Build info: version: '2.41.0', revision: '3192d8a', time: '2014-03-27 17:17:32'
System info: host: 'BACLARK77-MAC1.local', ip: '10.0.29.75', os.name: 'Mac OS X', os.arch: 'x86_64', os.version: '10.9.4', java.version: '1.7.0_25'
Session ID: 8da07a7988715de637f5ab90f8793ca2
Driver info: org.openqa.selenium.chrome.ChromeDriver
Capabilities [{platform=MAC, acceptSslCerts=true, javascriptEnabled=true, browserName=chrome, chrome={userDataDir=/var/folders/33/xf0ch4pd75qbhlq2gf2s58l40000gn/T/.org.chromium.Chromium.Cr4yhF}, rotatable=false, locationContextEnabled=true, version=38.0.2125.111, takesHeapSnapshot=true, cssSelectorsEnabled=true, databaseEnabled=false, handlesAlerts=true, browserConnectionEnabled=false, nativeEvents=true, webStorageEnabled=true, applicationCacheEnabled=false, takesScreenshot=true}]
For documentation on this error, please visit: http://seleniumhq.org/exceptions/no_such_element.html
Build info: version: '2.42.2', revision: '6a6995d31c7c56c340d6f45a76976d43506cd6cc', time: '2014-06-03 10:52:47'
System info: host: 'BACLARK77-MAC1.local', ip: '10.0.29.75', os.name: 'Mac OS X', os.arch: 'x86_64', os.version: '10.9.4', java.version: '1.7.0_25'
Driver info: driver.version: EventFiringWebDriver
	at sun.reflect.GeneratedConstructorAccessor16.newInstance(Unknown Source)
	at sun.reflect.DelegatingConstructorAccessorImpl.newInstance(DelegatingConstructorAccessorImpl.java:45)
	at java.lang.reflect.Constructor.newInstance(Constructor.java:526)
	at org.openqa.selenium.remote.ErrorHandler.createThrowable(ErrorHandler.java:193)
	at org.openqa.selenium.remote.ErrorHandler.throwIfResponseFailed(ErrorHandler.java:145)
	at org.openqa.selenium.remote.RemoteWebDriver.execute(RemoteWebDriver.java:595)
	at org.openqa.selenium.remote.RemoteWebDriver.findElement(RemoteWebDriver.java:348)
	at org.openqa.selenium.remote.RemoteWebDriver.findElementByXPath(RemoteWebDriver.java:445)
	at org.openqa.selenium.By$ByXPath.findElement(By.java:357)
	at org.openqa.selenium.remote.RemoteWebDriver.findElement(RemoteWebDriver.java:340)
	at sun.reflect.GeneratedMethodAccessor25.invoke(Unknown Source)
	at sun.reflect.DelegatingMethodAccessorImpl.invoke(DelegatingMethodAccessorImpl.java:43)
	at java.lang.reflect.Method.invoke(Method.java:606)
	at org.openqa.selenium.support.events.EventFiringWebDriver$2.invoke(EventFiringWebDriver.java:101)
	at com.sun.proxy.$Proxy2.findElement(Unknown Source)
	at org.openqa.selenium.support.events.EventFiringWebDriver.findElement(EventFiringWebDriver.java:184)
	at org.openqa.selenium.remote.server.handler.FindElement.call(FindElement.java:47)
	at org.openqa.selenium.remote.server.handler.FindElement.call(FindElement.java:1)
	at java.util.concurrent.FutureTask$Sync.innerRun(FutureTask.java:334)
	at java.util.concurrent.FutureTask.run(FutureTask.java:166)
	at org.openqa.selenium.remote.server.DefaultSession$1.run(DefaultSession.java:170)
	at java.util.concurrent.ThreadPoolExecutor.runWorker(ThreadPoolExecutor.java:1145)
	at java.util.concurrent.ThreadPoolExecutor$Worker.run(ThreadPoolExecutor.java:615)
	at java.lang.Thread.run(Thread.java:724)
]]>
            </full-stacktrace>
          </exception> <!-- org.openqa.selenium.TimeoutException -->
          <reporter-output>
            <line>
              <![CDATA[Open url 'http://acc-test.publisher7.com'.]]>
            </line>
            <line>
              <![CDATA[Enter 'admin@publisher.nbcuni.com' in the 'Email Address' text box.]]>
            </line>
            <line>
              <![CDATA[Enter 'pa55word' in the 'Password' text box.]]>
            </line>
            <line>
              <![CDATA[Click the 'Login' button.]]>
            </line>
            <line>
              <![CDATA[Screenshot saved to /Users/brandonclark/SQE-TEST-Pub7/main/test-output/screenshots/EditorPermissionsContentAndContentRevisionsView_TC1393_110614065727PM.png ]]>
            </line>
            <line>
              <![CDATA[<br><br><a href='/Users/brandonclark/SQE-TEST-Pub7/main/test-output/screenshots/EditorPermissionsContentAndContentRevisionsView_TC1393_110614065727PM.png'> <img src='./EditorPermissionsContentAndContentRevisionsView_TC1393_110614065727PM.png' height='700' width='700'/> </a>]]>
            </line>
          </reporter-output>
        </test-method> <!-- EditorPermissionsContentAndContentRevisionsView_TC1393 -->
        <test-method status="PASS" signature="stopSelenium(org.testng.ITestResult)[pri:0, instance:com.nbcuni.test.publisher.tests.UserCreationAndManagement.Permissions.EditorPermissionsContentAndContentRevisionsView@4ec26cab]" name="stopSelenium" is-config="true" duration-ms="781" started-at="2014-11-06T18:57:27Z" finished-at="2014-11-06T18:57:28Z">
          <params>
            <param index="0">
              <value>
                <![CDATA[[TestResult name=EditorPermissionsContentAndContentRevisionsView_TC1393 status=FAILURE method=EditorPermissionsContentAndContentRevisionsView.EditorPermissionsContentAndContentRevisionsView_TC1393()[pri:0, instance:com.nbcuni.test.publisher.tests.UserCreationAndManagement.Permissions.EditorPermissionsContentAndContentRevisionsView@4ec26cab] output=Open url 'http://acc-test.publisher7.com'.]]]>
              </value>
            </param>
          </params>
          <reporter-output>
          </reporter-output>
        </test-method> <!-- stopSelenium -->
        <test-method status="PASS" signature="suiteTeardown()[pri:0, instance:com.nbcuni.test.publisher.tests.UserCreationAndManagement.Permissions.EditorPermissionsContentAndContentRevisionsView@4ec26cab]" name="suiteTeardown" is-config="true" duration-ms="0" started-at="2014-11-06T18:57:28Z" finished-at="2014-11-06T18:57:28Z">
          <reporter-output>
          </reporter-output>
        </test-method> <!-- suiteTeardown -->
      </class> <!-- com.nbcuni.test.publisher.tests.UserCreationAndManagement.Permissions.EditorPermissionsContentAndContentRevisionsView -->
    </test> <!-- Default test -->
  </suite> <!-- Default suite -->
</testng-results>
