<?xml version="1.0" encoding="UTF-8"?>
<!-- Generated by org.testng.reporters.JUnitReportReporter -->
<testsuite hostname="localhost" name="com.nbcuni.test.publisher.contentbuildscripts.MPXPerformanceUpgrade.CreateVideos.ValidateIngestionTimePub7" tests="1" failures="0" timestamp="27 Jun 2014 00:09:46 GMT" time="143.587" errors="1">
  <testcase name="Test" time="143.587" classname="com.nbcuni.test.publisher.contentbuildscripts.MPXPerformanceUpgrade.CreateVideos.ValidateIngestionTimePub7">
    <error type="java.lang.AssertionError" message="Asset Creation File Not Available after 60 seconds">
      <![CDATA[java.lang.AssertionError: Asset Creation File Not Available after 60 seconds
	at org.testng.Assert.fail(Assert.java:94)
	at com.nbcuni.test.publisher.contentbuildscripts.MPXPerformanceUpgrade.CreateVideos.ValidateIngestionTimePub7.Test(ValidateIngestionTimePub7.java:39)
	at sun.reflect.NativeMethodAccessorImpl.invoke0(Native Method)
	at sun.reflect.NativeMethodAccessorImpl.invoke(NativeMethodAccessorImpl.java:57)
	at sun.reflect.DelegatingMethodAccessorImpl.invoke(DelegatingMethodAccessorImpl.java:43)
	at java.lang.reflect.Method.invoke(Method.java:606)
	at org.testng.internal.MethodInvocationHelper.invokeMethod(MethodInvocationHelper.java:84)
	at org.testng.internal.Invoker.invokeMethod(Invoker.java:714)
	at org.testng.internal.Invoker.invokeTestMethod(Invoker.java:901)
	at org.testng.internal.Invoker.invokeTestMethods(Invoker.java:1231)
	at org.testng.internal.TestMethodWorker.invokeTestMethods(TestMethodWorker.java:127)
	at org.testng.internal.TestMethodWorker.run(TestMethodWorker.java:111)
	at java.util.concurrent.ThreadPoolExecutor.runWorker(ThreadPoolExecutor.java:1145)
	at java.util.concurrent.ThreadPoolExecutor$Worker.run(ThreadPoolExecutor.java:615)
	at java.lang.Thread.run(Thread.java:724)
]]>
    </error>
  </testcase> <!-- Test -->
</testsuite> <!-- com.nbcuni.test.publisher.contentbuildscripts.MPXPerformanceUpgrade.CreateVideos.ValidateIngestionTimePub7 -->
