<?xml version="1.0" encoding="UTF-8"?>
<!-- Generated by org.testng.reporters.JUnitReportReporter -->
<testsuite hostname="localhost" name="com.nbcuni.test.publisher.tests.ContentEntityCreationManagement.Images.EXIF.EXIFKeywordsIngestedPhraseInsteadSetsWords" tests="2" failures="0" timestamp="13 Jun 2014 20:35:56 GMT" time="97.901" errors="2">
  <testcase name="EXIFKeywordsIngestedPhraseInsteadSetsWords_TC17" time="48.064" classname="com.nbcuni.test.publisher.tests.ContentEntityCreationManagement.Images.EXIF.EXIFKeywordsIngestedPhraseInsteadSetsWords">
    <error type="java.lang.AssertionError" message="Error text of &#039;Failed to copy thumbnail image from &quot;&quot; to &quot;public://media-mpx/000FC0B7-F5CF-442A-EB06-96B225446BED.jpg&quot;.&#039; is present in application.">
      <![CDATA[java.lang.AssertionError: Error text of 'Failed to copy thumbnail image from "" to "public://media-mpx/000FC0B7-F5CF-442A-EB06-96B225446BED.jpg".' is present in application.
	at org.testng.Assert.fail(Assert.java:94)
	at com.nbcuni.test.publisher.pageobjects.ErrorChecking.ErrorChecking.VerifyNoMessageErrorsPresent(ErrorChecking.java:232)
	at com.nbcuni.test.publisher.pageobjects.Content.SelectFile.SwitchToSelectFileFrm(SelectFile.java:136)
	at com.nbcuni.test.publisher.tests.ContentEntityCreationManagement.Images.EXIF.EXIFKeywordsIngestedPhraseInsteadSetsWords.EXIFKeywordsIngestedPhraseInsteadSetsWords_TC17(EXIFKeywordsIngestedPhraseInsteadSetsWords.java:88)
	at sun.reflect.NativeMethodAccessorImpl.invoke0(Native Method)
	at sun.reflect.NativeMethodAccessorImpl.invoke(NativeMethodAccessorImpl.java:57)
	at sun.reflect.DelegatingMethodAccessorImpl.invoke(DelegatingMethodAccessorImpl.java:43)
	at java.lang.reflect.Method.invoke(Method.java:606)
	at org.testng.internal.MethodInvocationHelper.invokeMethod(MethodInvocationHelper.java:84)
	at org.testng.internal.Invoker.invokeMethod(Invoker.java:714)
	at org.testng.internal.Invoker.retryFailed(Invoker.java:1049)
	at org.testng.internal.Invoker.invokeTestMethods(Invoker.java:1254)
	at org.testng.internal.TestMethodWorker.invokeTestMethods(TestMethodWorker.java:127)
	at org.testng.internal.TestMethodWorker.run(TestMethodWorker.java:111)
	at org.testng.TestRunner.privateRun(TestRunner.java:767)
	at org.testng.TestRunner.run(TestRunner.java:617)
	at org.testng.SuiteRunner.runTest(SuiteRunner.java:334)
	at org.testng.SuiteRunner.runSequentially(SuiteRunner.java:329)
	at org.testng.SuiteRunner.privateRun(SuiteRunner.java:291)
	at org.testng.SuiteRunner.run(SuiteRunner.java:240)
	at org.testng.SuiteRunnerWorker.runSuite(SuiteRunnerWorker.java:52)
	at org.testng.SuiteRunnerWorker.run(SuiteRunnerWorker.java:86)
	at org.testng.TestNG.runSuitesSequentially(TestNG.java:1224)
	at org.testng.TestNG.runSuitesSequentially(TestNG.java:1220)
	at org.testng.TestNG.runSuitesLocally(TestNG.java:1149)
	at org.testng.TestNG.run(TestNG.java:1057)
	at org.testng.remote.RemoteTestNG.run(RemoteTestNG.java:111)
	at org.testng.remote.RemoteTestNG.initAndRun(RemoteTestNG.java:204)
	at org.testng.remote.RemoteTestNG.main(RemoteTestNG.java:175)
]]>
    </error>
  </testcase> <!-- EXIFKeywordsIngestedPhraseInsteadSetsWords_TC17 -->
  <testcase name="EXIFKeywordsIngestedPhraseInsteadSetsWords_TC17" time="49.837" classname="com.nbcuni.test.publisher.tests.ContentEntityCreationManagement.Images.EXIF.EXIFKeywordsIngestedPhraseInsteadSetsWords">
    <error type="java.lang.AssertionError" message="Error text of &#039;Failed to copy thumbnail image from &quot;&quot; to &quot;public://media-mpx/000FC0B7-F5CF-442A-EB06-96B225446BED.jpg&quot;.&#039; is present in application.">
      <![CDATA[java.lang.AssertionError: Error text of 'Failed to copy thumbnail image from "" to "public://media-mpx/000FC0B7-F5CF-442A-EB06-96B225446BED.jpg".' is present in application.
	at org.testng.Assert.fail(Assert.java:94)
	at com.nbcuni.test.publisher.pageobjects.ErrorChecking.ErrorChecking.VerifyNoMessageErrorsPresent(ErrorChecking.java:232)
	at com.nbcuni.test.publisher.pageobjects.Content.SelectFile.SwitchToSelectFileFrm(SelectFile.java:136)
	at com.nbcuni.test.publisher.tests.ContentEntityCreationManagement.Images.EXIF.EXIFKeywordsIngestedPhraseInsteadSetsWords.EXIFKeywordsIngestedPhraseInsteadSetsWords_TC17(EXIFKeywordsIngestedPhraseInsteadSetsWords.java:88)
	at sun.reflect.NativeMethodAccessorImpl.invoke0(Native Method)
	at sun.reflect.NativeMethodAccessorImpl.invoke(NativeMethodAccessorImpl.java:57)
	at sun.reflect.DelegatingMethodAccessorImpl.invoke(DelegatingMethodAccessorImpl.java:43)
	at java.lang.reflect.Method.invoke(Method.java:606)
	at org.testng.internal.MethodInvocationHelper.invokeMethod(MethodInvocationHelper.java:84)
	at org.testng.internal.Invoker.invokeMethod(Invoker.java:714)
	at org.testng.internal.Invoker.invokeTestMethod(Invoker.java:901)
	at org.testng.internal.Invoker.invokeTestMethods(Invoker.java:1231)
	at org.testng.internal.TestMethodWorker.invokeTestMethods(TestMethodWorker.java:127)
	at org.testng.internal.TestMethodWorker.run(TestMethodWorker.java:111)
	at org.testng.TestRunner.privateRun(TestRunner.java:767)
	at org.testng.TestRunner.run(TestRunner.java:617)
	at org.testng.SuiteRunner.runTest(SuiteRunner.java:334)
	at org.testng.SuiteRunner.runSequentially(SuiteRunner.java:329)
	at org.testng.SuiteRunner.privateRun(SuiteRunner.java:291)
	at org.testng.SuiteRunner.run(SuiteRunner.java:240)
	at org.testng.SuiteRunnerWorker.runSuite(SuiteRunnerWorker.java:52)
	at org.testng.SuiteRunnerWorker.run(SuiteRunnerWorker.java:86)
	at org.testng.TestNG.runSuitesSequentially(TestNG.java:1224)
	at org.testng.TestNG.runSuitesSequentially(TestNG.java:1220)
	at org.testng.TestNG.runSuitesLocally(TestNG.java:1149)
	at org.testng.TestNG.run(TestNG.java:1057)
	at org.testng.remote.RemoteTestNG.run(RemoteTestNG.java:111)
	at org.testng.remote.RemoteTestNG.initAndRun(RemoteTestNG.java:204)
	at org.testng.remote.RemoteTestNG.main(RemoteTestNG.java:175)
]]>
    </error>
  </testcase> <!-- EXIFKeywordsIngestedPhraseInsteadSetsWords_TC17 -->
</testsuite> <!-- com.nbcuni.test.publisher.tests.ContentEntityCreationManagement.Images.EXIF.EXIFKeywordsIngestedPhraseInsteadSetsWords -->
