<?xml version="1.0" encoding="UTF-8"?>
<!-- Generated by org.testng.reporters.JUnitReportReporter -->
<testsuite hostname="BACLARK77-MAC1.local" name="com.nbcuni.test.publisher.tests.ContentEntityCreationManagement.SoftLengthLimit.SoftCharacterLimit" tests="3" failures="0" timestamp="22 Jul 2014 12:04:55 GMT" time="78.704" errors="3">
  <testcase name="SoftCharacterLimit_TC1053" time="26.325" classname="com.nbcuni.test.publisher.tests.ContentEntityCreationManagement.SoftLengthLimit.SoftCharacterLimit">
    <error type="java.lang.AssertionError" message="Error text of &#039;Error message
Notice: Undefined index: file_directory in publisher_form_field_ui_field_edit_form_alter() (line 738 of /mnt/www/html/nbcupublisher7devi3/docroot/profiles/publisher/publisher.profile).&#039; is present in application.">
      <![CDATA[java.lang.AssertionError: Error text of 'Error message
Notice: Undefined index: file_directory in publisher_form_field_ui_field_edit_form_alter() (line 738 of /mnt/www/html/nbcupublisher7devi3/docroot/profiles/publisher/publisher.profile).' is present in application.
	at org.testng.Assert.fail(Assert.java:94)
	at com.nbcuni.test.publisher.pageobjects.ErrorChecking.ErrorChecking.VerifyNoMessageErrorsPresent(ErrorChecking.java:193)
	at com.nbcuni.test.publisher.pageobjects.Overlay.SwitchToActiveFrame(Overlay.java:111)
	at com.nbcuni.test.publisher.tests.ContentEntityCreationManagement.SoftLengthLimit.SoftCharacterLimit.SoftCharacterLimit_TC1053(SoftCharacterLimit.java:28)
	at sun.reflect.NativeMethodAccessorImpl.invoke0(Native Method)
	at sun.reflect.NativeMethodAccessorImpl.invoke(NativeMethodAccessorImpl.java:57)
	at sun.reflect.DelegatingMethodAccessorImpl.invoke(DelegatingMethodAccessorImpl.java:43)
	at java.lang.reflect.Method.invoke(Method.java:606)
	at org.testng.internal.MethodInvocationHelper.invokeMethod(MethodInvocationHelper.java:84)
	at org.testng.internal.Invoker.invokeMethod(Invoker.java:714)
	at org.testng.internal.Invoker.retryFailed(Invoker.java:1049)
	at org.testng.internal.Invoker.invokeTestMethods(Invoker.java:1254)
	at org.testng.internal.TestMethodWorker.invokeTestMethods(TestMethodWorker.java:127)
	at org.testng.internal.TestMethodWorker.run(TestMethodWorker.java:111)
	at org.testng.TestRunner.privateRun(TestRunner.java:767)
	at org.testng.TestRunner.run(TestRunner.java:617)
	at org.testng.SuiteRunner.runTest(SuiteRunner.java:334)
	at org.testng.SuiteRunner.runSequentially(SuiteRunner.java:329)
	at org.testng.SuiteRunner.privateRun(SuiteRunner.java:291)
	at org.testng.SuiteRunner.run(SuiteRunner.java:240)
	at org.testng.SuiteRunnerWorker.runSuite(SuiteRunnerWorker.java:52)
	at org.testng.SuiteRunnerWorker.run(SuiteRunnerWorker.java:86)
	at org.testng.TestNG.runSuitesSequentially(TestNG.java:1224)
	at org.testng.TestNG.runSuitesLocally(TestNG.java:1149)
	at org.testng.TestNG.run(TestNG.java:1057)
	at org.testng.remote.RemoteTestNG.run(RemoteTestNG.java:111)
	at org.testng.remote.RemoteTestNG.initAndRun(RemoteTestNG.java:204)
	at org.testng.remote.RemoteTestNG.main(RemoteTestNG.java:175)
]]>
    </error>
  </testcase> <!-- SoftCharacterLimit_TC1053 -->
  <testcase name="SoftCharacterLimit_TC1053" time="27.637" classname="com.nbcuni.test.publisher.tests.ContentEntityCreationManagement.SoftLengthLimit.SoftCharacterLimit">
    <error type="java.lang.AssertionError" message="Error text of &#039;Error message
Notice: Undefined index: file_directory in publisher_form_field_ui_field_edit_form_alter() (line 738 of /mnt/www/html/nbcupublisher7devi3/docroot/profiles/publisher/publisher.profile).&#039; is present in application.">
      <![CDATA[java.lang.AssertionError: Error text of 'Error message
Notice: Undefined index: file_directory in publisher_form_field_ui_field_edit_form_alter() (line 738 of /mnt/www/html/nbcupublisher7devi3/docroot/profiles/publisher/publisher.profile).' is present in application.
	at org.testng.Assert.fail(Assert.java:94)
	at com.nbcuni.test.publisher.pageobjects.ErrorChecking.ErrorChecking.VerifyNoMessageErrorsPresent(ErrorChecking.java:193)
	at com.nbcuni.test.publisher.pageobjects.Overlay.SwitchToActiveFrame(Overlay.java:111)
	at com.nbcuni.test.publisher.tests.ContentEntityCreationManagement.SoftLengthLimit.SoftCharacterLimit.SoftCharacterLimit_TC1053(SoftCharacterLimit.java:28)
	at sun.reflect.NativeMethodAccessorImpl.invoke0(Native Method)
	at sun.reflect.NativeMethodAccessorImpl.invoke(NativeMethodAccessorImpl.java:57)
	at sun.reflect.DelegatingMethodAccessorImpl.invoke(DelegatingMethodAccessorImpl.java:43)
	at java.lang.reflect.Method.invoke(Method.java:606)
	at org.testng.internal.MethodInvocationHelper.invokeMethod(MethodInvocationHelper.java:84)
	at org.testng.internal.Invoker.invokeMethod(Invoker.java:714)
	at org.testng.internal.Invoker.invokeTestMethod(Invoker.java:901)
	at org.testng.internal.Invoker.invokeTestMethods(Invoker.java:1231)
	at org.testng.internal.TestMethodWorker.invokeTestMethods(TestMethodWorker.java:127)
	at org.testng.internal.TestMethodWorker.run(TestMethodWorker.java:111)
	at org.testng.TestRunner.privateRun(TestRunner.java:767)
	at org.testng.TestRunner.run(TestRunner.java:617)
	at org.testng.SuiteRunner.runTest(SuiteRunner.java:334)
	at org.testng.SuiteRunner.runSequentially(SuiteRunner.java:329)
	at org.testng.SuiteRunner.privateRun(SuiteRunner.java:291)
	at org.testng.SuiteRunner.run(SuiteRunner.java:240)
	at org.testng.SuiteRunnerWorker.runSuite(SuiteRunnerWorker.java:52)
	at org.testng.SuiteRunnerWorker.run(SuiteRunnerWorker.java:86)
	at org.testng.TestNG.runSuitesSequentially(TestNG.java:1224)
	at org.testng.TestNG.runSuitesLocally(TestNG.java:1149)
	at org.testng.TestNG.run(TestNG.java:1057)
	at org.testng.remote.RemoteTestNG.run(RemoteTestNG.java:111)
	at org.testng.remote.RemoteTestNG.initAndRun(RemoteTestNG.java:204)
	at org.testng.remote.RemoteTestNG.main(RemoteTestNG.java:175)
]]>
    </error>
  </testcase> <!-- SoftCharacterLimit_TC1053 -->
  <testcase name="SoftCharacterLimit_TC1053" time="24.742" classname="com.nbcuni.test.publisher.tests.ContentEntityCreationManagement.SoftLengthLimit.SoftCharacterLimit">
    <error type="java.lang.AssertionError" message="Error text of &#039;Error message
Notice: Undefined index: file_directory in publisher_form_field_ui_field_edit_form_alter() (line 738 of /mnt/www/html/nbcupublisher7devi3/docroot/profiles/publisher/publisher.profile).&#039; is present in application.">
      <![CDATA[java.lang.AssertionError: Error text of 'Error message
Notice: Undefined index: file_directory in publisher_form_field_ui_field_edit_form_alter() (line 738 of /mnt/www/html/nbcupublisher7devi3/docroot/profiles/publisher/publisher.profile).' is present in application.
	at org.testng.Assert.fail(Assert.java:94)
	at com.nbcuni.test.publisher.pageobjects.ErrorChecking.ErrorChecking.VerifyNoMessageErrorsPresent(ErrorChecking.java:193)
	at com.nbcuni.test.publisher.pageobjects.Overlay.SwitchToActiveFrame(Overlay.java:111)
	at com.nbcuni.test.publisher.tests.ContentEntityCreationManagement.SoftLengthLimit.SoftCharacterLimit.SoftCharacterLimit_TC1053(SoftCharacterLimit.java:28)
	at sun.reflect.NativeMethodAccessorImpl.invoke0(Native Method)
	at sun.reflect.NativeMethodAccessorImpl.invoke(NativeMethodAccessorImpl.java:57)
	at sun.reflect.DelegatingMethodAccessorImpl.invoke(DelegatingMethodAccessorImpl.java:43)
	at java.lang.reflect.Method.invoke(Method.java:606)
	at org.testng.internal.MethodInvocationHelper.invokeMethod(MethodInvocationHelper.java:84)
	at org.testng.internal.Invoker.invokeMethod(Invoker.java:714)
	at org.testng.internal.Invoker.retryFailed(Invoker.java:1049)
	at org.testng.internal.Invoker.invokeTestMethods(Invoker.java:1254)
	at org.testng.internal.TestMethodWorker.invokeTestMethods(TestMethodWorker.java:127)
	at org.testng.internal.TestMethodWorker.run(TestMethodWorker.java:111)
	at org.testng.TestRunner.privateRun(TestRunner.java:767)
	at org.testng.TestRunner.run(TestRunner.java:617)
	at org.testng.SuiteRunner.runTest(SuiteRunner.java:334)
	at org.testng.SuiteRunner.runSequentially(SuiteRunner.java:329)
	at org.testng.SuiteRunner.privateRun(SuiteRunner.java:291)
	at org.testng.SuiteRunner.run(SuiteRunner.java:240)
	at org.testng.SuiteRunnerWorker.runSuite(SuiteRunnerWorker.java:52)
	at org.testng.SuiteRunnerWorker.run(SuiteRunnerWorker.java:86)
	at org.testng.TestNG.runSuitesSequentially(TestNG.java:1224)
	at org.testng.TestNG.runSuitesLocally(TestNG.java:1149)
	at org.testng.TestNG.run(TestNG.java:1057)
	at org.testng.remote.RemoteTestNG.run(RemoteTestNG.java:111)
	at org.testng.remote.RemoteTestNG.initAndRun(RemoteTestNG.java:204)
	at org.testng.remote.RemoteTestNG.main(RemoteTestNG.java:175)
]]>
    </error>
  </testcase> <!-- SoftCharacterLimit_TC1053 -->
</testsuite> <!-- com.nbcuni.test.publisher.tests.ContentEntityCreationManagement.SoftLengthLimit.SoftCharacterLimit -->
