<?xml version="1.0" encoding="UTF-8"?>
<!-- Generated by org.testng.reporters.JUnitReportReporter -->
<testsuite hostname="BACLARK77-MAC1.local" name="com.nbcuni.test.publisher.tests.SiteManagementAndReporting.SSO.SSODefinedDomains" tests="2" failures="0" timestamp="21 Jul 2014 13:16:02 GMT" time="249.242" errors="2">
  <testcase name="SSODefinedDomains_TC3474" time="123.383" classname="com.nbcuni.test.publisher.tests.SiteManagementAndReporting.SSO.SSODefinedDomains">
    <error type="java.lang.AssertionError" message="org.openqa.selenium.NoSuchElementException: no such element
  (Session info: chrome=36.0.1985.125)
  (Driver info: chromedriver=2.8.241036,platform=Mac OS X 10.9.4 x86_64) (WARNING: The server did not provide any stacktrace information)
Command duration or timeout: 20.04 seconds
For documentation on this error, please visit: http://seleniumhq.org/exceptions/no_such_element.html
Build info: version: &#039;2.35.0&#039;, revision: &#039;8df0c6bedf70ff9f22c647788f9fe9c8d22210e2&#039;, time: &#039;2013-08-17 12:46:41&#039;
System info: os.name: &#039;Mac OS X&#039;, os.arch: &#039;x86_64&#039;, os.version: &#039;10.9.4&#039;, java.version: &#039;1.7.0_25&#039;
Session ID: bcef8e1998d14e5b009cc9f7cd8029b0
Driver info: org.openqa.selenium.chrome.ChromeDriver
Capabilities [{platform=MAC, acceptSslCerts=true, javascriptEnabled=true, browserName=chrome, chrome={userDataDir=/var/folders/33/xf0ch4pd75qbhlq2gf2s58l40000gn/T/.org.chromium.Chromium.t6eKlb}, rotatable=false, locationContextEnabled=true, version=36.0.1985.125, takesHeapSnapshot=true, cssSelectorsEnabled=true, databaseEnabled=false, handlesAlerts=true, browserConnectionEnabled=false, webStorageEnabled=true, nativeEvents=true, applicationCacheEnabled=false, takesScreenshot=true}]
Command duration or timeout: 20.56 seconds
For documentation on this error, please visit: http://seleniumhq.org/exceptions/no_such_element.html
Build info: version: &#039;2.35.0&#039;, revision: &#039;8df0c6bedf70ff9f22c647788f9fe9c8d22210e2&#039;, time: &#039;2013-08-17 12:46:41&#039;
System info: os.name: &#039;Mac OS X&#039;, os.arch: &#039;x86_64&#039;, os.version: &#039;10.9.4&#039;, java.version: &#039;1.7.0_25&#039;
Session ID: d4f9f657-a88c-4815-b593-1ecfdd684416
Driver info: com.nbcuni.test.publisher.common.Driver.Driver
Capabilities [{platform=MAC, acceptSslCerts=true, javascriptEnabled=true, browserName=chrome, chrome={userDataDir=/var/folders/33/xf0ch4pd75qbhlq2gf2s58l40000gn/T/.org.chromium.Chromium.t6eKlb}, rotatable=false, locationContextEnabled=true, webdriver.remote.sessionid=d4f9f657-a88c-4815-b593-1ecfdd684416, version=36.0.1985.125, takesHeapSnapshot=true, cssSelectorsEnabled=true, databaseEnabled=false, handlesAlerts=true, browserConnectionEnabled=false, webStorageEnabled=true, nativeEvents=true, applicationCacheEnabled=false, takesScreenshot=true}]">
      <![CDATA[java.lang.AssertionError: org.openqa.selenium.NoSuchElementException: no such element
  (Session info: chrome=36.0.1985.125)
  (Driver info: chromedriver=2.8.241036,platform=Mac OS X 10.9.4 x86_64) (WARNING: The server did not provide any stacktrace information)
Command duration or timeout: 20.04 seconds
For documentation on this error, please visit: http://seleniumhq.org/exceptions/no_such_element.html
Build info: version: '2.35.0', revision: '8df0c6bedf70ff9f22c647788f9fe9c8d22210e2', time: '2013-08-17 12:46:41'
System info: os.name: 'Mac OS X', os.arch: 'x86_64', os.version: '10.9.4', java.version: '1.7.0_25'
Session ID: bcef8e1998d14e5b009cc9f7cd8029b0
Driver info: org.openqa.selenium.chrome.ChromeDriver
Capabilities [{platform=MAC, acceptSslCerts=true, javascriptEnabled=true, browserName=chrome, chrome={userDataDir=/var/folders/33/xf0ch4pd75qbhlq2gf2s58l40000gn/T/.org.chromium.Chromium.t6eKlb}, rotatable=false, locationContextEnabled=true, version=36.0.1985.125, takesHeapSnapshot=true, cssSelectorsEnabled=true, databaseEnabled=false, handlesAlerts=true, browserConnectionEnabled=false, webStorageEnabled=true, nativeEvents=true, applicationCacheEnabled=false, takesScreenshot=true}]
Command duration or timeout: 20.56 seconds
For documentation on this error, please visit: http://seleniumhq.org/exceptions/no_such_element.html
Build info: version: '2.35.0', revision: '8df0c6bedf70ff9f22c647788f9fe9c8d22210e2', time: '2013-08-17 12:46:41'
System info: os.name: 'Mac OS X', os.arch: 'x86_64', os.version: '10.9.4', java.version: '1.7.0_25'
Session ID: d4f9f657-a88c-4815-b593-1ecfdd684416
Driver info: com.nbcuni.test.publisher.common.Driver.Driver
Capabilities [{platform=MAC, acceptSslCerts=true, javascriptEnabled=true, browserName=chrome, chrome={userDataDir=/var/folders/33/xf0ch4pd75qbhlq2gf2s58l40000gn/T/.org.chromium.Chromium.t6eKlb}, rotatable=false, locationContextEnabled=true, webdriver.remote.sessionid=d4f9f657-a88c-4815-b593-1ecfdd684416, version=36.0.1985.125, takesHeapSnapshot=true, cssSelectorsEnabled=true, databaseEnabled=false, handlesAlerts=true, browserConnectionEnabled=false, webStorageEnabled=true, nativeEvents=true, applicationCacheEnabled=false, takesScreenshot=true}]
	at org.testng.Assert.fail(Assert.java:94)
	at com.nbcuni.test.publisher.tests.SiteManagementAndReporting.SSO.SSODefinedDomains.SSODefinedDomains_TC3474(SSODefinedDomains.java:143)
	at sun.reflect.NativeMethodAccessorImpl.invoke0(Native Method)
	at sun.reflect.NativeMethodAccessorImpl.invoke(NativeMethodAccessorImpl.java:57)
	at sun.reflect.DelegatingMethodAccessorImpl.invoke(DelegatingMethodAccessorImpl.java:43)
	at java.lang.reflect.Method.invoke(Method.java:606)
	at org.testng.internal.MethodInvocationHelper.invokeMethod(MethodInvocationHelper.java:84)
	at org.testng.internal.Invoker.invokeMethod(Invoker.java:714)
	at org.testng.internal.Invoker.retryFailed(Invoker.java:1049)
	at org.testng.internal.Invoker.invokeTestMethods(Invoker.java:1254)
	at org.testng.internal.TestMethodWorker.invokeTestMethods(TestMethodWorker.java:127)
	at org.testng.internal.TestMethodWorker.run(TestMethodWorker.java:111)
	at org.testng.TestRunner.privateRun(TestRunner.java:767)
	at org.testng.TestRunner.run(TestRunner.java:617)
	at org.testng.SuiteRunner.runTest(SuiteRunner.java:334)
	at org.testng.SuiteRunner.runSequentially(SuiteRunner.java:329)
	at org.testng.SuiteRunner.privateRun(SuiteRunner.java:291)
	at org.testng.SuiteRunner.run(SuiteRunner.java:240)
	at org.testng.SuiteRunnerWorker.runSuite(SuiteRunnerWorker.java:52)
	at org.testng.SuiteRunnerWorker.run(SuiteRunnerWorker.java:86)
	at org.testng.TestNG.runSuitesSequentially(TestNG.java:1224)
	at org.testng.TestNG.runSuitesLocally(TestNG.java:1149)
	at org.testng.TestNG.run(TestNG.java:1057)
	at org.testng.remote.RemoteTestNG.run(RemoteTestNG.java:111)
	at org.testng.remote.RemoteTestNG.initAndRun(RemoteTestNG.java:204)
	at org.testng.remote.RemoteTestNG.main(RemoteTestNG.java:175)
]]>
    </error>
  </testcase> <!-- SSODefinedDomains_TC3474 -->
  <testcase name="SSODefinedDomains_TC3474" time="125.859" classname="com.nbcuni.test.publisher.tests.SiteManagementAndReporting.SSO.SSODefinedDomains">
    <error type="java.lang.AssertionError" message="org.openqa.selenium.NoSuchElementException: no such element
  (Session info: chrome=36.0.1985.125)
  (Driver info: chromedriver=2.8.241036,platform=Mac OS X 10.9.4 x86_64) (WARNING: The server did not provide any stacktrace information)
Command duration or timeout: 20.01 seconds
For documentation on this error, please visit: http://seleniumhq.org/exceptions/no_such_element.html
Build info: version: &#039;2.35.0&#039;, revision: &#039;8df0c6bedf70ff9f22c647788f9fe9c8d22210e2&#039;, time: &#039;2013-08-17 12:46:41&#039;
System info: os.name: &#039;Mac OS X&#039;, os.arch: &#039;x86_64&#039;, os.version: &#039;10.9.4&#039;, java.version: &#039;1.7.0_25&#039;
Session ID: b4b09bd1f785f272d4896fbe90b76295
Driver info: org.openqa.selenium.chrome.ChromeDriver
Capabilities [{platform=MAC, acceptSslCerts=true, javascriptEnabled=true, browserName=chrome, chrome={userDataDir=/var/folders/33/xf0ch4pd75qbhlq2gf2s58l40000gn/T/.org.chromium.Chromium.lSkzqK}, rotatable=false, locationContextEnabled=true, version=36.0.1985.125, takesHeapSnapshot=true, cssSelectorsEnabled=true, databaseEnabled=false, handlesAlerts=true, browserConnectionEnabled=false, webStorageEnabled=true, nativeEvents=true, applicationCacheEnabled=false, takesScreenshot=true}]
Command duration or timeout: 20.58 seconds
For documentation on this error, please visit: http://seleniumhq.org/exceptions/no_such_element.html
Build info: version: &#039;2.35.0&#039;, revision: &#039;8df0c6bedf70ff9f22c647788f9fe9c8d22210e2&#039;, time: &#039;2013-08-17 12:46:41&#039;
System info: os.name: &#039;Mac OS X&#039;, os.arch: &#039;x86_64&#039;, os.version: &#039;10.9.4&#039;, java.version: &#039;1.7.0_25&#039;
Session ID: 18045f66-8407-4dee-9d62-f6d43f66fa80
Driver info: com.nbcuni.test.publisher.common.Driver.Driver
Capabilities [{platform=MAC, acceptSslCerts=true, javascriptEnabled=true, browserName=chrome, chrome={userDataDir=/var/folders/33/xf0ch4pd75qbhlq2gf2s58l40000gn/T/.org.chromium.Chromium.lSkzqK}, rotatable=false, locationContextEnabled=true, webdriver.remote.sessionid=18045f66-8407-4dee-9d62-f6d43f66fa80, version=36.0.1985.125, takesHeapSnapshot=true, cssSelectorsEnabled=true, databaseEnabled=false, handlesAlerts=true, browserConnectionEnabled=false, webStorageEnabled=true, nativeEvents=true, applicationCacheEnabled=false, takesScreenshot=true}]">
      <![CDATA[java.lang.AssertionError: org.openqa.selenium.NoSuchElementException: no such element
  (Session info: chrome=36.0.1985.125)
  (Driver info: chromedriver=2.8.241036,platform=Mac OS X 10.9.4 x86_64) (WARNING: The server did not provide any stacktrace information)
Command duration or timeout: 20.01 seconds
For documentation on this error, please visit: http://seleniumhq.org/exceptions/no_such_element.html
Build info: version: '2.35.0', revision: '8df0c6bedf70ff9f22c647788f9fe9c8d22210e2', time: '2013-08-17 12:46:41'
System info: os.name: 'Mac OS X', os.arch: 'x86_64', os.version: '10.9.4', java.version: '1.7.0_25'
Session ID: b4b09bd1f785f272d4896fbe90b76295
Driver info: org.openqa.selenium.chrome.ChromeDriver
Capabilities [{platform=MAC, acceptSslCerts=true, javascriptEnabled=true, browserName=chrome, chrome={userDataDir=/var/folders/33/xf0ch4pd75qbhlq2gf2s58l40000gn/T/.org.chromium.Chromium.lSkzqK}, rotatable=false, locationContextEnabled=true, version=36.0.1985.125, takesHeapSnapshot=true, cssSelectorsEnabled=true, databaseEnabled=false, handlesAlerts=true, browserConnectionEnabled=false, webStorageEnabled=true, nativeEvents=true, applicationCacheEnabled=false, takesScreenshot=true}]
Command duration or timeout: 20.58 seconds
For documentation on this error, please visit: http://seleniumhq.org/exceptions/no_such_element.html
Build info: version: '2.35.0', revision: '8df0c6bedf70ff9f22c647788f9fe9c8d22210e2', time: '2013-08-17 12:46:41'
System info: os.name: 'Mac OS X', os.arch: 'x86_64', os.version: '10.9.4', java.version: '1.7.0_25'
Session ID: 18045f66-8407-4dee-9d62-f6d43f66fa80
Driver info: com.nbcuni.test.publisher.common.Driver.Driver
Capabilities [{platform=MAC, acceptSslCerts=true, javascriptEnabled=true, browserName=chrome, chrome={userDataDir=/var/folders/33/xf0ch4pd75qbhlq2gf2s58l40000gn/T/.org.chromium.Chromium.lSkzqK}, rotatable=false, locationContextEnabled=true, webdriver.remote.sessionid=18045f66-8407-4dee-9d62-f6d43f66fa80, version=36.0.1985.125, takesHeapSnapshot=true, cssSelectorsEnabled=true, databaseEnabled=false, handlesAlerts=true, browserConnectionEnabled=false, webStorageEnabled=true, nativeEvents=true, applicationCacheEnabled=false, takesScreenshot=true}]
	at org.testng.Assert.fail(Assert.java:94)
	at com.nbcuni.test.publisher.tests.SiteManagementAndReporting.SSO.SSODefinedDomains.SSODefinedDomains_TC3474(SSODefinedDomains.java:143)
	at sun.reflect.NativeMethodAccessorImpl.invoke0(Native Method)
	at sun.reflect.NativeMethodAccessorImpl.invoke(NativeMethodAccessorImpl.java:57)
	at sun.reflect.DelegatingMethodAccessorImpl.invoke(DelegatingMethodAccessorImpl.java:43)
	at java.lang.reflect.Method.invoke(Method.java:606)
	at org.testng.internal.MethodInvocationHelper.invokeMethod(MethodInvocationHelper.java:84)
	at org.testng.internal.Invoker.invokeMethod(Invoker.java:714)
	at org.testng.internal.Invoker.invokeTestMethod(Invoker.java:901)
	at org.testng.internal.Invoker.invokeTestMethods(Invoker.java:1231)
	at org.testng.internal.TestMethodWorker.invokeTestMethods(TestMethodWorker.java:127)
	at org.testng.internal.TestMethodWorker.run(TestMethodWorker.java:111)
	at org.testng.TestRunner.privateRun(TestRunner.java:767)
	at org.testng.TestRunner.run(TestRunner.java:617)
	at org.testng.SuiteRunner.runTest(SuiteRunner.java:334)
	at org.testng.SuiteRunner.runSequentially(SuiteRunner.java:329)
	at org.testng.SuiteRunner.privateRun(SuiteRunner.java:291)
	at org.testng.SuiteRunner.run(SuiteRunner.java:240)
	at org.testng.SuiteRunnerWorker.runSuite(SuiteRunnerWorker.java:52)
	at org.testng.SuiteRunnerWorker.run(SuiteRunnerWorker.java:86)
	at org.testng.TestNG.runSuitesSequentially(TestNG.java:1224)
	at org.testng.TestNG.runSuitesLocally(TestNG.java:1149)
	at org.testng.TestNG.run(TestNG.java:1057)
	at org.testng.remote.RemoteTestNG.run(RemoteTestNG.java:111)
	at org.testng.remote.RemoteTestNG.initAndRun(RemoteTestNG.java:204)
	at org.testng.remote.RemoteTestNG.main(RemoteTestNG.java:175)
]]>
    </error>
  </testcase> <!-- SSODefinedDomains_TC3474 -->
</testsuite> <!-- com.nbcuni.test.publisher.tests.SiteManagementAndReporting.SSO.SSODefinedDomains -->
