<?xml version="1.0" encoding="UTF-8"?>
<!-- Generated by org.testng.reporters.JUnitReportReporter -->
<testsuite hostname="localhost" name="com.nbcuni.test.publisher.tests.Advertising.MPS.MPSConfigurationPage" tests="1" failures="0" timestamp="25 Jun 2014 12:20:54 GMT" time="57.254" errors="1">
  <testcase name="MPSConfigurationPage_TC3306" time="57.254" classname="com.nbcuni.test.publisher.tests.Advertising.MPS.MPSConfigurationPage">
    <error type="java.lang.AssertionError" message="Source &#039;var mpscall = {&quot;site&quot;:&quot;sandbox&quot;,&quot;title&quot;:&quot;Welcome to Site-Install&quot;,&quot;path&quot;:&quot;\/&quot;,&quot;qs&quot;:&quot;&quot;,&quot;cat&quot;:&quot;node&quot;,&quot;content_id&quot;:&quot;&quot;,&quot;is_content&quot;:0,&quot;type&quot;:&quot;&quot;,&quot;cag&quot;:&quot;&quot;,&quot;envelope&quot;:&quot;&quot;,&quot;pubdate&quot;:&quot;&quot;}&#039; is not present in page. expected [true] but found [false]">
      <![CDATA[java.lang.AssertionError: Source 'var mpscall = {"site":"sandbox","title":"Welcome to Site-Install","path":"\/","qs":"","cat":"node","content_id":"","is_content":0,"type":"","cag":"","envelope":"","pubdate":""}' is not present in page. expected [true] but found [false]
	at org.testng.Assert.fail(Assert.java:94)
	at org.testng.Assert.failNotEquals(Assert.java:494)
	at org.testng.Assert.assertTrue(Assert.java:42)
	at com.nbcuni.test.publisher.pageobjects.Content.ContentParent.VerifySourceInPage(ContentParent.java:158)
	at com.nbcuni.test.publisher.tests.Advertising.MPS.MPSConfigurationPage.MPSConfigurationPage_TC3306(MPSConfigurationPage.java:46)
	at sun.reflect.NativeMethodAccessorImpl.invoke0(Native Method)
	at sun.reflect.NativeMethodAccessorImpl.invoke(NativeMethodAccessorImpl.java:57)
	at sun.reflect.DelegatingMethodAccessorImpl.invoke(DelegatingMethodAccessorImpl.java:43)
	at java.lang.reflect.Method.invoke(Method.java:606)
	at org.testng.internal.MethodInvocationHelper.invokeMethod(MethodInvocationHelper.java:84)
	at org.testng.internal.Invoker.invokeMethod(Invoker.java:714)
	at org.testng.internal.Invoker.invokeTestMethod(Invoker.java:901)
	at org.testng.internal.Invoker.invokeTestMethods(Invoker.java:1231)
	at org.testng.internal.TestMethodWorker.invokeTestMethods(TestMethodWorker.java:127)
	at org.testng.internal.TestMethodWorker.run(TestMethodWorker.java:111)
	at org.testng.TestRunner.privateRun(TestRunner.java:767)
	at org.testng.TestRunner.run(TestRunner.java:617)
	at org.testng.SuiteRunner.runTest(SuiteRunner.java:334)
	at org.testng.SuiteRunner.runSequentially(SuiteRunner.java:329)
	at org.testng.SuiteRunner.privateRun(SuiteRunner.java:291)
	at org.testng.SuiteRunner.run(SuiteRunner.java:240)
	at org.testng.SuiteRunnerWorker.runSuite(SuiteRunnerWorker.java:52)
	at org.testng.SuiteRunnerWorker.run(SuiteRunnerWorker.java:86)
	at org.testng.TestNG.runSuitesSequentially(TestNG.java:1224)
	at org.testng.TestNG.runSuitesLocally(TestNG.java:1149)
	at org.testng.TestNG.run(TestNG.java:1057)
	at org.testng.remote.RemoteTestNG.run(RemoteTestNG.java:111)
	at org.testng.remote.RemoteTestNG.initAndRun(RemoteTestNG.java:204)
	at org.testng.remote.RemoteTestNG.main(RemoteTestNG.java:175)
]]>
    </error>
  </testcase> <!-- MPSConfigurationPage_TC3306 -->
</testsuite> <!-- com.nbcuni.test.publisher.tests.Advertising.MPS.MPSConfigurationPage -->
