<?xml version="1.0" encoding="UTF-8"?>
<!-- Generated by org.testng.reporters.JUnitReportReporter -->
<testsuite hostname="BACLARK77-MAC1.local" name="com.nbcuni.test.publisher.tests.Commerce.CreatePubFeatureSetModules" tests="1" failures="1" timestamp="9 Oct 2014 21:01:06 GMT" time="6.040" errors="0">
  <testcase name="CreatePubFeatureSetModules_TC4061" time="6.040" classname="com.nbcuni.test.publisher.tests.Commerce.CreatePubFeatureSetModules">
    <failure type="org.testng.SkipException" message="TestSetup Failed - Skipping test CreatePubFeatureSetModules_TC4061">
      <![CDATA[org.testng.SkipException: TestSetup Failed - Skipping test CreatePubFeatureSetModules_TC4061
	at com.nbcuni.test.publisher.common.TestListeners.onTestStart(TestListeners.java:50)
	at org.testng.internal.Invoker.runTestListeners(Invoker.java:1904)
	at org.testng.internal.Invoker.runTestListeners(Invoker.java:1879)
	at org.testng.internal.Invoker.invokeMethod(Invoker.java:685)
	at org.testng.internal.Invoker.invokeTestMethod(Invoker.java:901)
	at org.testng.internal.Invoker.invokeTestMethods(Invoker.java:1231)
	at org.testng.internal.TestMethodWorker.invokeTestMethods(TestMethodWorker.java:127)
	at org.testng.internal.TestMethodWorker.run(TestMethodWorker.java:111)
	at java.util.concurrent.ThreadPoolExecutor.runWorker(ThreadPoolExecutor.java:1145)
	at java.util.concurrent.ThreadPoolExecutor$Worker.run(ThreadPoolExecutor.java:615)
	at java.lang.Thread.run(Thread.java:724)
]]>
    </failure>
  </testcase> <!-- CreatePubFeatureSetModules_TC4061 -->
</testsuite> <!-- com.nbcuni.test.publisher.tests.Commerce.CreatePubFeatureSetModules -->
